    0.006 D <> Log initialized.
    0.006 D MultiMC 5, (c) 2013-2017 MultiMC Contributors
    0.006 D Version                    :  "0.6.1-1177"
    0.006 D Git commit                 :  "595d1571802b7d7ec1128a92a653f2ed7bdabb3c"
    0.006 D Git refspec                :  "refs/heads/stable"
    0.006 D Work dir before adjustment :  "D:/OldRix/OldRix Client v2.0 License"
    0.006 D Work dir after adjustment  :  "D:/OldRix/OldRix Client v2.0 License"
    0.006 D Adjusted by                :  "Fallback to binary path D:/OldRix/OldRix Client v2.0 License"
    0.006 D Binary path                :  "D:/OldRix/OldRix Client v2.0 License"
    0.007 D Application root path      :  "D:/OldRix/OldRix Client v2.0 License"
    0.007 D <> Paths set.
    0.010 D Detected default console font: "Courier" , substitutions: ""
    0.010 D <> Settings loaded.
    0.011 D Loading Application Language File for ru ...
    0.011 D Your language is "ru"
    0.011 D <> Translations loaded.
    0.011 D <> Updater started.
    0.013 D Started watching  "D:/OldRix/OldRix Client v2.0 License/icons"
    0.014 D <> Instance icons intialized.
    0.014 D <> Icon themes initialized.
    0.014 D ""
    0.014 D Loading theme "custom"
    0.015 D <> Widget themes initialized.
    0.015 D Instance path              :  "instances"
    0.016 D Loading Instances...
    0.016 D Found instance ID "НоваяЭра- UltraHardcore"
    0.016 D Found instance ID "НоваяЭра- UltraTech"
    0.017 D Loaded instance  "НоваяЭра: UltraHardcore"  from  "D:/OldRix/OldRix Client v2.0 License/instances/НоваяЭра- UltraHardcore"
    0.018 D Loaded instance  "НоваяЭра: UltraTech"  from  "D:/OldRix/OldRix Client v2.0 License/instances/НоваяЭра- UltraTech"
    0.018 D <> Instances loaded.
    0.018 D Loading accounts...
    0.018 C "Failed to read the account list file (accounts.json)."
    0.018 D <> Accounts loaded.
    0.019 D <> Cache initialized.
    0.019 D Detecting proxy settings...
    0.019 D Using no proxy is an option!
    0.019 D <> Proxy settings done.
    0.019 D Downloading Translations Index...
    0.019 D Task "NetJob(Translations Index)" started
    0.025 D <> Icon theme set.
    0.025 D <> Application theme set.
    0.025 D <> Initialized analytics with tid "UA-87731965-2"
    0.059 W QMetaObject::connectSlotsByName: No matching signal for on_actionInstanceSettings_triggered()
    0.064 D Task "NetJob(Status JSON)" started
    0.078 D Reloading news.
    0.078 D Task "NetJob(News RSS Feed)" started
    0.078 D Checking for updates.
    0.078 D Channel list isn't loaded yet. Loading channel list and deferring update check.
    0.078 D Loading the channel list.
    0.078 D Task "NetJob(Update System Channel List)" started
    0.078 D Task "NetJob(Checking for notifications)" started
    0.179 D Viewport size "838x563"
    0.179 D RAM size is 16329 MB
    0.179 D [Analytics] "ScreenView: Main Window"
    0.179 D <> Main window shown.
    0.179 D Task "NetJob(Translations Index)" succeeded
    0.180 D Got translations index!
    0.180 D Task "NetJob(Translation for ru)" started
    0.180 D Download cache hit  "http://files.multimc.org/translations/index"
    0.181 D Downloading  "http://status.mojang.com/check"
    0.704 D Downloading  "http://multimc.org/rss.xml"
    0.704 D Downloading  "http://files.multimc.org/update/win32/channels.json"
    0.705 D Downloading  "http://files.multimc.org/notifications.json"
    0.744 D Downloading  "http://files.multimc.org/translations/ru.qm"
    1.562 D Location header: QUrl("https://multimc.org/rss.xml")
    1.562 D Following redirect to  "https://multimc.org/rss.xml"
    1.562 D Downloading  "https://multimc.org/rss.xml"
    1.563 D Download redirected: "https://multimc.org/rss.xml"
    1.565 D Download succeeded: "http://files.multimc.org/translations/ru.qm"
    1.565 D Task "NetJob(Translation for ru)" succeeded
    1.565 D Got translation: "ru"
    1.566 D Loading Application Language File for ru ...
    1.610 D Download succeeded: "http://status.mojang.com/check"
    1.610 D Task "NetJob(Status JSON)" succeeded
    1.610 D Finished loading status JSON.
    1.610 D Status loading succeeded.
    1.718 D Download succeeded: "http://files.multimc.org/notifications.json"
    1.757 D Task "NetJob(Checking for notifications)" succeeded
    1.757 D Download succeeded: "http://files.multimc.org/update/win32/channels.json"
    1.757 D Task "NetJob(Update System Channel List)" succeeded
    1.758 D Successfully loaded UpdateChecker channel list.
    1.758 D Checking for updates.
    1.758 D m_repoUrl =  "http://files.multimc.org/update/win32/stable/"
    1.758 D Task "NetJob(GoUpdate Repository Index)" started
    1.758 D Downloading  "http://files.multimc.org/update/win32/stable/index.json"
    1.813 D Download succeeded: "https://multimc.org/rss.xml"
    1.813 D Task "NetJob(News RSS Feed)" succeeded
    1.813 D Finished loading RSS feed.
    1.814 D Loaded news entry "MultiMC 0.6.1 released!"
    1.814 D Loaded news entry "MultiMC 0.6.0 released!"
    1.814 D Loaded news entry "Introducing the Archive"
    1.814 D Loaded news entry "MultiMC 0.5.1 - Bugfixes"
    1.814 D Loaded news entry "MultiMC 0.5.0 - Running multiple instances at the same time!"
    1.814 D Loaded news entry "Update to 0.4.11 - OSX 10.7 fix and workaround for Minecraft 1.9 compatibility"
    1.814 D Loaded news entry "Update to 0.4.10 - Another wifi fix"
    1.814 D Loaded news entry "Update to 0.4.9 - the Windows wifi fix"
    1.814 D Loaded news entry "Update to 0.4.8"
    1.814 D Loaded news entry "Update to 0.4.7, what 0.4.6 should have been."
    1.814 D Loaded news entry "Update to 0.4.6, Bug fixes and improvements!"
    1.815 D Loaded news entry "Update to 0.4.5, Translations, Themes, and Technic"
    1.815 D Loaded news entry "Version 0.4 out - Jar mods, UI changes, and more!"
    1.815 D Loaded news entry "Introducing QuickMods - A better way to install mods"
    1.815 D Loaded news entry "Support us on Patreon!"
    1.815 D Loaded news entry "Heartbleed Vulnerability Update (fixed!)"
    1.815 D Loaded news entry "Announcing MultiMC 6"
    1.815 D Loaded news entry "MultiMC 5 - 0.3 update"
    1.815 D Loaded news entry "First official MultiMC 5 release!"
    1.815 D Loaded news entry "MultiMC Status Update"
    1.815 D News loading succeeded.
    1.839 D Download succeeded: "http://files.multimc.org/update/win32/stable/index.json"
    1.839 D Task "NetJob(GoUpdate Repository Index)" succeeded
    1.839 D Finished downloading repo index. Checking for new versions.
    1.839 D Processing repository version list.
