    0.006 D <> Log initialized.
    0.006 D MultiMC 5, (c) 2013-2017 MultiMC Contributors
    0.006 D Version                    :  "0.6.1-1177"
    0.006 D Git commit                 :  "595d1571802b7d7ec1128a92a653f2ed7bdabb3c"
    0.006 D Git refspec                :  "refs/heads/stable"
    0.006 D Work dir before adjustment :  "D:/MultiMC"
    0.006 D Work dir after adjustment  :  "D:/MultiMC"
    0.006 D Adjusted by                :  "Fallback to binary path D:/MultiMC"
    0.006 D Binary path                :  "D:/MultiMC"
    0.006 D Application root path      :  "D:/MultiMC"
    0.007 D <> Paths set.
    0.009 D Detected default console font: "Courier" , substitutions: ""
    0.010 D <> Settings loaded.
    0.012 D Loading Application Language File for ru ...
    0.012 D Your language is "ru"
    0.012 D <> Translations loaded.
    0.012 D <> Updater started.
    0.014 D Started watching  "D:/MultiMC/icons"
    0.015 D <> Instance icons intialized.
    0.016 D <> Icon themes initialized.
    0.016 D ""
    0.016 D Loading theme "custom"
    0.018 D <> Widget themes initialized.
    0.018 D Instance path              :  "instances"
    0.019 D Loading Instances...
    0.019 D Found instance ID "НоваяЭра- UltraHardcore"
    0.019 D Found instance ID "НоваяЭра- UltraTech"
    0.020 D Loaded instance  "НоваяЭра: UltraHardcore"  from  "D:/MultiMC/instances/НоваяЭра- UltraHardcore"
    0.021 D Loaded instance  "НоваяЭра: UltraTech"  from  "D:/MultiMC/instances/НоваяЭра- UltraTech"
    0.021 D <> Instances loaded.
    0.022 D Loading accounts...
    0.022 D <> Accounts loaded.
    0.022 D <> Cache initialized.
    0.022 D Detecting proxy settings...
    0.023 D Using no proxy is an option!
    0.023 D <> Proxy settings done.
    0.023 D Downloading Translations Index...
    0.023 D Task "NetJob(Translations Index)" started
    0.029 D <> Icon theme set.
    0.029 D <> Application theme set.
    0.029 D <> Initialized analytics with tid "UA-87731965-2"
    0.053 D Task "JavaListLoadTask(0x38fbf80)" started
    0.054 D Probing the following Java paths: 
    0.054 D   "C:/Program Files/Java/jre1.8.0_161/bin/javaw.exe"
    0.054 D   "C:/Program Files/Java/jre8/bin/javaw.exe"
    0.054 D   "C:/Program Files/Java/jre7/bin/javaw.exe"
    0.054 D   "C:/Program Files/Java/jre6/bin/javaw.exe"
    0.054 D   "C:/Program Files (x86)/Java/jre8/bin/javaw.exe"
    0.054 D   "C:/Program Files (x86)/Java/jre7/bin/javaw.exe"
    0.054 D   "C:/Program Files (x86)/Java/jre6/bin/javaw.exe"
    0.054 D   "javaw"
    0.054 D Task "JavaCheckerJob(0x38fc098)" started
    0.054 D "Java detection"  started.
    0.054 D Env: ignoring "JAVA_HOME" "C:\\Program Files\\Java\\jdk1.8.0_161"
    0.054 D "Running java checker: C:/Program Files/Java/jre1.8.0_161/bin/javaw.exe-jar D:/MultiMC/jars/JavaCheck.jar"
    0.091 D Env: ignoring "JAVA_HOME" "C:\\Program Files\\Java\\jdk1.8.0_161"
    0.091 D "Running java checker: C:/Program Files/Java/jre8/bin/javaw.exe-jar D:/MultiMC/jars/JavaCheck.jar"
    0.092 D Java checker has failed to start.
    0.092 D "Java detection" progress: 1 / 8
    0.092 D Env: ignoring "JAVA_HOME" "C:\\Program Files\\Java\\jdk1.8.0_161"
    0.092 D "Running java checker: C:/Program Files/Java/jre7/bin/javaw.exe-jar D:/MultiMC/jars/JavaCheck.jar"
    0.092 D Java checker has failed to start.
    0.092 D "Java detection" progress: 2 / 8
    0.092 D Env: ignoring "JAVA_HOME" "C:\\Program Files\\Java\\jdk1.8.0_161"
    0.092 D "Running java checker: C:/Program Files/Java/jre6/bin/javaw.exe-jar D:/MultiMC/jars/JavaCheck.jar"
    0.093 D Java checker has failed to start.
    0.093 D "Java detection" progress: 3 / 8
    0.093 D Env: ignoring "JAVA_HOME" "C:\\Program Files\\Java\\jdk1.8.0_161"
    0.093 D "Running java checker: C:/Program Files (x86)/Java/jre8/bin/javaw.exe-jar D:/MultiMC/jars/JavaCheck.jar"
    0.093 D Java checker has failed to start.
    0.093 D "Java detection" progress: 4 / 8
    0.093 D Env: ignoring "JAVA_HOME" "C:\\Program Files\\Java\\jdk1.8.0_161"
    0.093 D "Running java checker: C:/Program Files (x86)/Java/jre7/bin/javaw.exe-jar D:/MultiMC/jars/JavaCheck.jar"
    0.094 D Java checker has failed to start.
    0.094 D "Java detection" progress: 5 / 8
    0.094 D Env: ignoring "JAVA_HOME" "C:\\Program Files\\Java\\jdk1.8.0_161"
    0.094 D "Running java checker: C:/Program Files (x86)/Java/jre6/bin/javaw.exe-jar D:/MultiMC/jars/JavaCheck.jar"
    0.094 D Java checker has failed to start.
    0.094 D "Java detection" progress: 6 / 8
    0.094 D Env: ignoring "JAVA_HOME" "C:\\Program Files\\Java\\jdk1.8.0_161"
    0.094 D "Running java checker: javaw-jar D:/MultiMC/jars/JavaCheck.jar"
    0.186 D Task "NetJob(Translations Index)" succeeded
    0.186 D Got translations index!
    0.187 D Task "NetJob(Translation for ru)" started
    0.187 D Download cache hit  "http://files.multimc.org/translations/index"
    0.227 D Downloading  "http://files.multimc.org/translations/ru.qm"
    0.721 D STDOUT "os.arch=amd64\njava.version=1.8.0_161\n"
    0.721 W STDERR ""
    0.721 D Java checker finished with status  QProcess::ExitStatus(NormalExit)  exit code  0
    0.721 D Java checker succeeded.
    0.721 D "Java detection" progress: 7 / 8
    0.723 D STDOUT "os.arch=amd64\njava.version=1.8.0_161\n"
    0.723 W STDERR ""
    0.723 D Java checker finished with status  QProcess::ExitStatus(NormalExit)  exit code  0
    0.723 D Java checker succeeded.
    0.723 D "Java detection" progress: 8 / 8
    0.724 D Task "JavaCheckerJob(0x38fc098)" succeeded
    0.724 D Found the following valid Java installations:
    0.724 D   "1.8.0_161" "64" "C:/Program Files/Java/jre1.8.0_161/bin/javaw.exe"
    0.724 D   "1.8.0_161" "64" "javaw"
    0.724 D Task "JavaListLoadTask(0x38fbf80)" succeeded
    0.730 D Env: ignoring "JAVA_HOME" "C:\\Program Files\\Java\\jdk1.8.0_161"
    0.730 D "Running java checker: javaw-Xms512m -Xmx6016m -jar D:/MultiMC/jars/JavaCheck.jar"
    1.389 D Download succeeded: "http://files.multimc.org/translations/ru.qm"
    1.389 D Task "NetJob(Translation for ru)" succeeded
    1.389 D Got translation: "ru"
    1.389 D Loading Application Language File for ru ...
    1.452 D STDOUT "os.arch=amd64\njava.version=1.8.0_161\n"
    1.453 W STDERR ""
    1.453 D Java checker finished with status  QProcess::ExitStatus(NormalExit)  exit code  0
    1.453 D Java checker succeeded.
    5.334 D Env: ignoring "JAVA_HOME" "C:\\Program Files\\Java\\jdk1.8.0_161"
    5.334 D "Running java checker: C:/Program Files/Java/jre1.8.0_161/bin/javaw.exe-Xms512m -Xmx6016m -jar D:/MultiMC/jars/JavaCheck.jar"
    5.460 D STDOUT "os.arch=amd64\njava.version=1.8.0_161\n"
    5.460 W STDERR ""
    5.460 D Java checker finished with status  QProcess::ExitStatus(NormalExit)  exit code  0
    5.460 D Java checker succeeded.
    7.625 D Env: ignoring "JAVA_HOME" "C:\\Program Files\\Java\\jdk1.8.0_161"
    7.625 D "Running java checker: javaw-Xms512m -Xmx6016m -jar D:/MultiMC/jars/JavaCheck.jar"
    7.745 D STDOUT "os.arch=amd64\njava.version=1.8.0_161\n"
    7.745 W STDERR ""
    7.745 D Java checker finished with status  QProcess::ExitStatus(NormalExit)  exit code  0
    7.745 D Java checker succeeded.
   10.311 D Wizard result = 1
   10.349 W QMetaObject::connectSlotsByName: No matching signal for on_actionInstanceSettings_triggered()
   10.351 D Task "NetJob(Status JSON)" started
   10.356 D Task "NetJob(Startup player skins download)" started
   10.356 D Reloading news.
   10.356 D Task "NetJob(News RSS Feed)" started
   10.356 D Checking for updates.
   10.356 D Channel list isn't loaded yet. Loading channel list and deferring update check.
   10.356 D Loading the channel list.
   10.357 D Task "NetJob(Update System Channel List)" started
   10.357 D Task "NetJob(Checking for notifications)" started
   10.471 D Viewport size "838x563"
   10.471 D RAM size is 16329 MB
   10.471 D [Analytics] "ScreenView: Main Window"
   10.471 D <> Main window shown.
   10.495 D Downloading  "http://status.mojang.com/check"
   10.496 D Downloading  "https://crafatar.com/skins/c09a8e7ac2f4498081635b91bb86273d.png"
   10.496 D Downloading  "http://multimc.org/rss.xml"
   10.497 D Downloading  "http://files.multimc.org/update/win32/channels.json"
   10.505 D Downloading  "http://files.multimc.org/notifications.json"
   10.620 D Location header: QUrl("https://multimc.org/rss.xml")
   10.620 D Following redirect to  "https://multimc.org/rss.xml"
   10.620 D Downloading  "https://multimc.org/rss.xml"
   10.620 D Download redirected: "https://multimc.org/rss.xml"
   10.638 D Download succeeded: "http://files.multimc.org/notifications.json"
   10.983 D Task "NetJob(Checking for notifications)" succeeded
   10.985 D Download succeeded: "http://files.multimc.org/update/win32/channels.json"
   10.985 D Task "NetJob(Update System Channel List)" succeeded
   10.985 D Successfully loaded UpdateChecker channel list.
   10.985 D Checking for updates.
   10.985 D m_repoUrl =  "http://files.multimc.org/update/win32/stable/"
   10.985 D Task "NetJob(GoUpdate Repository Index)" started
   10.986 D Downloading  "http://files.multimc.org/update/win32/stable/index.json"
   10.987 D Download succeeded: "http://status.mojang.com/check"
   10.987 D Task "NetJob(Status JSON)" succeeded
   10.988 D Finished loading status JSON.
   10.988 D Status loading succeeded.
   11.091 D Download succeeded: "https://crafatar.com/skins/c09a8e7ac2f4498081635b91bb86273d.png"
   11.091 D Task "NetJob(Startup player skins download)" succeeded
   11.137 D Download succeeded: "http://files.multimc.org/update/win32/stable/index.json"
   11.137 D Task "NetJob(GoUpdate Repository Index)" succeeded
   11.137 D Finished downloading repo index. Checking for new versions.
   11.137 D Processing repository version list.
   11.168 D Download succeeded: "https://multimc.org/rss.xml"
   11.168 D Task "NetJob(News RSS Feed)" succeeded
   11.168 D Finished loading RSS feed.
   11.169 D Loaded news entry "MultiMC 0.6.1 released!"
   11.169 D Loaded news entry "MultiMC 0.6.0 released!"
   11.169 D Loaded news entry "Introducing the Archive"
   11.169 D Loaded news entry "MultiMC 0.5.1 - Bugfixes"
   11.169 D Loaded news entry "MultiMC 0.5.0 - Running multiple instances at the same time!"
   11.169 D Loaded news entry "Update to 0.4.11 - OSX 10.7 fix and workaround for Minecraft 1.9 compatibility"
   11.169 D Loaded news entry "Update to 0.4.10 - Another wifi fix"
   11.169 D Loaded news entry "Update to 0.4.9 - the Windows wifi fix"
   11.169 D Loaded news entry "Update to 0.4.8"
   11.169 D Loaded news entry "Update to 0.4.7, what 0.4.6 should have been."
   11.169 D Loaded news entry "Update to 0.4.6, Bug fixes and improvements!"
   11.169 D Loaded news entry "Update to 0.4.5, Translations, Themes, and Technic"
   11.169 D Loaded news entry "Version 0.4 out - Jar mods, UI changes, and more!"
   11.169 D Loaded news entry "Introducing QuickMods - A better way to install mods"
   11.169 D Loaded news entry "Support us on Patreon!"
   11.169 D Loaded news entry "Heartbleed Vulnerability Update (fixed!)"
   11.169 D Loaded news entry "Announcing MultiMC 6"
   11.170 D Loaded news entry "MultiMC 5 - 0.3 update"
   11.170 D Loaded news entry "First official MultiMC 5 release!"
   11.170 D Loaded news entry "MultiMC Status Update"
   11.170 D News loading succeeded.
   11.935 D Task "LaunchController(0x60b6bc0)" started
   11.937 D Task "RefreshTask(0x7c5b938)" started
   12.424 D Processing authentication response.
   12.424 D Getting new access token.
   12.424 D Finished reading refresh response.
   12.425 D Task "RefreshTask(0x7c5b938)" succeeded
   12.425 D Writing account list to "accounts.json"
   12.425 D Building JSON data structure.
   12.425 D Building account array.
   12.425 D Writing account list to file.
   12.426 D Saved account list to "accounts.json"
   15.287 D Task "LaunchTask(0x609dd88)" started
   15.287 D Task "TextPrint(0x7d8585c)" started
   15.287 D Task "TextPrint(0x7d8585c)" succeeded
   15.287 D Task "TextPrint(0x7d8549c)" started
   15.287 D Task "TextPrint(0x7d8549c)" succeeded
   15.287 D Task "CheckJava(0x609df78)" started
   15.288 D Env: ignoring "JAVA_HOME" "C:\\Program Files\\Java\\jdk1.8.0_161"
   15.288 D "Running java checker: C:/ProgramData/Oracle/Java/javapath/javaw.exe-jar D:/MultiMC/jars/JavaCheck.jar"
   15.413 D STDOUT "os.arch=amd64\njava.version=1.8.0_161\n"
   15.413 W STDERR ""
   15.413 D Java checker finished with status  QProcess::ExitStatus(NormalExit)  exit code  0
   15.413 D Java checker succeeded.
   15.638 D Task "CheckJava(0x609df78)" succeeded
   15.638 D Task "ClaimAccount(0x7ca470c)" started
   15.638 D Writing account list to "accounts.json"
   15.639 D Building JSON data structure.
   15.639 D Building account array.
   15.639 D Writing account list to file.
   15.640 D Saved account list to "accounts.json"
   15.640 W Account "slava.basser@mail.ru" is now in use.
   15.640 D Task "ClaimAccount(0x7ca470c)" succeeded
   15.640 D Task "Update(0x7ca4e5c)" started
   15.642 D Task "OneSixUpdate(0x7d85510)" started
   15.664 D Task "ComponentUpdateTask(0x7c9bd90)" started
   15.664 D Loading components
   15.680 D Task "NetJob(Скачиваем index.json файла(ов) обновления.)" started
   15.680 D Remote loading is being run for metadata index
   15.703 D Task "NetJob(Скачиваем org.lwjgl/2.9.4-nightly-20150209.json файла(ов) обновления.)" started
   15.703 D Remote loading is being run for "LWJGL 2"
   15.711 D Task "NetJob(Скачиваем net.minecraft/1.10.2.json файла(ов) обновления.)" started
   15.711 D Remote loading is being run for "Minecraft"
   15.720 D Task "NetJob(Скачиваем net.minecraftforge/12.18.3.2477.json файла(ов) обновления.)" started
   15.720 D Remote loading is being run for "Forge"
   15.720 D Task "FoldersTask(0x7d91174)" started
   15.720 D Task "FoldersTask(0x7d91174)" succeeded
   15.731 D Downloading  "https://v1.meta.multimc.org/index.json"
   15.732 D Downloading  "https://v1.meta.multimc.org/org.lwjgl/2.9.4-nightly-20150209.json"
   15.733 D Downloading  "https://v1.meta.multimc.org/net.minecraft/1.10.2.json"
   15.736 D Downloading  "https://v1.meta.multimc.org/net.minecraftforge/12.18.3.2477.json"
   15.998 D Download succeeded: "https://v1.meta.multimc.org/org.lwjgl/2.9.4-nightly-20150209.json"
   15.998 D Task "NetJob(Скачиваем org.lwjgl/2.9.4-nightly-20150209.json файла(ов) обновления.)" succeeded
   15.998 D Remote task 1 succeeded
   15.998 D Component list save is scheduled for "НоваяЭра: UltraTech"
   16.045 D Download succeeded: "https://v1.meta.multimc.org/index.json"
   16.045 D Task "NetJob(Скачиваем index.json файла(ов) обновления.)" succeeded
   16.045 D Remote task 0 succeeded
   16.099 D Download succeeded: "https://v1.meta.multimc.org/net.minecraftforge/12.18.3.2477.json"
   16.099 D Task "NetJob(Скачиваем net.minecraftforge/12.18.3.2477.json файла(ов) обновления.)" succeeded
   16.099 D Remote task 3 succeeded
   16.161 D Download succeeded: "https://v1.meta.multimc.org/net.minecraft/1.10.2.json"
   16.161 D Task "NetJob(Скачиваем net.minecraft/1.10.2.json файла(ов) обновления.)" succeeded
   16.161 D Remote task 2 succeeded
   16.161 D Resolving dependencies
   16.161 D "Req: net.minecraft == 1.10.2" Is met.
   16.161 D "Req: org.lwjgl" Is met.
   16.161 D Task "ComponentUpdateTask(0x7c9bd90)" succeeded
   16.161 D Component list update/resolve task succeeded for "НоваяЭра: UltraTech"
   16.161 D Task "LibrariesTask(0x7d85edc)" started
   16.163 D "НоваяЭра: UltraTech" : downloading libraries
   16.163 D Applying "org.lwjgl" GOOD
   16.163 D Applying "net.minecraft" GOOD
   16.164 D Applying "net.minecraftforge" GOOD
   16.257 D Task "NetJob(Библиотеки для сборки НоваяЭра: UltraTech)" started
   16.258 D Task "NetJob(Библиотеки для сборки НоваяЭра: UltraTech)" succeeded
   16.258 D Task "LibrariesTask(0x7d85edc)" succeeded
   16.258 D Task "FMLLibrariesTask(0x7ca1ed4)" started
   16.258 D Task "FMLLibrariesTask(0x7ca1ed4)" succeeded
   16.258 D Task "AssetUpdateTask(0x7d85fdc)" started
   16.272 D Asset index SHA1: "72241db3c0bdc39e39b202182ff0000da5271a1d"
   16.272 D "НоваяЭра: UltraTech" : Starting asset index download
   16.272 D Task "NetJob(Индекс ресурса для НоваяЭра: UltraTech)" started
   16.274 D Downloading  "https://launchermeta.mojang.com/mc/assets/1.10/72241db3c0bdc39e39b202182ff0000da5271a1d/1.10.json"
   16.545 D Download succeeded: "https://launchermeta.mojang.com/mc/assets/1.10/72241db3c0bdc39e39b202182ff0000da5271a1d/1.10.json"
   16.545 D Task "NetJob(Индекс ресурса для НоваяЭра: UltraTech)" succeeded
   16.545 D "НоваяЭра: UltraTech" : Finished asset index download
   17.348 D Task "AssetUpdateTask(0x7d85fdc)" succeeded
   17.348 D Task "OneSixUpdate(0x7d85510)" succeeded
   17.348 D Task "Update(0x7ca4e5c)" succeeded
   17.348 D Task "ModMinecraftJar(0x7d75f34)" started
   17.348 D Task "ModMinecraftJar(0x7d75f34)" succeeded
   17.348 D Task "PrintInstanceInfo(0x7d8531c)" started
   18.081 D reconstructAssets "assets" "assets/indexes" "assets/objects" "assets/virtual" "assets/virtual/1.10"
   18.087 D Task "PrintInstanceInfo(0x7d8531c)" succeeded
   18.087 D Task "CreateServerResourcePacksFolder(0x7d75f6c)" started
   18.087 D Task "CreateServerResourcePacksFolder(0x7d75f6c)" succeeded
   18.087 D Task "ExtractNatives(0x7d7614c)" started
   18.203 D Task "ExtractNatives(0x7d7614c)" succeeded
   18.204 D Task "LauncherPartLaunch(0x7ca9494)" started
   18.204 D reconstructAssets "assets" "assets/indexes" "assets/objects" "assets/virtual" "assets/virtual/1.10"
   18.209 D Env: ignoring "JAVA_HOME" "C:\\Program Files\\Java\\jdk1.8.0_161"
   18.210 D "-XX:HeapDumpPath=MojangTricksIntelDriversForPerformance_javaw.exe_minecraft.exe.heapdump -Xms512m -Xmx6016m -Duser.language=en -Djava.library.path=D:/MultiMC/instances/НоваяЭра- UltraTech/natives -cp D:/MultiMC/jars/NewLaunch.jar;D:/MultiMC/libraries/net/java/jinput/jinput/2.0.5/jinput-2.0.5.jar;D:/MultiMC/libraries/net/java/jutils/jutils/1.0.0/jutils-1.0.0.jar;D:/MultiMC/libraries/org/lwjgl/lwjgl/lwjgl/2.9.4-nightly-20150209/lwjgl-2.9.4-nightly-20150209.jar;D:/MultiMC/libraries/org/lwjgl/lwjgl/lwjgl_util/2.9.4-nightly-20150209/lwjgl_util-2.9.4-nightly-20150209.jar;D:/MultiMC/libraries/com/mojang/netty/1.6/netty-1.6.jar;D:/MultiMC/libraries/oshi-project/oshi-core/1.1/oshi-core-1.1.jar;D:/MultiMC/libraries/net/java/dev/jna/jna/3.4.0/jna-3.4.0.jar;D:/MultiMC/libraries/net/java/dev/jna/platform/3.4.0/platform-3.4.0.jar;D:/MultiMC/libraries/com/ibm/icu/icu4j-core-mojang/51.2/icu4j-core-mojang-51.2.jar;D:/MultiMC/libraries/net/sf/jopt-simple/jopt-simple/4.6/jopt-simple-4.6.jar;D:/MultiMC/libraries/com/paulscode/codecjorbis/20101023/codecjorbis-20101023.jar;D:/MultiMC/libraries/com/paulscode/codecwav/20101023/codecwav-20101023.jar;D:/MultiMC/libraries/com/paulscode/libraryjavasound/20101123/libraryjavasound-20101123.jar;D:/MultiMC/libraries/com/paulscode/librarylwjglopenal/20100824/librarylwjglopenal-20100824.jar;D:/MultiMC/libraries/com/paulscode/soundsystem/20120107/soundsystem-20120107.jar;D:/MultiMC/libraries/io/netty/netty-all/4.0.23.Final/netty-all-4.0.23.Final.jar;D:/MultiMC/libraries/com/google/guava/guava/17.0/guava-17.0.jar;D:/MultiMC/libraries/org/apache/commons/commons-lang3/3.3.2/commons-lang3-3.3.2.jar;D:/MultiMC/libraries/commons-io/commons-io/2.4/commons-io-2.4.jar;D:/MultiMC/libraries/commons-codec/commons-codec/1.9/commons-codec-1.9.jar;D:/MultiMC/libraries/com/google/code/gson/gson/2.2.4/gson-2.2.4.jar;D:/MultiMC/libraries/com/mojang/authlib/1.5.22/authlib-1.5.22.jar;D:/MultiMC/libraries/com/mojang/realms/1.9.8/realms-1.9.8.jar;D:/MultiMC/libraries/org/apache/commons/commons-compress/1.8.1/commons-compress-1.8.1.jar;D:/MultiMC/libraries/org/apache/httpcomponents/httpclient/4.3.3/httpclient-4.3.3.jar;D:/MultiMC/libraries/commons-logging/commons-logging/1.1.3/commons-logging-1.1.3.jar;D:/MultiMC/libraries/org/apache/httpcomponents/httpcore/4.3.2/httpcore-4.3.2.jar;D:/MultiMC/libraries/it/unimi/dsi/fastutil/7.0.12_mojang/fastutil-7.0.12_mojang.jar;D:/MultiMC/libraries/org/apache/logging/log4j/log4j-api/2.0-beta9/log4j-api-2.0-beta9.jar;D:/MultiMC/libraries/org/apache/logging/log4j/log4j-core/2.0-beta9/log4j-core-2.0-beta9.jar;D:/MultiMC/libraries/net/minecraftforge/forge/1.10.2-12.18.3.2477/forge-1.10.2-12.18.3.2477-universal.jar;D:/MultiMC/libraries/net/minecraft/launchwrapper/1.12/launchwrapper-1.12.jar;D:/MultiMC/libraries/org/ow2/asm/asm-all/5.0.3/asm-all-5.0.3.jar;D:/MultiMC/libraries/jline/jline/2.13/jline-2.13.jar;D:/MultiMC/libraries/com/typesafe/akka/akka-actor_2.11/2.3.3/akka-actor_2.11-2.3.3.jar;D:/MultiMC/libraries/com/typesafe/config/1.2.1/config-1.2.1.jar;D:/MultiMC/libraries/org/scala-lang/scala-actors-migration_2.11/1.1.0/scala-actors-migration_2.11-1.1.0.jar;D:/MultiMC/libraries/org/scala-lang/scala-compiler/2.11.1/scala-compiler-2.11.1.jar;D:/MultiMC/libraries/org/scala-lang/plugins/scala-continuations-library_2.11/1.0.2/scala-continuations-library_2.11-1.0.2.jar;D:/MultiMC/libraries/org/scala-lang/plugins/scala-continuations-plugin_2.11.1/1.0.2/scala-continuations-plugin_2.11.1-1.0.2.jar;D:/MultiMC/libraries/org/scala-lang/scala-library/2.11.1/scala-library-2.11.1.jar;D:/MultiMC/libraries/org/scala-lang/scala-parser-combinators_2.11/1.0.1/scala-parser-combinators_2.11-1.0.1.jar;D:/MultiMC/libraries/org/scala-lang/scala-reflect/2.11.1/scala-reflect-2.11.1.jar;D:/MultiMC/libraries/org/scala-lang/scala-swing_2.11/1.0.1/scala-swing_2.11-1.0.1.jar;D:/MultiMC/libraries/org/scala-lang/scala-xml_2.11/1.0.2/scala-xml_2.11-1.0.2.jar;D:/MultiMC/libraries/lzma/lzma/0.0.1/lzma-0.0.1.jar;D:/MultiMC/libraries/java3d/vecmath/1.5.2/vecmath-1.5.2.jar;D:/MultiMC/libraries/net/sf/trove4j/trove4j/3.0.3/trove4j-3.0.3.jar;D:/MultiMC/libraries/com/mojang/minecraft/1.10.2/minecraft-1.10.2-client.jar org.multimc.EntryPoint"
   18.399 W QCoreApplication::postEvent: Unexpected null receiver
   20.997 D Component list save performed now for "НоваяЭра: UltraTech"
   30.034 D [Analytics] "Query string = v=1&tid=UA-87731965-2&cid=745243ba-b287-4d40-8917-cebefaf89b9d&t=screenview&ul=ru-ru&vp=838x563&sr=1920x1080&aip=1&cd=Main Window&an=MultiMC5&av=0.6.1-1177&cd1=1.8.0_161&cd2=64&cd3=64&cd4=64&cd5=Windows&cd6=10.0&cm1=512&cm2=6016&cm3=16329&qt=19563"
   30.188 D [Analytics] "Message sent"
   70.339 D Task "NetJob(Status JSON)" started
   70.339 D Downloading  "http://status.mojang.com/check"
   70.477 D Download succeeded: "http://status.mojang.com/check"
   70.477 D Task "NetJob(Status JSON)" succeeded
   70.477 D Finished loading status JSON.
   70.477 D Status loading succeeded.
  130.348 D Task "NetJob(Status JSON)" started
  130.348 D Downloading  "http://status.mojang.com/check"
  130.488 D Download succeeded: "http://status.mojang.com/check"
  130.489 D Task "NetJob(Status JSON)" succeeded
  130.489 D Finished loading status JSON.
  130.489 D Status loading succeeded.
  190.339 D Task "NetJob(Status JSON)" started
  190.339 D Downloading  "http://status.mojang.com/check"
  190.482 D Download succeeded: "http://status.mojang.com/check"
  190.482 D Task "NetJob(Status JSON)" succeeded
  190.482 D Finished loading status JSON.
  190.482 D Status loading succeeded.
  250.348 D Task "NetJob(Status JSON)" started
  250.348 D Downloading  "http://status.mojang.com/check"
  250.490 D Download succeeded: "http://status.mojang.com/check"
  250.490 D Task "NetJob(Status JSON)" succeeded
  250.490 D Finished loading status JSON.
  250.490 D Status loading succeeded.
  310.341 D Task "NetJob(Status JSON)" started
  310.342 D Downloading  "http://status.mojang.com/check"
  310.480 D Download succeeded: "http://status.mojang.com/check"
  310.480 D Task "NetJob(Status JSON)" succeeded
  310.480 D Finished loading status JSON.
  310.480 D Status loading succeeded.
  370.341 D Task "NetJob(Status JSON)" started
  370.342 D Downloading  "http://status.mojang.com/check"
  370.485 D Download succeeded: "http://status.mojang.com/check"
  370.485 D Task "NetJob(Status JSON)" succeeded
  370.485 D Finished loading status JSON.
  370.485 D Status loading succeeded.
  413.377 D Task "LauncherPartLaunch(0x7ca9494)" succeeded
  413.380 D Writing account list to "accounts.json"
  413.381 D Building JSON data structure.
  413.381 D Building account array.
  413.381 D Writing account list to file.
  413.381 D Saved account list to "accounts.json"
  413.382 W Account "slava.basser@mail.ru" is no longer in use.
  413.535 D Task "LaunchTask(0x609dd88)" succeeded
  413.535 D Task "LaunchController(0x60b6bc0)" succeeded
  430.346 D Task "NetJob(Status JSON)" started
  430.346 D Downloading  "http://status.mojang.com/check"
  430.492 D Download succeeded: "http://status.mojang.com/check"
  430.492 D Task "NetJob(Status JSON)" succeeded
  430.492 D Finished loading status JSON.
  430.492 D Status loading succeeded.
  460.444 D Task "LaunchController(0x7e79778)" started
  460.447 D Task "RefreshTask(0x7f03180)" started
  460.937 D Processing authentication response.
  460.937 D Getting new access token.
  460.937 D Finished reading refresh response.
  460.938 D Task "RefreshTask(0x7f03180)" succeeded
  460.938 D Writing account list to "accounts.json"
  460.939 D Building JSON data structure.
  460.939 D Building account array.
  460.939 D Writing account list to file.
  460.940 D Saved account list to "accounts.json"
  463.764 D Task "LaunchTask(0x7e797c8)" started
  463.765 D Task "TextPrint(0x7e8924c)" started
  463.765 D Task "TextPrint(0x7e8924c)" succeeded
  463.765 D Task "TextPrint(0x7e8958c)" started
  463.766 D Task "TextPrint(0x7e8958c)" succeeded
  463.766 D Task "CheckJava(0x7e79e68)" started
  463.767 D Task "CheckJava(0x7e79e68)" succeeded
  463.767 D Task "ClaimAccount(0x39124cc)" started
  463.767 D Writing account list to "accounts.json"
  463.767 D Building JSON data structure.
  463.767 D Building account array.
  463.768 D Writing account list to file.
  463.768 D Saved account list to "accounts.json"
  463.769 W Account "slava.basser@mail.ru" is now in use.
  463.769 D Task "ClaimAccount(0x39124cc)" succeeded
  463.769 D Task "Update(0x391279c)" started
  463.770 D Task "OneSixUpdate(0x7e893c0)" started
  463.771 D Task "ComponentUpdateTask(0x7cc62b8)" started
  463.771 D Loading components
  463.771 D Index is already loaded
  463.771 D Component list save is scheduled for "НоваяЭра: UltraTech"
  463.771 D Resolving dependencies
  463.772 D "Req: net.minecraft == 1.10.2" Is met.
  463.772 D "Req: org.lwjgl" Is met.
  463.772 D Task "ComponentUpdateTask(0x7cc62b8)" succeeded
  463.772 D Component list update/resolve task succeeded for "НоваяЭра: UltraTech"
  463.772 D Task "FoldersTask(0x7c5de64)" started
  463.772 D Task "FoldersTask(0x7c5de64)" succeeded
  463.772 D Task "LibrariesTask(0x7e895cc)" started
  463.772 D "НоваяЭра: UltraTech" : downloading libraries
  463.772 D Applying "org.lwjgl" GOOD
  463.772 D Applying "net.minecraft" GOOD
  463.772 D Applying "net.minecraftforge" GOOD
  463.778 D Task "NetJob(Библиотеки для сборки НоваяЭра: UltraTech)" started
  463.789 D Task "NetJob(Библиотеки для сборки НоваяЭра: UltraTech)" succeeded
  463.789 D Task "LibrariesTask(0x7e895cc)" succeeded
  463.789 D Task "FMLLibrariesTask(0x7cad534)" started
  463.789 D Task "FMLLibrariesTask(0x7cad534)" succeeded
  463.789 D Task "AssetUpdateTask(0x7e896cc)" started
  463.790 D Asset index SHA1: "72241db3c0bdc39e39b202182ff0000da5271a1d"
  463.790 D "НоваяЭра: UltraTech" : Starting asset index download
  463.790 D Task "NetJob(Индекс ресурса для НоваяЭра: UltraTech)" started
  463.797 D Downloading  "https://launchermeta.mojang.com/mc/assets/1.10/72241db3c0bdc39e39b202182ff0000da5271a1d/1.10.json"
  464.023 D Download succeeded: "https://launchermeta.mojang.com/mc/assets/1.10/72241db3c0bdc39e39b202182ff0000da5271a1d/1.10.json"
  464.023 D Task "NetJob(Индекс ресурса для НоваяЭра: UltraTech)" succeeded
  464.023 D "НоваяЭра: UltraTech" : Finished asset index download
  464.075 D Task "AssetUpdateTask(0x7e896cc)" succeeded
  464.076 D Task "OneSixUpdate(0x7e893c0)" succeeded
  464.076 D Task "Update(0x391279c)" succeeded
  464.077 D Task "ModMinecraftJar(0x7c5d02c)" started
  464.078 D Task "ModMinecraftJar(0x7c5d02c)" succeeded
  464.078 D Task "PrintInstanceInfo(0x7e8944c)" started
  464.803 D reconstructAssets "assets" "assets/indexes" "assets/objects" "assets/virtual" "assets/virtual/1.10"
  464.808 D Task "PrintInstanceInfo(0x7e8944c)" succeeded
  464.808 D Task "CreateServerResourcePacksFolder(0x7c5cce4)" started
  464.808 D Task "CreateServerResourcePacksFolder(0x7c5cce4)" succeeded
  464.808 D Task "ExtractNatives(0x7c5d304)" started
  464.827 D Task "ExtractNatives(0x7c5d304)" succeeded
  464.827 D Task "LauncherPartLaunch(0x7f8e5dc)" started
  464.827 D reconstructAssets "assets" "assets/indexes" "assets/objects" "assets/virtual" "assets/virtual/1.10"
  464.832 D Env: ignoring "JAVA_HOME" "C:\\Program Files\\Java\\jdk1.8.0_161"
  464.833 D "-XX:HeapDumpPath=MojangTricksIntelDriversForPerformance_javaw.exe_minecraft.exe.heapdump -Xms512m -Xmx6016m -Duser.language=en -Djava.library.path=D:/MultiMC/instances/НоваяЭра- UltraTech/natives -cp D:/MultiMC/jars/NewLaunch.jar;D:/MultiMC/libraries/net/java/jinput/jinput/2.0.5/jinput-2.0.5.jar;D:/MultiMC/libraries/net/java/jutils/jutils/1.0.0/jutils-1.0.0.jar;D:/MultiMC/libraries/org/lwjgl/lwjgl/lwjgl/2.9.4-nightly-20150209/lwjgl-2.9.4-nightly-20150209.jar;D:/MultiMC/libraries/org/lwjgl/lwjgl/lwjgl_util/2.9.4-nightly-20150209/lwjgl_util-2.9.4-nightly-20150209.jar;D:/MultiMC/libraries/com/mojang/netty/1.6/netty-1.6.jar;D:/MultiMC/libraries/oshi-project/oshi-core/1.1/oshi-core-1.1.jar;D:/MultiMC/libraries/net/java/dev/jna/jna/3.4.0/jna-3.4.0.jar;D:/MultiMC/libraries/net/java/dev/jna/platform/3.4.0/platform-3.4.0.jar;D:/MultiMC/libraries/com/ibm/icu/icu4j-core-mojang/51.2/icu4j-core-mojang-51.2.jar;D:/MultiMC/libraries/net/sf/jopt-simple/jopt-simple/4.6/jopt-simple-4.6.jar;D:/MultiMC/libraries/com/paulscode/codecjorbis/20101023/codecjorbis-20101023.jar;D:/MultiMC/libraries/com/paulscode/codecwav/20101023/codecwav-20101023.jar;D:/MultiMC/libraries/com/paulscode/libraryjavasound/20101123/libraryjavasound-20101123.jar;D:/MultiMC/libraries/com/paulscode/librarylwjglopenal/20100824/librarylwjglopenal-20100824.jar;D:/MultiMC/libraries/com/paulscode/soundsystem/20120107/soundsystem-20120107.jar;D:/MultiMC/libraries/io/netty/netty-all/4.0.23.Final/netty-all-4.0.23.Final.jar;D:/MultiMC/libraries/com/google/guava/guava/17.0/guava-17.0.jar;D:/MultiMC/libraries/org/apache/commons/commons-lang3/3.3.2/commons-lang3-3.3.2.jar;D:/MultiMC/libraries/commons-io/commons-io/2.4/commons-io-2.4.jar;D:/MultiMC/libraries/commons-codec/commons-codec/1.9/commons-codec-1.9.jar;D:/MultiMC/libraries/com/google/code/gson/gson/2.2.4/gson-2.2.4.jar;D:/MultiMC/libraries/com/mojang/authlib/1.5.22/authlib-1.5.22.jar;D:/MultiMC/libraries/com/mojang/realms/1.9.8/realms-1.9.8.jar;D:/MultiMC/libraries/org/apache/commons/commons-compress/1.8.1/commons-compress-1.8.1.jar;D:/MultiMC/libraries/org/apache/httpcomponents/httpclient/4.3.3/httpclient-4.3.3.jar;D:/MultiMC/libraries/commons-logging/commons-logging/1.1.3/commons-logging-1.1.3.jar;D:/MultiMC/libraries/org/apache/httpcomponents/httpcore/4.3.2/httpcore-4.3.2.jar;D:/MultiMC/libraries/it/unimi/dsi/fastutil/7.0.12_mojang/fastutil-7.0.12_mojang.jar;D:/MultiMC/libraries/org/apache/logging/log4j/log4j-api/2.0-beta9/log4j-api-2.0-beta9.jar;D:/MultiMC/libraries/org/apache/logging/log4j/log4j-core/2.0-beta9/log4j-core-2.0-beta9.jar;D:/MultiMC/libraries/net/minecraftforge/forge/1.10.2-12.18.3.2477/forge-1.10.2-12.18.3.2477-universal.jar;D:/MultiMC/libraries/net/minecraft/launchwrapper/1.12/launchwrapper-1.12.jar;D:/MultiMC/libraries/org/ow2/asm/asm-all/5.0.3/asm-all-5.0.3.jar;D:/MultiMC/libraries/jline/jline/2.13/jline-2.13.jar;D:/MultiMC/libraries/com/typesafe/akka/akka-actor_2.11/2.3.3/akka-actor_2.11-2.3.3.jar;D:/MultiMC/libraries/com/typesafe/config/1.2.1/config-1.2.1.jar;D:/MultiMC/libraries/org/scala-lang/scala-actors-migration_2.11/1.1.0/scala-actors-migration_2.11-1.1.0.jar;D:/MultiMC/libraries/org/scala-lang/scala-compiler/2.11.1/scala-compiler-2.11.1.jar;D:/MultiMC/libraries/org/scala-lang/plugins/scala-continuations-library_2.11/1.0.2/scala-continuations-library_2.11-1.0.2.jar;D:/MultiMC/libraries/org/scala-lang/plugins/scala-continuations-plugin_2.11.1/1.0.2/scala-continuations-plugin_2.11.1-1.0.2.jar;D:/MultiMC/libraries/org/scala-lang/scala-library/2.11.1/scala-library-2.11.1.jar;D:/MultiMC/libraries/org/scala-lang/scala-parser-combinators_2.11/1.0.1/scala-parser-combinators_2.11-1.0.1.jar;D:/MultiMC/libraries/org/scala-lang/scala-reflect/2.11.1/scala-reflect-2.11.1.jar;D:/MultiMC/libraries/org/scala-lang/scala-swing_2.11/1.0.1/scala-swing_2.11-1.0.1.jar;D:/MultiMC/libraries/org/scala-lang/scala-xml_2.11/1.0.2/scala-xml_2.11-1.0.2.jar;D:/MultiMC/libraries/lzma/lzma/0.0.1/lzma-0.0.1.jar;D:/MultiMC/libraries/java3d/vecmath/1.5.2/vecmath-1.5.2.jar;D:/MultiMC/libraries/net/sf/trove4j/trove4j/3.0.3/trove4j-3.0.3.jar;D:/MultiMC/libraries/com/mojang/minecraft/1.10.2/minecraft-1.10.2-client.jar org.multimc.EntryPoint"
  465.003 W QCoreApplication::postEvent: Unexpected null receiver
  468.763 D Component list save performed now for "НоваяЭра: UltraTech"
  490.348 D Task "NetJob(Status JSON)" started
  490.348 D Downloading  "http://status.mojang.com/check"
  490.491 D Download succeeded: "http://status.mojang.com/check"
  490.491 D Task "NetJob(Status JSON)" succeeded
  490.491 D Finished loading status JSON.
  490.491 D Status loading succeeded.
  550.345 D Task "NetJob(Status JSON)" started
  550.346 D Downloading  "http://status.mojang.com/check"
  550.490 D Download succeeded: "http://status.mojang.com/check"
  550.490 D Task "NetJob(Status JSON)" succeeded
  550.490 D Finished loading status JSON.
  550.490 D Status loading succeeded.
  610.339 D Task "NetJob(Status JSON)" started
  610.340 D Downloading  "http://status.mojang.com/check"
  610.484 D Download succeeded: "http://status.mojang.com/check"
  610.484 D Task "NetJob(Status JSON)" succeeded
  610.484 D Finished loading status JSON.
  610.484 D Status loading succeeded.
  635.419 D Task "LauncherPartLaunch(0x7f8e5dc)" succeeded
  635.422 D Writing account list to "accounts.json"
  635.422 D Building JSON data structure.
  635.422 D Building account array.
  635.422 D Writing account list to file.
  635.422 D Saved account list to "accounts.json"
  635.423 W Account "slava.basser@mail.ru" is no longer in use.
  635.457 D Task "LaunchTask(0x7e797c8)" succeeded
  635.457 D Task "LaunchController(0x7e79778)" succeeded
