[00:21:00] [Client thread/INFO]: Setting user: maksachv
[00:21:05] [Client thread/WARN]: Skipping bad option: lastServer:
[00:21:05] [Client thread/INFO]: LWJGL Version: 2.9.4
[00:21:14] [Client thread/INFO]: Reloading ResourceManager: Default, FMLFileResourcePack:Forge Mod Loader, FMLFileResourcePack:Minecraft Forge, FMLFileResourcePack:Advanced Machines, FMLFileResourcePack:Advanced Solar Panels, FMLFileResourcePack:Applied Energistics 2, FMLFileResourcePack:ChickenChunks, FMLFileResourcePack:Chisel, FMLFileResourcePack:CodeChicken Core, FMLFileResourcePack:CodeChicken Lib, FMLFileResourcePack:ccl-entityhook, FMLFileResourcePack:CoFH Core, FMLFileResourcePack:CT-GUI, FMLFileResourcePack:MineTweaker 3, FMLFileResourcePack:CraftTweaker JEI Support, FMLFileResourcePack:CTM, FMLFileResourcePack:EnderCore, FMLFileResourcePack:Ender IO, FMLFileResourcePack:EnderStorage, FMLFileResourcePack:Extra Cells 2, FMLFileResourcePack:Extra Utilities 2, FMLFileResourcePack:Extreme Reactors, FMLFileResourcePack:Fast Leaf Decay, FMLFileResourcePack:Forestry, FMLFileResourcePack:Forge Microblocks, FMLFileResourcePack:Forge Multipart CBE, FMLFileResourcePack:Minecraft Multipart Plugin, FMLFileResourcePack:FTBLib, FMLFileResourcePack:FTBUtilities, FMLFileResourcePack:Gravestone Mod, FMLFileResourcePack:Gravitation Suite, FMLFileResourcePack:IndustrialCraft 2, FMLFileResourcePack:Inventory Tweaks, FMLFileResourcePack:Iron Chest, FMLFileResourcePack:Just Enough Items, FMLFileResourcePack:JEI Bees, FMLFileResourcePack:JEI Integration, FMLFileResourcePack:JourneyMap, FMLFileResourcePack:Just Enough Resources, FMLFileResourcePack:Mantle, FMLFileResourcePack:MineFactory Reloaded, FMLFileResourcePack:MFR Compat: Vanilla, FMLFileResourcePack:Mod Tweaker, FMLFileResourcePack:MrTJPCore, FMLFileResourcePack:MTLib, FMLFileResourcePack:ProjectRed Core, FMLFileResourcePack:ProjectRed Fabrication, FMLFileResourcePack:ProjectRed integration, FMLFileResourcePack:ProjectRed Transmission, FMLFileResourcePack:ProjectRed Illumination, FMLFileResourcePack:ProjectRed Expansion, FMLFileResourcePack:ProjectRed Transportation, FMLFileResourcePack:ProjectRed Exploration, FMLFileResourcePack:Railcraft, FMLFileResourcePack:RebornCore, FMLFileResourcePack:reborncore-MCMultiPart, FMLFileResourcePack:Steve's Carts 2, FMLFileResourcePack:Steve's Factory Manager, FMLFileResourcePack:Tinkers' Construct, FMLFileResourcePack:TESLA, FMLFileResourcePack:Thermal Dynamics, FMLFileResourcePack:Thermal Expansion, FMLFileResourcePack:Thermal Foundation, FMLFileResourcePack:Waila, FMLFileResourcePack:Waila Harvestability, FMLFileResourcePack:WirelessRedstone-CBE, FMLFileResourcePack:Zero CORE
[00:21:41] [Client thread/WARN]: File minecraft:sounds/gearswitch.ogg does not exist, cannot add it to event stevescarts:gearswitch
[00:21:41] [Client thread/WARN]: File minecraft:sounds/win.ogg does not exist, cannot add it to event stevescarts:win
[00:21:41] [Client thread/WARN]: File minecraft:sounds/boop1.ogg does not exist, cannot add it to event stevescarts:boop
[00:21:41] [Client thread/WARN]: File minecraft:sounds/boop2.ogg does not exist, cannot add it to event stevescarts:boop
[00:21:41] [Client thread/WARN]: File minecraft:sounds/boop3.ogg does not exist, cannot add it to event stevescarts:boop
[00:21:41] [Client thread/WARN]: File minecraft:sounds/gameover.ogg does not exist, cannot add it to event stevescarts:gameover
[00:21:41] [Client thread/WARN]: File minecraft:sounds/1lines.ogg does not exist, cannot add it to event stevescarts:1lines
[00:21:41] [Client thread/WARN]: File minecraft:sounds/2lines.ogg does not exist, cannot add it to event stevescarts:2lines
[00:21:41] [Client thread/WARN]: File minecraft:sounds/3lines.ogg does not exist, cannot add it to event stevescarts:3lines
[00:21:41] [Client thread/WARN]: File minecraft:sounds/4lines.ogg does not exist, cannot add it to event stevescarts:4lines
[00:21:41] [Client thread/WARN]: File minecraft:sounds/highscore.ogg does not exist, cannot add it to event stevescarts:highscore
[00:21:41] [Client thread/WARN]: File minecraft:sounds/hit.ogg does not exist, cannot add it to event stevescarts:hit
[00:21:41] [Client thread/WARN]: File minecraft:sounds/click.ogg does not exist, cannot add it to event stevescarts:click
[00:21:41] [Client thread/WARN]: File minecraft:sounds/blobclick.ogg does not exist, cannot add it to event stevescarts:blobclick
[00:21:41] [Client thread/WARN]: File minecraft:sounds/flagclick.ogg does not exist, cannot add it to event stevescarts:flagclick
[00:21:41] [Client thread/WARN]: File minecraft:sounds/goodjob.ogg does not exist, cannot add it to event stevescarts:goodjob
[00:21:41] [Sound Library Loader/INFO]: Starting up SoundSystem...
[00:21:41] [Thread-12/INFO]: Initializing LWJGL OpenAL
[00:21:41] [Thread-12/INFO]: (The LWJGL binding of OpenAL.  For more information, see http://www.lwjgl.org)
[00:21:41] [Thread-12/INFO]: OpenAL initialized.
[00:21:41] [Sound Library Loader/INFO]: Sound engine started
[00:21:48] [Client thread/INFO]: Created: 16x16 textures-atlas
[00:22:03] [Client thread/INFO]: Reloading ResourceManager: Default, FMLFileResourcePack:Forge Mod Loader, FMLFileResourcePack:Minecraft Forge, FMLFileResourcePack:Advanced Machines, FMLFileResourcePack:Advanced Solar Panels, FMLFileResourcePack:Applied Energistics 2, FMLFileResourcePack:ChickenChunks, FMLFileResourcePack:Chisel, FMLFileResourcePack:CodeChicken Core, FMLFileResourcePack:CodeChicken Lib, FMLFileResourcePack:ccl-entityhook, FMLFileResourcePack:CoFH Core, FMLFileResourcePack:CT-GUI, FMLFileResourcePack:MineTweaker 3, FMLFileResourcePack:CraftTweaker JEI Support, FMLFileResourcePack:CTM, FMLFileResourcePack:EnderCore, FMLFileResourcePack:Ender IO, FMLFileResourcePack:EnderStorage, FMLFileResourcePack:Extra Cells 2, FMLFileResourcePack:Extra Utilities 2, FMLFileResourcePack:Extreme Reactors, FMLFileResourcePack:Fast Leaf Decay, FMLFileResourcePack:Forestry, FMLFileResourcePack:Forge Microblocks, FMLFileResourcePack:Forge Multipart CBE, FMLFileResourcePack:Minecraft Multipart Plugin, FMLFileResourcePack:FTBLib, FMLFileResourcePack:FTBUtilities, FMLFileResourcePack:Gravestone Mod, FMLFileResourcePack:Gravitation Suite, FMLFileResourcePack:IndustrialCraft 2, FMLFileResourcePack:Inventory Tweaks, FMLFileResourcePack:Iron Chest, FMLFileResourcePack:Just Enough Items, FMLFileResourcePack:JEI Bees, FMLFileResourcePack:JEI Integration, FMLFileResourcePack:JourneyMap, FMLFileResourcePack:Just Enough Resources, FMLFileResourcePack:Mantle, FMLFileResourcePack:MineFactory Reloaded, FMLFileResourcePack:MFR Compat: Vanilla, FMLFileResourcePack:Mod Tweaker, FMLFileResourcePack:MrTJPCore, FMLFileResourcePack:MTLib, FMLFileResourcePack:ProjectRed Core, FMLFileResourcePack:ProjectRed Fabrication, FMLFileResourcePack:ProjectRed integration, FMLFileResourcePack:ProjectRed Transmission, FMLFileResourcePack:ProjectRed Illumination, FMLFileResourcePack:ProjectRed Expansion, FMLFileResourcePack:ProjectRed Transportation, FMLFileResourcePack:ProjectRed Exploration, FMLFileResourcePack:Railcraft, FMLFileResourcePack:RebornCore, FMLFileResourcePack:reborncore-MCMultiPart, FMLFileResourcePack:Steve's Carts 2, FMLFileResourcePack:Steve's Factory Manager, FMLFileResourcePack:Tinkers' Construct, FMLFileResourcePack:TESLA, FMLFileResourcePack:Thermal Dynamics, FMLFileResourcePack:Thermal Expansion, FMLFileResourcePack:Thermal Foundation, FMLFileResourcePack:Waila, FMLFileResourcePack:Waila Harvestability, FMLFileResourcePack:WirelessRedstone-CBE, FMLFileResourcePack:Zero CORE
[00:22:03] [Client thread/WARN]: File minecraft:sounds/gearswitch.ogg does not exist, cannot add it to event stevescarts:gearswitch
[00:22:03] [Client thread/WARN]: File minecraft:sounds/win.ogg does not exist, cannot add it to event stevescarts:win
[00:22:03] [Client thread/WARN]: File minecraft:sounds/boop1.ogg does not exist, cannot add it to event stevescarts:boop
[00:22:03] [Client thread/WARN]: File minecraft:sounds/boop2.ogg does not exist, cannot add it to event stevescarts:boop
[00:22:03] [Client thread/WARN]: File minecraft:sounds/boop3.ogg does not exist, cannot add it to event stevescarts:boop
[00:22:03] [Client thread/WARN]: File minecraft:sounds/gameover.ogg does not exist, cannot add it to event stevescarts:gameover
[00:22:03] [Client thread/WARN]: File minecraft:sounds/1lines.ogg does not exist, cannot add it to event stevescarts:1lines
[00:22:03] [Client thread/WARN]: File minecraft:sounds/2lines.ogg does not exist, cannot add it to event stevescarts:2lines
[00:22:03] [Client thread/WARN]: File minecraft:sounds/3lines.ogg does not exist, cannot add it to event stevescarts:3lines
[00:22:03] [Client thread/WARN]: File minecraft:sounds/4lines.ogg does not exist, cannot add it to event stevescarts:4lines
[00:22:03] [Client thread/WARN]: File minecraft:sounds/highscore.ogg does not exist, cannot add it to event stevescarts:highscore
[00:22:03] [Client thread/WARN]: File minecraft:sounds/hit.ogg does not exist, cannot add it to event stevescarts:hit
[00:22:03] [Client thread/WARN]: File minecraft:sounds/click.ogg does not exist, cannot add it to event stevescarts:click
[00:22:03] [Client thread/WARN]: File minecraft:sounds/blobclick.ogg does not exist, cannot add it to event stevescarts:blobclick
[00:22:03] [Client thread/WARN]: File minecraft:sounds/flagclick.ogg does not exist, cannot add it to event stevescarts:flagclick
[00:22:03] [Client thread/WARN]: File minecraft:sounds/goodjob.ogg does not exist, cannot add it to event stevescarts:goodjob
[00:22:03] [Client thread/INFO]: SoundSystem shutting down...
[00:22:04] [Client thread/WARN]: Author: Paul Lamb, www.paulscode.com
[00:22:04] [Sound Library Loader/INFO]: Starting up SoundSystem...
[00:22:04] [Thread-20/INFO]: Initializing LWJGL OpenAL
[00:22:04] [Thread-20/INFO]: (The LWJGL binding of OpenAL.  For more information, see http://www.lwjgl.org)
[00:22:04] [Thread-20/INFO]: OpenAL initialized.
[00:22:04] [Sound Library Loader/INFO]: Sound engine started
[00:22:12] [Client thread/ERROR]: Using missing texture, unable to load chisel:textures/blocks/ironpane/fenceIronTop.png, java.io.FileNotFoundException
[00:22:12] [Client thread/ERROR]: Using missing texture, unable to load chisel:textures/blocks/ironpane/barbedwire.png, java.io.FileNotFoundException
[00:22:12] [Client thread/ERROR]: Using missing texture, unable to load chisel:textures/blocks/futura/controllerpurple.png, java.io.FileNotFoundException
[00:22:12] [Client thread/ERROR]: Using missing texture, unable to load chisel:textures/blocks/ironpane/spikes.png, java.io.FileNotFoundException
[00:22:12] [Client thread/ERROR]: Using missing texture, unable to load chisel:textures/blocks/ironpane/cage.png, java.io.FileNotFoundException
[00:22:12] [Client thread/ERROR]: Using missing texture, unable to load extrautils2:textures/xu_demonic_metal.png, java.io.FileNotFoundException
[00:22:13] [Client thread/ERROR]: Using missing texture, unable to load chisel:textures/blocks/ironpane/bars.png, java.io.FileNotFoundException
[00:22:13] [Client thread/ERROR]: Using missing texture, unable to load chisel:textures/blocks/ironpane/terrain-glass-ornatesteel.png, java.io.FileNotFoundException
[00:22:13] [Client thread/ERROR]: Using missing texture, unable to load chisel:textures/blocks/ironpane/terrain-glass-thingrid.png, java.io.FileNotFoundException
[00:22:15] [Client thread/INFO]: Created: 4096x2048 textures-atlas
[00:22:22] [Client thread/WARN]: Skipping bad option: lastServer:
[00:23:46] [Client thread/INFO]: Stopping!
[00:23:46] [Client thread/INFO]: SoundSystem shutting down...
[00:23:46] [Client thread/WARN]: Author: Paul Lamb, www.paulscode.com
