    0.005 D MultiMC 5, (c) 2013-2015 MultiMC Contributors
    0.005 D Version                    :  "5 Modify by hackphoenix.com"
    0.005 D Git commit                 :  ""
    0.005 D Git refspec                :  ""
    0.005 D Work dir before adjustment :  "D:/OldRix/OldRix Client v2.2 Pirate"
    0.005 D Work dir after adjustment  :  "D:/OldRix/OldRix Client v2.2 Pirate"
    0.005 D Adjusted by                :  "Command line D:/OldRix/OldRix Client v2.2 Pirate"
    0.005 D Binary path                :  "D:/OldRix/OldRix Client v2.2 Pirate"
    0.005 D Application root path      :  "D:/OldRix/OldRix Client v2.2 Pirate"
    0.008 D Detected default console font: "Courier" , substitutions: ""
    0.009 D FTB Launcher paths: "C:/Users/maksach.v/AppData/Roaming/ftblauncher" and "C:/Users/maksach.v/AppData/Local/ftblauncher"
    0.009 D Attempting to read "C:/Users/maksach.v/AppData/Roaming/ftblauncher/ftblaunch.cfg"
    0.009 W Couldn't open "C:/Users/maksach.v/AppData/Roaming/ftblauncher/ftblaunch.cfg" : "\u0421\u0438\u0441\u0442\u0435\u043C\u0435 \u043D\u0435 \u0443\u0434\u0430\u0435\u0442\u0441\u044F \u043D\u0430\u0439\u0442\u0438 \u0443\u043A\u0430\u0437\u0430\u043D\u043D\u044B\u0439 \u043F\u0443\u0442\u044C."
    0.009 W This is perfectly normal if you don't have FTB installed
    0.010 D Your language is "ru"
    0.010 D Loading MMC Language File for ru ...
    0.019 W libpng warning: iCCP: known incorrect sRGB profile
    0.029 D Started watching  "D:/OldRix/OldRix Client v2.2 Pirate/icons"
    0.030 D Instance path              :  "instances"
    0.030 D Loading Instances...
    0.030 D Loading MultiMC instance from  "instances/\u041D\u043E\u0432\u0430\u044F\u042D\u0440\u0430- UltraHardcore"
    0.031 D Loaded instance  "\u041D\u043E\u0432\u0430\u044F\u042D\u0440\u0430- UltraHardcore"  from  "D:/OldRix/OldRix Client v2.2 Pirate/instances/\u041D\u043E\u0432\u0430\u044F\u042D\u0440\u0430- UltraHardcore"
    0.031 D Loading MultiMC instance from  "instances/\u041D\u043E\u0432\u0430\u044F\u042D\u0440\u0430- UltraTech"
    0.032 D Loaded instance  "\u041D\u043E\u0432\u0430\u044F\u042D\u0440\u0430- UltraTech"  from  "D:/OldRix/OldRix Client v2.2 Pirate/instances/\u041D\u043E\u0432\u0430\u044F\u042D\u0440\u0430- UltraTech"
    0.032 D Loading accounts...
    0.032 C "Failed to read the account list file (accounts.json)."
    0.033 D Detecting proxy settings...
    0.033 D Using no proxy is an option!
    0.033 D Downloading Translations Index...
    0.033 D "Translations Index"  started.
    0.062 D "Status JSON"  started.
    0.066 D Loading builtin version list.
    0.067 W Blacklisted legacy version ignored:  "rd-160052"
    0.068 D Loading local version list.
    0.068 D Loaded version "1.10.2" from local version list.
    0.068 D Loaded version "1.7.10" from local version list.
    0.587 D Reloading news.
    0.587 D "News RSS Feed"  started.
    0.587 D "GoUpdate Repository Index"  started.
    1.342 D "GoUpdate Repository Index" succeeded.
    1.342 D Task succeeded
    1.360 D Loading remote version list.
    1.360 D Loaded version "18w11a" from remote version list.
    1.360 D Loaded version "18w10d" from remote version list.
    1.360 D Loaded version "18w09a" from remote version list.
    1.361 D Loaded version "18w08b" from remote version list.
    1.361 D Loaded version "18w07c" from remote version list.
    1.361 D Loaded version "18w06a" from remote version list.
    1.361 D Loaded version "18w05a" from remote version list.
    1.361 D Loaded version "18w03b" from remote version list.
    1.361 D Loaded version "18w02a" from remote version list.
    1.361 D Loaded version "18w01a" from remote version list.
    1.361 D Loaded version "17w50a" from remote version list.
    1.361 D Loaded version "17w49b" from remote version list.
    1.361 D Loaded version "17w48a" from remote version list.
    1.361 D Loaded version "17w47b" from remote version list.
    1.361 D Loaded version "17w46a" from remote version list.
    1.361 D Loaded version "17w45b" from remote version list.
    1.361 D Loaded version "17w43b" from remote version list.
    1.361 D Loaded version "1.12.2" from remote version list.
    1.361 D Loaded version "1.12.1" from remote version list.
    1.361 D Loaded version "1.12" from remote version list.
    1.361 D Loaded version "1.11.2" from remote version list.
    1.361 D Loaded version "1.11.1" from remote version list.
    1.361 D Loaded version "1.11" from remote version list.
    1.361 D Loaded version "1.10.2" from remote version list.
    1.361 D Loaded version "1.10.1" from remote version list.
    1.361 D Loaded version "1.10" from remote version list.
    1.362 D Loaded version "1.9.4" from remote version list.
    1.362 D Loaded version "1.9.3" from remote version list.
    1.362 D Loaded version "1.9.2" from remote version list.
    1.362 D Loaded version "1.9.1" from remote version list.
    1.362 D Loaded version "1.9" from remote version list.
    1.362 D Loaded version "1.8.9" from remote version list.
    1.362 D Loaded version "1.8.8" from remote version list.
    1.362 D Loaded version "1.8.7" from remote version list.
    1.362 D Loaded version "1.8.6" from remote version list.
    1.362 D Loaded version "1.8.5" from remote version list.
    1.362 D Loaded version "1.8.4" from remote version list.
    1.362 D Loaded version "1.8.3" from remote version list.
    1.362 D Loaded version "1.8.2" from remote version list.
    1.362 D Loaded version "1.8.1" from remote version list.
    1.362 D Loaded version "1.8" from remote version list.
    1.362 D Loaded version "1.7.10" from remote version list.
    1.362 D Loaded version "1.7.9" from remote version list.
    1.362 D Loaded version "1.7.8" from remote version list.
    1.362 D Loaded version "1.7.7" from remote version list.
    1.362 D Loaded version "1.7.6" from remote version list.
    1.362 D Loaded version "1.7.5" from remote version list.
    1.362 D Loaded version "1.7.4" from remote version list.
    1.362 D Loaded version "1.7.3" from remote version list.
    1.362 D Loaded version "1.7.2" from remote version list.
    1.362 D Loaded version "1.6.4" from remote version list.
    1.363 D Loaded version "1.6.2" from remote version list.
    1.363 D Loaded version "1.6.1" from remote version list.
    1.363 W Blacklisted legacy version ignored:  "rd-160052"
    1.363 D Task succeeded
    1.384 D "Translations Index" succeeded.
    1.384 D Task succeeded
    1.384 D Got translations index!
    1.385 D "Translations"  started.
    1.474 D "Status JSON" succeeded.
    1.474 D Task succeeded
    1.474 D Finished loading status JSON.
    1.474 D Status loading succeeded.
    1.522 C "Failed to load LWJGL list. XML error: tag mismatch at line 6"
    1.949 C Error getting URL: "https://www.hackphoenix.com/feed/" Network error:  QNetworkReply::NetworkError(ProtocolFailure)
    2.229 C Error getting URL: "https://www.hackphoenix.com/feed/" Network error:  QNetworkReply::NetworkError(ProtocolFailure)
    2.289 D "Translations" succeeded.
    2.289 D Task succeeded
    2.289 D Got translations!
    2.667 C Error getting URL: "https://www.hackphoenix.com/feed/" Network error:  QNetworkReply::NetworkError(ProtocolFailure)
    2.988 C Error getting URL: "https://www.hackphoenix.com/feed/" Network error:  QNetworkReply::NetworkError(ProtocolFailure)
    2.988 C "News RSS Feed" failed.
    2.988 C Task failed:  "Job 'News RSS Feed' failed "
    2.988 D Failed to load news: "\u041D\u0435 \u0443\u0434\u0430\u043B\u043E\u0441\u044C \u0437\u0430\u0433\u0440\u0443\u0437\u0438\u0442\u044C RSS-\u043B\u0435\u043D\u0442\u0443 \u043D\u043E\u0432\u043E\u0441\u0442\u0435\u0439:\nJob 'News RSS Feed' failed "
    3.689 D Writing account list to "accounts.json"
    3.690 D Building JSON data structure.
    3.690 D Building account array.
    3.690 D Writing account list to file.
    3.690 D Saved account list to "accounts.json"
   18.336 D Processing authentication response.
   18.336 D Getting client token.
   18.336 D Getting access token.
   18.337 D Loading profile list.
   18.337 D Setting current profile.
   18.337 D Finished reading authentication response.
   18.337 D Task succeeded
   18.343 D Writing account list to "accounts.json"
   18.343 D Building JSON data structure.
   18.343 D Building account array.
   18.343 D Writing account list to file.
   18.344 D Saved account list to "accounts.json"
   18.345 D Writing account list to "accounts.json"
   18.345 D Building JSON data structure.
   18.345 D Building account array.
   18.345 D Writing account list to file.
   18.346 D Saved account list to "accounts.json"
   18.347 D "Player skins: test"  started.
   18.539 D "Player skins: test" succeeded.
   18.539 D Task succeeded
   19.815 D Paged dialog close requested
   19.816 D Loading MultiMC instance from  "instances/\u041D\u043E\u0432\u0430\u044F\u042D\u0440\u0430- UltraHardcore"
   19.816 D Loaded instance  "\u041D\u043E\u0432\u0430\u044F\u042D\u0440\u0430- UltraHardcore"  from  "D:/OldRix/OldRix Client v2.2 Pirate/instances/\u041D\u043E\u0432\u0430\u044F\u042D\u0440\u0430- UltraHardcore"
   19.817 D Loading MultiMC instance from  "instances/\u041D\u043E\u0432\u0430\u044F\u042D\u0440\u0430- UltraTech"
   19.817 D Loaded instance  "\u041D\u043E\u0432\u0430\u044F\u042D\u0440\u0430- UltraTech"  from  "D:/OldRix/OldRix Client v2.2 Pirate/instances/\u041D\u043E\u0432\u0430\u044F\u042D\u0440\u0430- UltraTech"
   19.819 D Paged dialog close approved
   19.819 D Paged dialog geometry saved
   36.785 D Processing authentication response.
   36.785 D Getting new access token.
   36.785 D Finished reading refresh response.
   36.786 D Task succeeded
   36.786 D Writing account list to "accounts.json"
   36.786 D Building JSON data structure.
   36.787 D Building account array.
   36.787 D Writing account list to file.
   36.788 D Saved account list to "accounts.json"
   37.697 W Order file doesn't exist. Ignoring.
   37.697 D Reading "net.minecraftforge.json"
   37.715 W Order file doesn't exist. Ignoring.
   37.716 D Reading "net.minecraftforge.json"
   38.179 W QWidget::setLayout: Attempting to set QLayout "" on ConsoleWindow "", which already has a layout
   38.241 D Task succeeded
   38.242 D Task succeeded
   38.244 D Task succeeded
   38.245 D "Version index"  started.
   38.317 D "Version index" succeeded.
   38.317 D Task succeeded
   38.381 D Task succeeded
   38.382 D "\u041D\u043E\u0432\u0430\u044F\u042D\u0440\u0430- UltraHardcore" : downloading libraries
   38.382 W Order file doesn't exist. Ignoring.
   38.382 D Reading "net.minecraftforge.json"
   38.386 D "Libraries for instance \xCD\xEE\xE2\xE0\xFF\xDD\xF0\xE0- UltraHardcore"  started.
   38.387 D "Libraries for instance \u041D\u043E\u0432\u0430\u044F\u042D\u0440\u0430- UltraHardcore" succeeded.
   38.387 D Task succeeded
   38.388 D "\u041D\u043E\u0432\u0430\u044F\u042D\u0440\u0430- UltraHardcore" : Starting asset index download
   38.388 D "Asset index for \xCD\xEE\xE2\xE0\xFF\xDD\xF0\xE0- UltraHardcore"  started.
   38.684 D "Asset index for \u041D\u043E\u0432\u0430\u044F\u042D\u0440\u0430- UltraHardcore" succeeded.
   38.685 D Task succeeded
   38.685 D "\u041D\u043E\u0432\u0430\u044F\u042D\u0440\u0430- UltraHardcore" : Finished asset index download
   38.715 D Task succeeded
   38.715 D Task succeeded
   39.117 D reconstructAssets "assets" "assets/indexes" "assets/objects" "assets/virtual" "assets/virtual/1.7.10"
   39.123 D Env:  "PROCESSOR_LEVEL" "6"
   39.123 D Env:  "PROCESSOR_REVISION" "3a09"
   39.123 D Env:  "FPS_BROWSER_USER_PROFILE_STRING" "Default"
   39.123 D Env:  "=::" "::\\"
   39.123 D Env:  "OneDrive" "C:\\Users\\maksach.v\\OneDrive"
   39.123 D Env:  "PROCESSOR_IDENTIFIER" "Intel64 Family 6 Model 58 Stepping 9, GenuineIntel"
   39.123 D Env:  "TMP" "C:\\Users\\maksach.v\\AppData\\Local\\Temp"
   39.123 D Env:  "APPDATA" "C:\\Users\\maksach.v\\AppData\\Roaming"
   39.123 D Env:  "LOCALAPPDATA" "C:\\Users\\maksach.v\\AppData\\Local"
   39.123 D Env:  "HOMEPATH" "\\Users\\maksach.v"
   39.123 D Env: ignoring "JAVA_HOME" "C:\\Program Files\\Java\\jdk1.8.0_161"
   39.123 D Env:  "USERDOMAIN" "DESKTOP-638BJSG"
   39.123 D Env:  "USERNAME" "maksach.v"
   39.123 D Env:  "SESSIONNAME" "Console"
   39.123 D Env:  "LOGONSERVER" "\\\\DESKTOP-638BJSG"
   39.123 D Env:  "SystemDrive" "C:"
   39.123 D Env:  "CommonProgramFiles(x86)" "C:\\Program Files (x86)\\Common Files"
   39.123 D Env:  "ProgramW6432" "C:\\Program Files"
   39.123 D Env:  "PROCESSOR_ARCHITECTURE" "x86"
   39.123 D Env:  "ComSpec" "C:\\WINDOWS\\system32\\cmd.exe"
   39.123 D Env:  "CommonProgramW6432" "C:\\Program Files\\Common Files"
   39.123 D Env:  "NUMBER_OF_PROCESSORS" "4"
   39.123 D Env:  "__COMPAT_LAYER" "DetectorsWin8"
   39.123 D Env:  "TEMP" "C:\\Users\\maksach.v\\AppData\\Local\\Temp"
   39.123 D Env:  "PUBLIC" "C:\\Users\\Public"
   39.124 D Env:  "OS" "Windows_NT"
   39.124 D Env:  "HOMEDRIVE" "C:"
   39.124 D Env:  "GRADLE_HOME" "D:\\gradle"
   39.124 D Env:  "PATHEXT" ".COM;.EXE;.BAT;.CMD;.VBS;.VBE;.JS;.JSE;.WSF;.WSH;.MSC"
   39.124 D Env:  "COMPUTERNAME" "DESKTOP-638BJSG"
   39.124 D Env:  "windir" "C:\\WINDOWS"
   39.124 D Env:  "PROCESSOR_ARCHITEW6432" "AMD64"
   39.124 D Env:  "ProgramData" "C:\\ProgramData"
   39.124 D Env:  "CommonProgramFiles" "C:\\Program Files (x86)\\Common Files"
   39.124 D Env:  "ALLUSERSPROFILE" "C:\\ProgramData"
   39.124 D Env:  "Path" "C:\\ProgramData\\Oracle\\Java\\javapath;C:\\WINDOWS\\system32;C:\\WINDOWS;C:\\WINDOWS\\System32\\Wbem;C:\\WINDOWS\\System32\\WindowsPowerShell\\v1.0\\;D:\\PuTTY\\;C:\\Program Files\\Java\\jdk1.8.0_161\\bin;D:\\gradle\\bin;C:\\Users\\maksach.v\\AppData\\Local\\Microsoft\\WindowsApps;C:\\Users\\maksach.v\\AppData\\Local\\GitHubDesktop\\bin"
   39.124 D Env:  "SystemRoot" "C:\\WINDOWS"
   39.124 D Env:  "PSModulePath" "C:\\Program Files\\WindowsPowerShell\\Modules;C:\\WINDOWS\\system32\\WindowsPowerShell\\v1.0\\Modules"
   39.124 D Env:  "USERPROFILE" "C:\\Users\\maksach.v"
   39.124 D Env:  "ProgramFiles" "C:\\Program Files (x86)"
   39.124 D Env:  "ProgramFiles(x86)" "C:\\Program Files (x86)"
   39.124 D Env:  "USERDOMAIN_ROAMINGPROFILE" "DESKTOP-638BJSG"
   39.124 D Env:  "FPS_BROWSER_APP_PROFILE_STRING" "Internet Explorer"
   60.061 D "Status JSON"  started.
   60.212 D "Status JSON" succeeded.
   60.212 D Task succeeded
   60.212 D Finished loading status JSON.
   60.212 D Status loading succeeded.
  120.058 D "Status JSON"  started.
  120.205 D "Status JSON" succeeded.
  120.205 D Task succeeded
  120.205 D Finished loading status JSON.
  120.205 D Status loading succeeded.
  179.492 D Task succeeded
  179.557 D Task succeeded
  179.713 D Task succeeded
  179.725 D Failed to stop watching  "D:/OldRix/OldRix Client v2.2 Pirate/instances/\u041D\u043E\u0432\u0430\u044F\u042D\u0440\u0430- UltraHardcore/minecraft/saves"
  179.726 D Failed to stop watching  "D:/OldRix/OldRix Client v2.2 Pirate/instances/\u041D\u043E\u0432\u0430\u044F\u042D\u0440\u0430- UltraHardcore/minecraft/texturepacks"
  179.726 D Failed to stop watching  "D:/OldRix/OldRix Client v2.2 Pirate/instances/\u041D\u043E\u0432\u0430\u044F\u042D\u0440\u0430- UltraHardcore/minecraft/resourcepacks"
  179.726 D Failed to stop watching  "D:/OldRix/OldRix Client v2.2 Pirate/instances/\u041D\u043E\u0432\u0430\u044F\u042D\u0440\u0430- UltraHardcore/minecraft/coremods"
  179.726 D Failed to stop watching  "D:/OldRix/OldRix Client v2.2 Pirate/instances/\u041D\u043E\u0432\u0430\u044F\u042D\u0440\u0430- UltraHardcore/minecraft/mods"
  180.059 D "Status JSON"  started.
  180.213 D "Status JSON" succeeded.
  180.213 D Task succeeded
  180.213 D Finished loading status JSON.
  180.213 D Status loading succeeded.
  197.562 D Processing authentication response.
  197.562 D Getting new access token.
  197.562 D Finished reading refresh response.
  197.563 D Task succeeded
  197.563 D Writing account list to "accounts.json"
  197.563 D Building JSON data structure.
  197.563 D Building account array.
  197.564 D Writing account list to file.
  197.564 D Saved account list to "accounts.json"
  198.406 W Order file doesn't exist. Ignoring.
  198.406 D Reading "net.minecraftforge.json"
  198.413 W Order file doesn't exist. Ignoring.
  198.413 D Reading "net.minecraftforge.json"
  198.889 W QWidget::setLayout: Attempting to set QLayout "" on ConsoleWindow "", which already has a layout
  198.929 D Task succeeded
  198.930 D Task succeeded
  198.931 D Task succeeded
  198.932 D "Version index"  started.
  199.258 D "Version index" succeeded.
  199.258 D Task succeeded
  199.313 D Task succeeded
  199.314 D "\u041D\u043E\u0432\u0430\u044F\u042D\u0440\u0430- UltraTech" : downloading libraries
  199.315 W Order file doesn't exist. Ignoring.
  199.316 D Reading "net.minecraftforge.json"
  199.323 D "Libraries for instance \xCD\xEE\xE2\xE0\xFF\xDD\xF0\xE0- UltraTech"  started.
  199.325 D "Libraries for instance \u041D\u043E\u0432\u0430\u044F\u042D\u0440\u0430- UltraTech" succeeded.
  199.325 D Task succeeded
  199.326 D "\u041D\u043E\u0432\u0430\u044F\u042D\u0440\u0430- UltraTech" : Starting asset index download
  199.326 D "Asset index for \xCD\xEE\xE2\xE0\xFF\xDD\xF0\xE0- UltraTech"  started.
  199.632 D "Asset index for \u041D\u043E\u0432\u0430\u044F\u042D\u0440\u0430- UltraTech" succeeded.
  199.633 D Task succeeded
  199.633 D "\u041D\u043E\u0432\u0430\u044F\u042D\u0440\u0430- UltraTech" : Finished asset index download
  199.677 D Task succeeded
  199.677 D Task succeeded
  200.100 D reconstructAssets "assets" "assets/indexes" "assets/objects" "assets/virtual" "assets/virtual/1.10"
  200.107 D Env:  "PROCESSOR_LEVEL" "6"
  200.107 D Env:  "PROCESSOR_REVISION" "3a09"
  200.107 D Env:  "FPS_BROWSER_USER_PROFILE_STRING" "Default"
  200.107 D Env:  "=::" "::\\"
  200.107 D Env:  "OneDrive" "C:\\Users\\maksach.v\\OneDrive"
  200.107 D Env:  "PROCESSOR_IDENTIFIER" "Intel64 Family 6 Model 58 Stepping 9, GenuineIntel"
  200.107 D Env:  "TMP" "C:\\Users\\maksach.v\\AppData\\Local\\Temp"
  200.107 D Env:  "APPDATA" "C:\\Users\\maksach.v\\AppData\\Roaming"
  200.107 D Env:  "LOCALAPPDATA" "C:\\Users\\maksach.v\\AppData\\Local"
  200.107 D Env:  "HOMEPATH" "\\Users\\maksach.v"
  200.107 D Env: ignoring "JAVA_HOME" "C:\\Program Files\\Java\\jdk1.8.0_161"
  200.107 D Env:  "USERDOMAIN" "DESKTOP-638BJSG"
  200.107 D Env:  "USERNAME" "maksach.v"
  200.107 D Env:  "SESSIONNAME" "Console"
  200.107 D Env:  "LOGONSERVER" "\\\\DESKTOP-638BJSG"
  200.107 D Env:  "SystemDrive" "C:"
  200.107 D Env:  "CommonProgramFiles(x86)" "C:\\Program Files (x86)\\Common Files"
  200.107 D Env:  "ProgramW6432" "C:\\Program Files"
  200.107 D Env:  "PROCESSOR_ARCHITECTURE" "x86"
  200.107 D Env:  "ComSpec" "C:\\WINDOWS\\system32\\cmd.exe"
  200.107 D Env:  "CommonProgramW6432" "C:\\Program Files\\Common Files"
  200.107 D Env:  "NUMBER_OF_PROCESSORS" "4"
  200.107 D Env:  "__COMPAT_LAYER" "DetectorsWin8"
  200.107 D Env:  "TEMP" "C:\\Users\\maksach.v\\AppData\\Local\\Temp"
  200.107 D Env:  "PUBLIC" "C:\\Users\\Public"
  200.107 D Env:  "OS" "Windows_NT"
  200.108 D Env:  "HOMEDRIVE" "C:"
  200.108 D Env:  "GRADLE_HOME" "D:\\gradle"
  200.108 D Env:  "PATHEXT" ".COM;.EXE;.BAT;.CMD;.VBS;.VBE;.JS;.JSE;.WSF;.WSH;.MSC"
  200.108 D Env:  "COMPUTERNAME" "DESKTOP-638BJSG"
  200.108 D Env:  "windir" "C:\\WINDOWS"
  200.108 D Env:  "PROCESSOR_ARCHITEW6432" "AMD64"
  200.108 D Env:  "ProgramData" "C:\\ProgramData"
  200.108 D Env:  "CommonProgramFiles" "C:\\Program Files (x86)\\Common Files"
  200.108 D Env:  "ALLUSERSPROFILE" "C:\\ProgramData"
  200.108 D Env:  "Path" "C:\\ProgramData\\Oracle\\Java\\javapath;C:\\WINDOWS\\system32;C:\\WINDOWS;C:\\WINDOWS\\System32\\Wbem;C:\\WINDOWS\\System32\\WindowsPowerShell\\v1.0\\;D:\\PuTTY\\;C:\\Program Files\\Java\\jdk1.8.0_161\\bin;D:\\gradle\\bin;C:\\Users\\maksach.v\\AppData\\Local\\Microsoft\\WindowsApps;C:\\Users\\maksach.v\\AppData\\Local\\GitHubDesktop\\bin"
  200.108 D Env:  "SystemRoot" "C:\\WINDOWS"
  200.108 D Env:  "PSModulePath" "C:\\Program Files\\WindowsPowerShell\\Modules;C:\\WINDOWS\\system32\\WindowsPowerShell\\v1.0\\Modules"
  200.108 D Env:  "USERPROFILE" "C:\\Users\\maksach.v"
  200.108 D Env:  "ProgramFiles" "C:\\Program Files (x86)"
  200.108 D Env:  "ProgramFiles(x86)" "C:\\Program Files (x86)"
  200.108 D Env:  "USERDOMAIN_ROAMINGPROFILE" "DESKTOP-638BJSG"
  200.108 D Env:  "FPS_BROWSER_APP_PROFILE_STRING" "Internet Explorer"
  240.066 D "Status JSON"  started.
  240.205 D "Status JSON" succeeded.
  240.205 D Task succeeded
  240.205 D Finished loading status JSON.
  240.205 D Status loading succeeded.
  258.229 C Task failed:  "Game crashed."
  258.306 C Task failed:  "Game crashed."
  259.222 D Task succeeded
  259.251 D Failed to stop watching  "D:/OldRix/OldRix Client v2.2 Pirate/instances/\u041D\u043E\u0432\u0430\u044F\u042D\u0440\u0430- UltraTech/minecraft/saves"
  259.251 D Failed to stop watching  "D:/OldRix/OldRix Client v2.2 Pirate/instances/\u041D\u043E\u0432\u0430\u044F\u042D\u0440\u0430- UltraTech/minecraft/texturepacks"
  259.251 D Failed to stop watching  "D:/OldRix/OldRix Client v2.2 Pirate/instances/\u041D\u043E\u0432\u0430\u044F\u042D\u0440\u0430- UltraTech/minecraft/resourcepacks"
  259.251 D Failed to stop watching  "D:/OldRix/OldRix Client v2.2 Pirate/instances/\u041D\u043E\u0432\u0430\u044F\u042D\u0440\u0430- UltraTech/minecraft/coremods"
  259.252 D Failed to stop watching  "D:/OldRix/OldRix Client v2.2 Pirate/instances/\u041D\u043E\u0432\u0430\u044F\u042D\u0440\u0430- UltraTech/minecraft/mods"
  300.059 D "Status JSON"  started.
  300.202 D "Status JSON" succeeded.
  300.203 D Task succeeded
  300.203 D Finished loading status JSON.
  300.203 D Status loading succeeded.
  341.372 D Processing authentication response.
  341.372 D Getting new access token.
  341.372 D Finished reading refresh response.
  341.373 D Task succeeded
  341.374 D Writing account list to "accounts.json"
  341.374 D Building JSON data structure.
  341.374 D Building account array.
  341.374 D Writing account list to file.
  341.375 D Saved account list to "accounts.json"
  342.205 W Order file doesn't exist. Ignoring.
  342.205 D Reading "net.minecraftforge.json"
  342.220 W Order file doesn't exist. Ignoring.
  342.220 D Reading "net.minecraftforge.json"
  342.645 W QWidget::setLayout: Attempting to set QLayout "" on ConsoleWindow "", which already has a layout
  342.704 D Task succeeded
  342.704 D Task succeeded
  342.706 D Task succeeded
  342.706 D Instance either provides a version file or doesn't need an update.
  342.706 D "\u041D\u043E\u0432\u0430\u044F\u042D\u0440\u0430- UltraTech" : downloading libraries
  342.707 W Order file doesn't exist. Ignoring.
  342.707 D Reading "net.minecraftforge.json"
  342.711 D "Libraries for instance \xCD\xEE\xE2\xE0\xFF\xDD\xF0\xE0- UltraTech"  started.
  342.737 D "Libraries for instance \u041D\u043E\u0432\u0430\u044F\u042D\u0440\u0430- UltraTech" succeeded.
  342.737 D Task succeeded
  342.738 D "\u041D\u043E\u0432\u0430\u044F\u042D\u0440\u0430- UltraTech" : Starting asset index download
  342.738 D "Asset index for \xCD\xEE\xE2\xE0\xFF\xDD\xF0\xE0- UltraTech"  started.
  343.055 D "Asset index for \u041D\u043E\u0432\u0430\u044F\u042D\u0440\u0430- UltraTech" succeeded.
  343.055 D Task succeeded
  343.055 D "\u041D\u043E\u0432\u0430\u044F\u042D\u0440\u0430- UltraTech" : Finished asset index download
  343.091 D Task succeeded
  343.091 D Task succeeded
  343.464 D reconstructAssets "assets" "assets/indexes" "assets/objects" "assets/virtual" "assets/virtual/1.10"
  343.473 D Env:  "PROCESSOR_LEVEL" "6"
  343.473 D Env:  "PROCESSOR_REVISION" "3a09"
  343.473 D Env:  "FPS_BROWSER_USER_PROFILE_STRING" "Default"
  343.473 D Env:  "=::" "::\\"
  343.473 D Env:  "OneDrive" "C:\\Users\\maksach.v\\OneDrive"
  343.473 D Env:  "PROCESSOR_IDENTIFIER" "Intel64 Family 6 Model 58 Stepping 9, GenuineIntel"
  343.473 D Env:  "TMP" "C:\\Users\\maksach.v\\AppData\\Local\\Temp"
  343.473 D Env:  "APPDATA" "C:\\Users\\maksach.v\\AppData\\Roaming"
  343.473 D Env:  "LOCALAPPDATA" "C:\\Users\\maksach.v\\AppData\\Local"
  343.473 D Env:  "HOMEPATH" "\\Users\\maksach.v"
  343.473 D Env: ignoring "JAVA_HOME" "C:\\Program Files\\Java\\jdk1.8.0_161"
  343.473 D Env:  "USERDOMAIN" "DESKTOP-638BJSG"
  343.473 D Env:  "USERNAME" "maksach.v"
  343.473 D Env:  "SESSIONNAME" "Console"
  343.473 D Env:  "LOGONSERVER" "\\\\DESKTOP-638BJSG"
  343.473 D Env:  "SystemDrive" "C:"
  343.473 D Env:  "CommonProgramFiles(x86)" "C:\\Program Files (x86)\\Common Files"
  343.473 D Env:  "ProgramW6432" "C:\\Program Files"
  343.473 D Env:  "PROCESSOR_ARCHITECTURE" "x86"
  343.473 D Env:  "ComSpec" "C:\\WINDOWS\\system32\\cmd.exe"
  343.473 D Env:  "CommonProgramW6432" "C:\\Program Files\\Common Files"
  343.473 D Env:  "NUMBER_OF_PROCESSORS" "4"
  343.473 D Env:  "__COMPAT_LAYER" "DetectorsWin8"
  343.473 D Env:  "TEMP" "C:\\Users\\maksach.v\\AppData\\Local\\Temp"
  343.473 D Env:  "PUBLIC" "C:\\Users\\Public"
  343.473 D Env:  "OS" "Windows_NT"
  343.473 D Env:  "HOMEDRIVE" "C:"
  343.473 D Env:  "GRADLE_HOME" "D:\\gradle"
  343.473 D Env:  "PATHEXT" ".COM;.EXE;.BAT;.CMD;.VBS;.VBE;.JS;.JSE;.WSF;.WSH;.MSC"
  343.473 D Env:  "COMPUTERNAME" "DESKTOP-638BJSG"
  343.474 D Env:  "windir" "C:\\WINDOWS"
  343.474 D Env:  "PROCESSOR_ARCHITEW6432" "AMD64"
  343.474 D Env:  "ProgramData" "C:\\ProgramData"
  343.474 D Env:  "CommonProgramFiles" "C:\\Program Files (x86)\\Common Files"
  343.474 D Env:  "ALLUSERSPROFILE" "C:\\ProgramData"
  343.474 D Env:  "Path" "C:\\ProgramData\\Oracle\\Java\\javapath;C:\\WINDOWS\\system32;C:\\WINDOWS;C:\\WINDOWS\\System32\\Wbem;C:\\WINDOWS\\System32\\WindowsPowerShell\\v1.0\\;D:\\PuTTY\\;C:\\Program Files\\Java\\jdk1.8.0_161\\bin;D:\\gradle\\bin;C:\\Users\\maksach.v\\AppData\\Local\\Microsoft\\WindowsApps;C:\\Users\\maksach.v\\AppData\\Local\\GitHubDesktop\\bin"
  343.474 D Env:  "SystemRoot" "C:\\WINDOWS"
  343.474 D Env:  "PSModulePath" "C:\\Program Files\\WindowsPowerShell\\Modules;C:\\WINDOWS\\system32\\WindowsPowerShell\\v1.0\\Modules"
  343.474 D Env:  "USERPROFILE" "C:\\Users\\maksach.v"
  343.474 D Env:  "ProgramFiles" "C:\\Program Files (x86)"
  343.474 D Env:  "ProgramFiles(x86)" "C:\\Program Files (x86)"
  343.474 D Env:  "USERDOMAIN_ROAMINGPROFILE" "DESKTOP-638BJSG"
  343.474 D Env:  "FPS_BROWSER_APP_PROFILE_STRING" "Internet Explorer"
  360.058 D "Status JSON"  started.
  360.205 D "Status JSON" succeeded.
  360.205 D Task succeeded
  360.205 D Finished loading status JSON.
  360.206 D Status loading succeeded.
  408.299 D Task succeeded
  408.365 D Task succeeded
  408.557 D Task succeeded
  408.571 D Failed to stop watching  "D:/OldRix/OldRix Client v2.2 Pirate/instances/\u041D\u043E\u0432\u0430\u044F\u042D\u0440\u0430- UltraTech/minecraft/saves"
  408.572 D Failed to stop watching  "D:/OldRix/OldRix Client v2.2 Pirate/instances/\u041D\u043E\u0432\u0430\u044F\u042D\u0440\u0430- UltraTech/minecraft/texturepacks"
  408.572 D Failed to stop watching  "D:/OldRix/OldRix Client v2.2 Pirate/instances/\u041D\u043E\u0432\u0430\u044F\u042D\u0440\u0430- UltraTech/minecraft/resourcepacks"
  408.572 D Failed to stop watching  "D:/OldRix/OldRix Client v2.2 Pirate/instances/\u041D\u043E\u0432\u0430\u044F\u042D\u0440\u0430- UltraTech/minecraft/coremods"
  408.572 D Failed to stop watching  "D:/OldRix/OldRix Client v2.2 Pirate/instances/\u041D\u043E\u0432\u0430\u044F\u042D\u0440\u0430- UltraTech/minecraft/mods"
  414.382 D Processing authentication response.
  414.382 D Getting new access token.
  414.382 D Finished reading refresh response.
  414.383 D Task succeeded
  414.383 D Writing account list to "accounts.json"
  414.383 D Building JSON data structure.
  414.384 D Building account array.
  414.384 D Writing account list to file.
  414.385 D Saved account list to "accounts.json"
  415.194 W Order file doesn't exist. Ignoring.
  415.194 D Reading "net.minecraftforge.json"
  415.208 W Order file doesn't exist. Ignoring.
  415.209 D Reading "net.minecraftforge.json"
  415.627 W QWidget::setLayout: Attempting to set QLayout "" on ConsoleWindow "", which already has a layout
  415.670 D Task succeeded
  415.671 D Task succeeded
  415.672 D Task succeeded
  415.672 D Instance either provides a version file or doesn't need an update.
  415.672 D "\u041D\u043E\u0432\u0430\u044F\u042D\u0440\u0430- UltraTech" : downloading libraries
  415.673 W Order file doesn't exist. Ignoring.
  415.673 D Reading "net.minecraftforge.json"
  415.676 D "Libraries for instance \xCD\xEE\xE2\xE0\xFF\xDD\xF0\xE0- UltraTech"  started.
  415.693 D "Libraries for instance \u041D\u043E\u0432\u0430\u044F\u042D\u0440\u0430- UltraTech" succeeded.
  415.693 D Task succeeded
  415.693 D "\u041D\u043E\u0432\u0430\u044F\u042D\u0440\u0430- UltraTech" : Starting asset index download
  415.693 D "Asset index for \xCD\xEE\xE2\xE0\xFF\xDD\xF0\xE0- UltraTech"  started.
  415.988 D "Asset index for \u041D\u043E\u0432\u0430\u044F\u042D\u0440\u0430- UltraTech" succeeded.
  415.989 D Task succeeded
  415.989 D "\u041D\u043E\u0432\u0430\u044F\u042D\u0440\u0430- UltraTech" : Finished asset index download
  416.037 D Task succeeded
  416.037 D Task succeeded
  416.434 D reconstructAssets "assets" "assets/indexes" "assets/objects" "assets/virtual" "assets/virtual/1.10"
  416.441 D Env:  "PROCESSOR_LEVEL" "6"
  416.441 D Env:  "PROCESSOR_REVISION" "3a09"
  416.441 D Env:  "FPS_BROWSER_USER_PROFILE_STRING" "Default"
  416.441 D Env:  "=::" "::\\"
  416.441 D Env:  "OneDrive" "C:\\Users\\maksach.v\\OneDrive"
  416.441 D Env:  "PROCESSOR_IDENTIFIER" "Intel64 Family 6 Model 58 Stepping 9, GenuineIntel"
  416.441 D Env:  "TMP" "C:\\Users\\maksach.v\\AppData\\Local\\Temp"
  416.441 D Env:  "APPDATA" "C:\\Users\\maksach.v\\AppData\\Roaming"
  416.441 D Env:  "LOCALAPPDATA" "C:\\Users\\maksach.v\\AppData\\Local"
  416.441 D Env:  "HOMEPATH" "\\Users\\maksach.v"
  416.441 D Env: ignoring "JAVA_HOME" "C:\\Program Files\\Java\\jdk1.8.0_161"
  416.441 D Env:  "USERDOMAIN" "DESKTOP-638BJSG"
  416.441 D Env:  "USERNAME" "maksach.v"
  416.441 D Env:  "SESSIONNAME" "Console"
  416.442 D Env:  "LOGONSERVER" "\\\\DESKTOP-638BJSG"
  416.442 D Env:  "SystemDrive" "C:"
  416.442 D Env:  "CommonProgramFiles(x86)" "C:\\Program Files (x86)\\Common Files"
  416.442 D Env:  "ProgramW6432" "C:\\Program Files"
  416.442 D Env:  "PROCESSOR_ARCHITECTURE" "x86"
  416.442 D Env:  "ComSpec" "C:\\WINDOWS\\system32\\cmd.exe"
  416.442 D Env:  "CommonProgramW6432" "C:\\Program Files\\Common Files"
  416.442 D Env:  "NUMBER_OF_PROCESSORS" "4"
  416.442 D Env:  "__COMPAT_LAYER" "DetectorsWin8"
  416.442 D Env:  "TEMP" "C:\\Users\\maksach.v\\AppData\\Local\\Temp"
  416.442 D Env:  "PUBLIC" "C:\\Users\\Public"
  416.442 D Env:  "OS" "Windows_NT"
  416.442 D Env:  "HOMEDRIVE" "C:"
  416.442 D Env:  "GRADLE_HOME" "D:\\gradle"
  416.442 D Env:  "PATHEXT" ".COM;.EXE;.BAT;.CMD;.VBS;.VBE;.JS;.JSE;.WSF;.WSH;.MSC"
  416.442 D Env:  "COMPUTERNAME" "DESKTOP-638BJSG"
  416.442 D Env:  "windir" "C:\\WINDOWS"
  416.442 D Env:  "PROCESSOR_ARCHITEW6432" "AMD64"
  416.442 D Env:  "ProgramData" "C:\\ProgramData"
  416.442 D Env:  "CommonProgramFiles" "C:\\Program Files (x86)\\Common Files"
  416.442 D Env:  "ALLUSERSPROFILE" "C:\\ProgramData"
  416.442 D Env:  "Path" "C:\\ProgramData\\Oracle\\Java\\javapath;C:\\WINDOWS\\system32;C:\\WINDOWS;C:\\WINDOWS\\System32\\Wbem;C:\\WINDOWS\\System32\\WindowsPowerShell\\v1.0\\;D:\\PuTTY\\;C:\\Program Files\\Java\\jdk1.8.0_161\\bin;D:\\gradle\\bin;C:\\Users\\maksach.v\\AppData\\Local\\Microsoft\\WindowsApps;C:\\Users\\maksach.v\\AppData\\Local\\GitHubDesktop\\bin"
  416.442 D Env:  "SystemRoot" "C:\\WINDOWS"
  416.442 D Env:  "PSModulePath" "C:\\Program Files\\WindowsPowerShell\\Modules;C:\\WINDOWS\\system32\\WindowsPowerShell\\v1.0\\Modules"
  416.442 D Env:  "USERPROFILE" "C:\\Users\\maksach.v"
  416.442 D Env:  "ProgramFiles" "C:\\Program Files (x86)"
  416.442 D Env:  "ProgramFiles(x86)" "C:\\Program Files (x86)"
  416.442 D Env:  "USERDOMAIN_ROAMINGPROFILE" "DESKTOP-638BJSG"
  416.442 D Env:  "FPS_BROWSER_APP_PROFILE_STRING" "Internet Explorer"
  420.058 D "Status JSON"  started.
  420.197 D "Status JSON" succeeded.
  420.197 D Task succeeded
  420.197 D Finished loading status JSON.
  420.198 D Status loading succeeded.
  480.065 D "Status JSON"  started.
  480.204 D "Status JSON" succeeded.
  480.204 D Task succeeded
  480.204 D Finished loading status JSON.
  480.205 D Status loading succeeded.
  526.232 D Task succeeded
  526.293 D Task succeeded
  526.470 D Task succeeded
  526.482 D Failed to stop watching  "D:/OldRix/OldRix Client v2.2 Pirate/instances/\u041D\u043E\u0432\u0430\u044F\u042D\u0440\u0430- UltraTech/minecraft/saves"
  526.483 D Failed to stop watching  "D:/OldRix/OldRix Client v2.2 Pirate/instances/\u041D\u043E\u0432\u0430\u044F\u042D\u0440\u0430- UltraTech/minecraft/texturepacks"
  526.483 D Failed to stop watching  "D:/OldRix/OldRix Client v2.2 Pirate/instances/\u041D\u043E\u0432\u0430\u044F\u042D\u0440\u0430- UltraTech/minecraft/resourcepacks"
  526.484 D Failed to stop watching  "D:/OldRix/OldRix Client v2.2 Pirate/instances/\u041D\u043E\u0432\u0430\u044F\u042D\u0440\u0430- UltraTech/minecraft/coremods"
  526.484 D Failed to stop watching  "D:/OldRix/OldRix Client v2.2 Pirate/instances/\u041D\u043E\u0432\u0430\u044F\u042D\u0440\u0430- UltraTech/minecraft/mods"
  535.913 D Paged dialog close requested
  535.914 D Loading MultiMC instance from  "instances/\u041D\u043E\u0432\u0430\u044F\u042D\u0440\u0430- UltraHardcore"
  535.915 D Loaded instance  "\u041D\u043E\u0432\u0430\u044F\u042D\u0440\u0430- UltraHardcore"  from  "D:/OldRix/OldRix Client v2.2 Pirate/instances/\u041D\u043E\u0432\u0430\u044F\u042D\u0440\u0430- UltraHardcore"
  535.915 D Loading MultiMC instance from  "instances/\u041D\u043E\u0432\u0430\u044F\u042D\u0440\u0430- UltraTech"
  535.916 D Loaded instance  "\u041D\u043E\u0432\u0430\u044F\u042D\u0440\u0430- UltraTech"  from  "D:/OldRix/OldRix Client v2.2 Pirate/instances/\u041D\u043E\u0432\u0430\u044F\u042D\u0440\u0430- UltraTech"
  535.918 D Paged dialog close approved
  535.918 D Paged dialog geometry saved
