    0.006 D <> Log initialized.
    0.006 D MultiMC 5, (c) 2013-2017 MultiMC Contributors
    0.006 D Version                    :  "0.6.1-1177"
    0.006 D Git commit                 :  "595d1571802b7d7ec1128a92a653f2ed7bdabb3c"
    0.006 D Git refspec                :  "refs/heads/stable"
    0.006 D Work dir before adjustment :  "D:/OldRix/OldRix Client v2.1 License"
    0.006 D Work dir after adjustment  :  "D:/OldRix/OldRix Client v2.1 License"
    0.006 D Adjusted by                :  "Fallback to binary path D:/OldRix/OldRix Client v2.1 License"
    0.006 D Binary path                :  "D:/OldRix/OldRix Client v2.1 License"
    0.007 D Application root path      :  "D:/OldRix/OldRix Client v2.1 License"
    0.007 D <> Paths set.
    0.009 D Detected default console font: "Courier" , substitutions: ""
    0.010 D <> Settings loaded.
    0.011 D Loading Application Language File for ru ...
    0.011 D Your language is "ru"
    0.011 D <> Translations loaded.
    0.011 D <> Updater started.
    0.020 D Started watching  "D:/OldRix/OldRix Client v2.1 License/icons"
    0.021 D <> Instance icons intialized.
    0.021 D <> Icon themes initialized.
    0.022 D ""
    0.022 D Loading theme "custom"
    0.022 D <> Widget themes initialized.
    0.022 D Instance path              :  "instances"
    0.023 D Loading Instances...
    0.024 D Found instance ID "НоваяЭра- UltraHardcore"
    0.024 D Found instance ID "НоваяЭра- UltraTech"
    0.025 D Loaded instance  "НоваяЭра: UltraHardcore"  from  "D:/OldRix/OldRix Client v2.1 License/instances/НоваяЭра- UltraHardcore"
    0.026 D Loaded instance  "НоваяЭра: UltraTech"  from  "D:/OldRix/OldRix Client v2.1 License/instances/НоваяЭра- UltraTech"
    0.026 D <> Instances loaded.
    0.026 D Loading accounts...
    0.026 C "Failed to read the account list file (accounts.json)."
    0.026 D <> Accounts loaded.
    0.027 D <> Cache initialized.
    0.027 D Detecting proxy settings...
    0.027 D Using no proxy is an option!
    0.027 D <> Proxy settings done.
    0.027 D Downloading Translations Index...
    0.027 D Task "NetJob(Translations Index)" started
    0.033 D <> Icon theme set.
    0.033 D <> Application theme set.
    0.034 D <> Initialized analytics with tid "UA-87731965-2"
    0.067 W QMetaObject::connectSlotsByName: No matching signal for on_actionInstanceSettings_triggered()
    0.072 D Task "NetJob(Status JSON)" started
    0.086 D Reloading news.
    0.086 D Task "NetJob(News RSS Feed)" started
    0.086 D Checking for updates.
    0.086 D Channel list isn't loaded yet. Loading channel list and deferring update check.
    0.086 D Loading the channel list.
    0.086 D Task "NetJob(Update System Channel List)" started
    0.086 D Task "NetJob(Checking for notifications)" started
    0.160 D Viewport size "838x563"
    0.160 D RAM size is 16329 MB
    0.160 D [Analytics] "ScreenView: Main Window"
    0.160 D <> Main window shown.
    0.161 D Task "NetJob(Translations Index)" succeeded
    0.161 D Got translations index!
    0.162 D Task "NetJob(Translation for ru)" started
    0.162 D Download cache hit  "http://files.multimc.org/translations/index"
    0.162 D Downloading  "http://status.mojang.com/check"
    0.669 D Downloading  "http://multimc.org/rss.xml"
    0.669 D Downloading  "http://files.multimc.org/update/win32/channels.json"
    0.670 D Downloading  "http://files.multimc.org/notifications.json"
    0.701 D Downloading  "http://files.multimc.org/translations/ru.qm"
    1.384 D Location header: QUrl("https://multimc.org/rss.xml")
    1.384 D Following redirect to  "https://multimc.org/rss.xml"
    1.384 D Downloading  "https://multimc.org/rss.xml"
    1.384 D Download redirected: "https://multimc.org/rss.xml"
    1.392 D Download succeeded: "http://files.multimc.org/translations/ru.qm"
    1.392 D Task "NetJob(Translation for ru)" succeeded
    1.392 D Got translation: "ru"
    1.392 D Loading Application Language File for ru ...
    1.516 D Download succeeded: "http://files.multimc.org/update/win32/channels.json"
    1.516 D Task "NetJob(Update System Channel List)" succeeded
    1.516 D Successfully loaded UpdateChecker channel list.
    1.516 D Checking for updates.
    1.516 D m_repoUrl =  "http://files.multimc.org/update/win32/stable/"
    1.516 D Task "NetJob(GoUpdate Repository Index)" started
    1.516 D Download succeeded: "http://files.multimc.org/notifications.json"
    1.550 D Task "NetJob(Checking for notifications)" succeeded
    1.550 D Downloading  "http://files.multimc.org/update/win32/stable/index.json"
    1.606 D Download succeeded: "http://status.mojang.com/check"
    1.606 D Task "NetJob(Status JSON)" succeeded
    1.606 D Finished loading status JSON.
    1.606 D Status loading succeeded.
    1.633 D Download succeeded: "http://files.multimc.org/update/win32/stable/index.json"
    1.633 D Task "NetJob(GoUpdate Repository Index)" succeeded
    1.633 D Finished downloading repo index. Checking for new versions.
    1.633 D Processing repository version list.
    1.672 D Download succeeded: "https://multimc.org/rss.xml"
    1.672 D Task "NetJob(News RSS Feed)" succeeded
    1.672 D Finished loading RSS feed.
    1.673 D Loaded news entry "MultiMC 0.6.1 released!"
    1.673 D Loaded news entry "MultiMC 0.6.0 released!"
    1.673 D Loaded news entry "Introducing the Archive"
    1.673 D Loaded news entry "MultiMC 0.5.1 - Bugfixes"
    1.673 D Loaded news entry "MultiMC 0.5.0 - Running multiple instances at the same time!"
    1.673 D Loaded news entry "Update to 0.4.11 - OSX 10.7 fix and workaround for Minecraft 1.9 compatibility"
    1.673 D Loaded news entry "Update to 0.4.10 - Another wifi fix"
    1.673 D Loaded news entry "Update to 0.4.9 - the Windows wifi fix"
    1.673 D Loaded news entry "Update to 0.4.8"
    1.673 D Loaded news entry "Update to 0.4.7, what 0.4.6 should have been."
    1.673 D Loaded news entry "Update to 0.4.6, Bug fixes and improvements!"
    1.673 D Loaded news entry "Update to 0.4.5, Translations, Themes, and Technic"
    1.673 D Loaded news entry "Version 0.4 out - Jar mods, UI changes, and more!"
    1.673 D Loaded news entry "Introducing QuickMods - A better way to install mods"
    1.673 D Loaded news entry "Support us on Patreon!"
    1.673 D Loaded news entry "Heartbleed Vulnerability Update (fixed!)"
    1.673 D Loaded news entry "Announcing MultiMC 6"
    1.673 D Loaded news entry "MultiMC 5 - 0.3 update"
    1.674 D Loaded news entry "First official MultiMC 5 release!"
    1.674 D Loaded news entry "MultiMC Status Update"
    1.674 D News loading succeeded.
    2.352 D Selected index 0 channel id "stable"
   12.623 D Paged dialog close requested
   12.623 D Analytics enabled by user.
   12.623 D Paged dialog close approved
   12.623 D Paged dialog geometry saved
   12.654 D Found instance ID "НоваяЭра- UltraHardcore"
   12.654 D Found instance ID "НоваяЭра- UltraTech"
   12.654 D Should keep and soft-reload "НоваяЭра- UltraHardcore"
   12.654 D Should keep and soft-reload "НоваяЭра- UltraTech"
