    0.012 D <> Log initialized.
    0.012 D MultiMC 5, (c) 2013-2017 MultiMC Contributors
    0.012 D Version                    :  "0.6.1-1177"
    0.012 D Git commit                 :  "595d1571802b7d7ec1128a92a653f2ed7bdabb3c"
    0.012 D Git refspec                :  "refs/heads/stable"
    0.012 D Work dir before adjustment :  "D:/MultiMC"
    0.012 D Work dir after adjustment  :  "D:/MultiMC"
    0.012 D Adjusted by                :  "Fallback to binary path D:/MultiMC"
    0.013 D Binary path                :  "D:/MultiMC"
    0.013 D Application root path      :  "D:/MultiMC"
    0.013 D <> Paths set.
    0.022 D Detected default console font: "Courier" , substitutions: ""
    0.024 D <> Settings loaded.
    0.026 D Loading Application Language File for ru ...
    0.026 D Your language is "ru"
    0.026 D <> Translations loaded.
    0.026 D <> Updater started.
    0.028 D Started watching  "D:/MultiMC/icons"
    0.029 D <> Instance icons intialized.
    0.030 D <> Icon themes initialized.
    0.030 D ""
    0.030 D Loading theme "custom"
    0.034 D <> Widget themes initialized.
    0.034 D Instance path              :  "instances"
    0.035 D Loading Instances...
    0.044 D Found instance ID "НоваяЭра- UltraHardcore"
    0.045 D Found instance ID "НоваяЭра- UltraTech"
    0.049 D Loaded instance  "НоваяЭра: UltraHardcore"  from  "D:/MultiMC/instances/НоваяЭра- UltraHardcore"
    0.051 D Loaded instance  "НоваяЭра: UltraTech"  from  "D:/MultiMC/instances/НоваяЭра- UltraTech"
    0.052 D <> Instances loaded.
    0.052 D Loading accounts...
    0.053 D <> Accounts loaded.
    0.072 D <> Cache initialized.
    0.073 D Detecting proxy settings...
    0.073 D Using no proxy is an option!
    0.073 D <> Proxy settings done.
    0.073 D Downloading Translations Index...
    0.073 D Task "NetJob(Translations Index)" started
    0.082 D <> Icon theme set.
    0.082 D <> Application theme set.
    0.082 D <> Initialized analytics with tid "UA-87731965-2"
    0.128 W QMetaObject::connectSlotsByName: No matching signal for on_actionInstanceSettings_triggered()
    0.135 D Task "NetJob(Status JSON)" started
    0.163 D Task "NetJob(Startup player skins download)" started
    0.163 D Reloading news.
    0.163 D Task "NetJob(News RSS Feed)" started
    0.164 D Checking for updates.
    0.164 D Channel list isn't loaded yet. Loading channel list and deferring update check.
    0.164 D Loading the channel list.
    0.164 D Task "NetJob(Update System Channel List)" started
    0.164 D Task "NetJob(Checking for notifications)" started
    0.320 D Viewport size "838x563"
    0.320 D RAM size is 16329 MB
    0.320 D [Analytics] "ScreenView: Main Window"
    0.320 D <> Main window shown.
    0.321 D Task "NetJob(Translations Index)" succeeded
    0.321 D Got translations index!
    0.322 D Task "NetJob(Translation for ru)" started
    0.322 D Download cache hit  "http://files.multimc.org/translations/index"
    0.323 D Downloading  "http://status.mojang.com/check"
    0.834 D Downloading  "https://crafatar.com/skins/c09a8e7ac2f4498081635b91bb86273d.png"
    0.834 D Downloading  "http://multimc.org/rss.xml"
    0.834 D Downloading  "http://files.multimc.org/update/win32/channels.json"
    0.835 D Downloading  "http://files.multimc.org/notifications.json"
    0.886 D Downloading  "http://files.multimc.org/translations/ru.qm"
    1.904 D Location header: QUrl("https://multimc.org/rss.xml")
    1.905 D Following redirect to  "https://multimc.org/rss.xml"
    1.905 D Downloading  "https://multimc.org/rss.xml"
    1.905 D Download redirected: "https://multimc.org/rss.xml"
    1.959 D Download succeeded: "http://files.multimc.org/translations/ru.qm"
    1.959 D Task "NetJob(Translation for ru)" succeeded
    1.959 D Got translation: "ru"
    1.959 D Loading Application Language File for ru ...
    2.054 D Download succeeded: "http://files.multimc.org/update/win32/channels.json"
    2.054 D Task "NetJob(Update System Channel List)" succeeded
    2.054 D Successfully loaded UpdateChecker channel list.
    2.054 D Checking for updates.
    2.054 D m_repoUrl =  "http://files.multimc.org/update/win32/stable/"
    2.054 D Task "NetJob(GoUpdate Repository Index)" started
    2.055 D Downloading  "http://files.multimc.org/update/win32/stable/index.json"
    2.072 D Download succeeded: "http://files.multimc.org/notifications.json"
    2.131 D Task "NetJob(Checking for notifications)" succeeded
    2.132 D Download succeeded: "http://files.multimc.org/update/win32/stable/index.json"
    2.132 D Task "NetJob(GoUpdate Repository Index)" succeeded
    2.132 D Finished downloading repo index. Checking for new versions.
    2.132 D Processing repository version list.
    2.153 D Download succeeded: "http://status.mojang.com/check"
    2.153 D Task "NetJob(Status JSON)" succeeded
    2.153 D Finished loading status JSON.
    2.153 D Status loading succeeded.
    2.159 D Download succeeded: "https://multimc.org/rss.xml"
    2.159 D Task "NetJob(News RSS Feed)" succeeded
    2.159 D Finished loading RSS feed.
    2.160 D Loaded news entry "MultiMC 0.6.1 released!"
    2.160 D Loaded news entry "MultiMC 0.6.0 released!"
    2.160 D Loaded news entry "Introducing the Archive"
    2.161 D Loaded news entry "MultiMC 0.5.1 - Bugfixes"
    2.161 D Loaded news entry "MultiMC 0.5.0 - Running multiple instances at the same time!"
    2.161 D Loaded news entry "Update to 0.4.11 - OSX 10.7 fix and workaround for Minecraft 1.9 compatibility"
    2.161 D Loaded news entry "Update to 0.4.10 - Another wifi fix"
    2.161 D Loaded news entry "Update to 0.4.9 - the Windows wifi fix"
    2.161 D Loaded news entry "Update to 0.4.8"
    2.161 D Loaded news entry "Update to 0.4.7, what 0.4.6 should have been."
    2.162 D Loaded news entry "Update to 0.4.6, Bug fixes and improvements!"
    2.162 D Loaded news entry "Update to 0.4.5, Translations, Themes, and Technic"
    2.162 D Loaded news entry "Version 0.4 out - Jar mods, UI changes, and more!"
    2.162 D Loaded news entry "Introducing QuickMods - A better way to install mods"
    2.162 D Loaded news entry "Support us on Patreon!"
    2.162 D Loaded news entry "Heartbleed Vulnerability Update (fixed!)"
    2.162 D Loaded news entry "Announcing MultiMC 6"
    2.162 D Loaded news entry "MultiMC 5 - 0.3 update"
    2.163 D Loaded news entry "First official MultiMC 5 release!"
    2.163 D Loaded news entry "MultiMC Status Update"
    2.163 D News loading succeeded.
    2.257 D Download succeeded: "https://crafatar.com/skins/c09a8e7ac2f4498081635b91bb86273d.png"
    2.257 D Task "NetJob(Startup player skins download)" succeeded
    2.677 D Task "LaunchController(0x618ad50)" started
    2.678 D Task "RefreshTask(0x86bb1e8)" started
    3.560 D Processing authentication response.
    3.560 D Getting new access token.
    3.560 D Finished reading refresh response.
    3.561 D Task "RefreshTask(0x86bb1e8)" succeeded
    3.562 D Writing account list to "accounts.json"
    3.562 D Building JSON data structure.
    3.562 D Building account array.
    3.562 D Writing account list to file.
    3.563 D Saved account list to "accounts.json"
    6.452 D Task "LaunchTask(0x600efd0)" started
    6.452 D Task "TextPrint(0x86b6104)" started
    6.453 D Task "TextPrint(0x86b6104)" succeeded
    6.453 D Task "TextPrint(0x86b6084)" started
    6.453 D Task "TextPrint(0x86b6084)" succeeded
    6.453 D Task "CheckJava(0x600e950)" started
    6.455 D Task "CheckJava(0x600e950)" succeeded
    6.455 D Task "ClaimAccount(0x6050bfc)" started
    6.455 D Writing account list to "accounts.json"
    6.455 D Building JSON data structure.
    6.455 D Building account array.
    6.455 D Writing account list to file.
    6.456 D Saved account list to "accounts.json"
    6.457 W Account "slava.basser@mail.ru" is now in use.
    6.457 D Task "ClaimAccount(0x6050bfc)" succeeded
    6.457 D Task "Update(0x6050b6c)" started
    6.459 D Task "OneSixUpdate(0x86b6138)" started
    6.462 D Task "ComponentUpdateTask(0x60c1a70)" started
    6.463 D Loading components
    6.493 D Task "NetJob(Скачиваем index.json файла(ов) обновления.)" started
    6.493 D Remote loading is being run for metadata index
    6.528 D Task "NetJob(Скачиваем org.lwjgl/2.9.1.json файла(ов) обновления.)" started
    6.528 D Remote loading is being run for "LWJGL 2"
    6.548 D Task "NetJob(Скачиваем net.minecraft/1.7.10.json файла(ов) обновления.)" started
    6.548 D Remote loading is being run for "Minecraft"
    6.559 D Task "FoldersTask(0x3a2adac)" started
    6.559 D Task "FoldersTask(0x3a2adac)" succeeded
    6.568 D Downloading  "https://v1.meta.multimc.org/index.json"
    6.569 D Downloading  "https://v1.meta.multimc.org/org.lwjgl/2.9.1.json"
    6.570 D Downloading  "https://v1.meta.multimc.org/net.minecraft/1.7.10.json"
    6.863 D Download succeeded: "https://v1.meta.multimc.org/index.json"
    6.863 D Task "NetJob(Скачиваем index.json файла(ов) обновления.)" succeeded
    6.863 D Remote task 0 succeeded
    6.914 D Download succeeded: "https://v1.meta.multimc.org/org.lwjgl/2.9.1.json"
    6.914 D Task "NetJob(Скачиваем org.lwjgl/2.9.1.json файла(ов) обновления.)" succeeded
    6.915 D Remote task 1 succeeded
    6.915 D Component list save is scheduled for "НоваяЭра: UltraHardcore"
    6.971 D Download succeeded: "https://v1.meta.multimc.org/net.minecraft/1.7.10.json"
    6.971 D Task "NetJob(Скачиваем net.minecraft/1.7.10.json файла(ов) обновления.)" succeeded
    6.971 D Remote task 2 succeeded
    6.972 D Resolving dependencies
    6.972 D "Req: net.minecraft == 1.7.10" Is met.
    6.972 D "Req: org.lwjgl" Is met.
    6.972 D Task "ComponentUpdateTask(0x60c1a70)" succeeded
    6.972 D Component list update/resolve task succeeded for "НоваяЭра: UltraHardcore"
    6.972 D Task "LibrariesTask(0x86b6384)" started
    6.974 D "НоваяЭра: UltraHardcore" : downloading libraries
    6.974 D Applying "org.lwjgl" GOOD
    6.974 D Applying "net.minecraft" GOOD
    6.974 D Applying "net.minecraftforge" GOOD
    7.048 D Task "NetJob(Библиотеки для сборки НоваяЭра: UltraHardcore)" started
    7.049 D Task "NetJob(Библиотеки для сборки НоваяЭра: UltraHardcore)" succeeded
    7.049 D Task "LibrariesTask(0x86b6384)" succeeded
    7.049 D Task "FMLLibrariesTask(0x6051e44)" started
    7.049 D Task "FMLLibrariesTask(0x6051e44)" succeeded
    7.049 D Task "AssetUpdateTask(0x86b6784)" started
    7.062 D Asset index SHA1: "f90ca2878ba3141d32d949ea7f665855dd073c65"
    7.062 D "НоваяЭра: UltraHardcore" : Starting asset index download
    7.062 D Task "NetJob(Индекс ресурса для НоваяЭра: UltraHardcore)" started
    7.064 D Downloading  "https://launchermeta.mojang.com/mc/assets/1.7.10/f90ca2878ba3141d32d949ea7f665855dd073c65/1.7.10.json"
    7.353 D Download succeeded: "https://launchermeta.mojang.com/mc/assets/1.7.10/f90ca2878ba3141d32d949ea7f665855dd073c65/1.7.10.json"
    7.353 D Task "NetJob(Индекс ресурса для НоваяЭра: UltraHardcore)" succeeded
    7.353 D "НоваяЭра: UltraHardcore" : Finished asset index download
    7.938 D Task "AssetUpdateTask(0x86b6784)" succeeded
    7.939 D Task "OneSixUpdate(0x86b6138)" succeeded
    7.939 D Task "Update(0x6050b6c)" succeeded
    7.940 D Task "ModMinecraftJar(0x60bb354)" started
    7.940 D Task "ModMinecraftJar(0x60bb354)" succeeded
    7.940 D Task "PrintInstanceInfo(0x86b5b04)" started
   10.390 D reconstructAssets "assets" "assets/indexes" "assets/objects" "assets/virtual" "assets/virtual/1.7.10"
   10.394 D Task "PrintInstanceInfo(0x86b5b04)" succeeded
   10.394 D Task "CreateServerResourcePacksFolder(0x60bb584)" started
   10.394 D Task "CreateServerResourcePacksFolder(0x60bb584)" succeeded
   10.394 D Task "ExtractNatives(0x60bbc4c)" started
   10.756 D Task "ExtractNatives(0x60bbc4c)" succeeded
   10.756 D Task "LauncherPartLaunch(0x6056084)" started
   10.757 D reconstructAssets "assets" "assets/indexes" "assets/objects" "assets/virtual" "assets/virtual/1.7.10"
   10.760 D Env: ignoring "JAVA_HOME" "C:\\Program Files\\Java\\jdk1.8.0_161"
   10.761 D "-XX:HeapDumpPath=MojangTricksIntelDriversForPerformance_javaw.exe_minecraft.exe.heapdump -Xms512m -Xmx6016m -Duser.language=en -Djava.library.path=D:/MultiMC/instances/НоваяЭра- UltraHardcore/natives -cp D:/MultiMC/jars/NewLaunch.jar;D:/MultiMC/libraries/net/java/jinput/jinput/2.0.5/jinput-2.0.5.jar;D:/MultiMC/libraries/net/java/jutils/jutils/1.0.0/jutils-1.0.0.jar;D:/MultiMC/libraries/org/lwjgl/lwjgl/lwjgl/2.9.1/lwjgl-2.9.1.jar;D:/MultiMC/libraries/org/lwjgl/lwjgl/lwjgl_util/2.9.1/lwjgl_util-2.9.1.jar;D:/MultiMC/libraries/com/mojang/netty/1.6/netty-1.6.jar;D:/MultiMC/libraries/com/mojang/realms/1.3.5/realms-1.3.5.jar;D:/MultiMC/libraries/org/apache/commons/commons-compress/1.8.1/commons-compress-1.8.1.jar;D:/MultiMC/libraries/org/apache/httpcomponents/httpclient/4.3.3/httpclient-4.3.3.jar;D:/MultiMC/libraries/commons-logging/commons-logging/1.1.3/commons-logging-1.1.3.jar;D:/MultiMC/libraries/org/apache/httpcomponents/httpcore/4.3.2/httpcore-4.3.2.jar;D:/MultiMC/libraries/java3d/vecmath/1.3.1/vecmath-1.3.1.jar;D:/MultiMC/libraries/net/sf/trove4j/trove4j/3.0.3/trove4j-3.0.3.jar;D:/MultiMC/libraries/com/ibm/icu/icu4j-core-mojang/51.2/icu4j-core-mojang-51.2.jar;D:/MultiMC/libraries/net/sf/jopt-simple/jopt-simple/4.5/jopt-simple-4.5.jar;D:/MultiMC/libraries/com/paulscode/codecjorbis/20101023/codecjorbis-20101023.jar;D:/MultiMC/libraries/com/paulscode/codecwav/20101023/codecwav-20101023.jar;D:/MultiMC/libraries/com/paulscode/libraryjavasound/20101123/libraryjavasound-20101123.jar;D:/MultiMC/libraries/com/paulscode/librarylwjglopenal/20100824/librarylwjglopenal-20100824.jar;D:/MultiMC/libraries/com/paulscode/soundsystem/20120107/soundsystem-20120107.jar;D:/MultiMC/libraries/io/netty/netty-all/4.0.10.Final/netty-all-4.0.10.Final.jar;D:/MultiMC/libraries/com/google/guava/guava/17.0/guava-17.0.jar;D:/MultiMC/libraries/org/apache/commons/commons-lang3/3.3.2/commons-lang3-3.3.2.jar;D:/MultiMC/libraries/commons-io/commons-io/2.4/commons-io-2.4.jar;D:/MultiMC/libraries/commons-codec/commons-codec/1.9/commons-codec-1.9.jar;D:/MultiMC/libraries/com/google/code/gson/gson/2.2.4/gson-2.2.4.jar;D:/MultiMC/libraries/com/mojang/authlib/1.5.21/authlib-1.5.21.jar;D:/MultiMC/libraries/org/apache/logging/log4j/log4j-api/2.0-beta9/log4j-api-2.0-beta9.jar;D:/MultiMC/libraries/org/apache/logging/log4j/log4j-core/2.0-beta9/log4j-core-2.0-beta9.jar;D:/MultiMC/libraries/tv/twitch/twitch/5.16/twitch-5.16.jar;D:/MultiMC/libraries/lzma/lzma/0.0.1/lzma-0.0.1.jar;D:/MultiMC/libraries/org/scala-lang/scala-xml_2.11/1.0.2/scala-xml_2.11-1.0.2.jar;D:/MultiMC/libraries/org/scala-lang/scala-swing_2.11/1.0.1/scala-swing_2.11-1.0.1.jar;D:/MultiMC/libraries/org/scala-lang/scala-reflect/2.11.1/scala-reflect-2.11.1.jar;D:/MultiMC/libraries/org/scala-lang/scala-parser-combinators_2.11/1.0.1/scala-parser-combinators_2.11-1.0.1.jar;D:/MultiMC/libraries/org/scala-lang/scala-library/2.11.1/scala-library-2.11.1.jar;D:/MultiMC/libraries/org/scala-lang/plugins/scala-continuations-plugin_2.11.1/1.0.2/scala-continuations-plugin_2.11.1-1.0.2.jar;D:/MultiMC/libraries/org/scala-lang/plugins/scala-continuations-library_2.11/1.0.2/scala-continuations-library_2.11-1.0.2.jar;D:/MultiMC/libraries/org/scala-lang/scala-compiler/2.11.1/scala-compiler-2.11.1.jar;D:/MultiMC/libraries/org/scala-lang/scala-actors-migration_2.11/1.1.0/scala-actors-migration_2.11-1.1.0.jar;D:/MultiMC/libraries/com/typesafe/config/1.2.1/config-1.2.1.jar;D:/MultiMC/libraries/com/typesafe/akka/akka-actor_2.11/2.3.3/akka-actor_2.11-2.3.3.jar;D:/MultiMC/libraries/org/ow2/asm/asm-all/5.0.3/asm-all-5.0.3.jar;D:/MultiMC/libraries/net/minecraft/launchwrapper/1.12/launchwrapper-1.12.jar;D:/MultiMC/libraries/net/minecraftforge/forge/1.7.10-10.13.4.1614-1.7.10/forge-1.7.10-10.13.4.1614-1.7.10-universal.jar;D:/MultiMC/libraries/com/mojang/minecraft/1.7.10/minecraft-1.7.10-client.jar org.multimc.EntryPoint"
   10.965 W QCoreApplication::postEvent: Unexpected null receiver
   11.912 D Component list save performed now for "НоваяЭра: UltraHardcore"
   30.087 D [Analytics] "Query string = v=1&tid=UA-87731965-2&cid=745243ba-b287-4d40-8917-cebefaf89b9d&t=screenview&ul=ru-ru&vp=838x563&sr=1920x1080&aip=1&cd=Main Window&an=MultiMC5&av=0.6.1-1177&cd1=1.8.0_161&cd2=64&cd3=64&cd4=64&cd5=Windows&cd6=10.0&cm1=512&cm2=6016&cm3=16329&qt=29767"
   30.243 D [Analytics] "Message sent"
   60.128 D Task "NetJob(Status JSON)" started
   60.128 D Downloading  "http://status.mojang.com/check"
   60.303 D Download succeeded: "http://status.mojang.com/check"
   60.303 D Task "NetJob(Status JSON)" succeeded
   60.303 D Finished loading status JSON.
   60.303 D Status loading succeeded.
  120.128 D Task "NetJob(Status JSON)" started
  120.128 D Downloading  "http://status.mojang.com/check"
  120.266 D Download succeeded: "http://status.mojang.com/check"
  120.266 D Task "NetJob(Status JSON)" succeeded
  120.266 D Finished loading status JSON.
  120.266 D Status loading succeeded.
  180.131 D Task "NetJob(Status JSON)" started
  180.132 D Downloading  "http://status.mojang.com/check"
  180.271 D Download succeeded: "http://status.mojang.com/check"
  180.272 D Task "NetJob(Status JSON)" succeeded
  180.272 D Finished loading status JSON.
  180.272 D Status loading succeeded.
  240.133 D Task "NetJob(Status JSON)" started
  240.133 D Downloading  "http://status.mojang.com/check"
  240.277 D Download succeeded: "http://status.mojang.com/check"
  240.277 D Task "NetJob(Status JSON)" succeeded
  240.277 D Finished loading status JSON.
  240.277 D Status loading succeeded.
  300.137 D Task "NetJob(Status JSON)" started
  300.137 D Downloading  "http://status.mojang.com/check"
  300.281 D Download succeeded: "http://status.mojang.com/check"
  300.281 D Task "NetJob(Status JSON)" succeeded
  300.281 D Finished loading status JSON.
  300.281 D Status loading succeeded.
  360.128 D Task "NetJob(Status JSON)" started
  360.129 D Downloading  "http://status.mojang.com/check"
  360.269 D Download succeeded: "http://status.mojang.com/check"
  360.269 D Task "NetJob(Status JSON)" succeeded
  360.270 D Finished loading status JSON.
  360.270 D Status loading succeeded.
  420.128 D Task "NetJob(Status JSON)" started
  420.129 D Downloading  "http://status.mojang.com/check"
  420.268 D Download succeeded: "http://status.mojang.com/check"
  420.268 D Task "NetJob(Status JSON)" succeeded
  420.268 D Finished loading status JSON.
  420.268 D Status loading succeeded.
  480.133 D Task "NetJob(Status JSON)" started
  480.133 D Downloading  "http://status.mojang.com/check"
  480.274 D Download succeeded: "http://status.mojang.com/check"
  480.274 D Task "NetJob(Status JSON)" succeeded
  480.274 D Finished loading status JSON.
  480.275 D Status loading succeeded.
  540.131 D Task "NetJob(Status JSON)" started
  540.132 D Downloading  "http://status.mojang.com/check"
  540.269 D Download succeeded: "http://status.mojang.com/check"
  540.269 D Task "NetJob(Status JSON)" succeeded
  540.269 D Finished loading status JSON.
  540.269 D Status loading succeeded.
  600.128 D Task "NetJob(Status JSON)" started
  600.129 D Downloading  "http://status.mojang.com/check"
  600.268 D Download succeeded: "http://status.mojang.com/check"
  600.268 D Task "NetJob(Status JSON)" succeeded
  600.268 D Finished loading status JSON.
  600.268 D Status loading succeeded.
  660.133 D Task "NetJob(Status JSON)" started
  660.134 D Downloading  "http://status.mojang.com/check"
  660.281 D Download succeeded: "http://status.mojang.com/check"
  660.281 D Task "NetJob(Status JSON)" succeeded
  660.281 D Finished loading status JSON.
  660.281 D Status loading succeeded.
  720.132 D Task "NetJob(Status JSON)" started
  720.133 D Downloading  "http://status.mojang.com/check"
  720.272 D Download succeeded: "http://status.mojang.com/check"
  720.272 D Task "NetJob(Status JSON)" succeeded
  720.272 D Finished loading status JSON.
  720.273 D Status loading succeeded.
  780.134 D Task "NetJob(Status JSON)" started
  780.134 D Downloading  "http://status.mojang.com/check"
  780.280 D Download succeeded: "http://status.mojang.com/check"
  780.281 D Task "NetJob(Status JSON)" succeeded
  780.281 D Finished loading status JSON.
  780.281 D Status loading succeeded.
  840.131 D Task "NetJob(Status JSON)" started
  840.131 D Downloading  "http://status.mojang.com/check"
  840.277 D Download succeeded: "http://status.mojang.com/check"
  840.277 D Task "NetJob(Status JSON)" succeeded
  840.277 D Finished loading status JSON.
  840.277 D Status loading succeeded.
  900.138 D Task "NetJob(Status JSON)" started
  900.139 D Downloading  "http://status.mojang.com/check"
  900.279 D Download succeeded: "http://status.mojang.com/check"
  900.279 D Task "NetJob(Status JSON)" succeeded
  900.279 D Finished loading status JSON.
  900.280 D Status loading succeeded.
  960.130 D Task "NetJob(Status JSON)" started
  960.131 D Downloading  "http://status.mojang.com/check"
  960.277 D Download succeeded: "http://status.mojang.com/check"
  960.277 D Task "NetJob(Status JSON)" succeeded
  960.277 D Finished loading status JSON.
  960.277 D Status loading succeeded.
 1020.132 D Task "NetJob(Status JSON)" started
 1020.132 D Downloading  "http://status.mojang.com/check"
 1020.273 D Download succeeded: "http://status.mojang.com/check"
 1020.274 D Task "NetJob(Status JSON)" succeeded
 1020.274 D Finished loading status JSON.
 1020.274 D Status loading succeeded.
 1036.833 D Task "LauncherPartLaunch(0x6056084)" succeeded
 1036.839 D Writing account list to "accounts.json"
 1036.839 D Building JSON data structure.
 1036.839 D Building account array.
 1036.839 D Writing account list to file.
 1036.840 D Saved account list to "accounts.json"
 1036.841 W Account "slava.basser@mail.ru" is no longer in use.
 1037.005 D Task "LaunchTask(0x600efd0)" succeeded
 1037.005 D Task "LaunchController(0x618ad50)" succeeded
