    0.044 D <> Log initialized.
    0.044 D MultiMC 5, (c) 2013-2017 MultiMC Contributors
    0.044 D Version                    :  "0.6.1-1177"
    0.044 D Git commit                 :  "595d1571802b7d7ec1128a92a653f2ed7bdabb3c"
    0.044 D Git refspec                :  "refs/heads/stable"
    0.044 D Work dir before adjustment :  "D:/MultiMC"
    0.045 D Work dir after adjustment  :  "D:/MultiMC"
    0.045 D Adjusted by                :  "Fallback to binary path D:/MultiMC"
    0.045 D Binary path                :  "D:/MultiMC"
    0.045 D Application root path      :  "D:/MultiMC"
    0.045 D <> Paths set.
    0.050 D Detected default console font: "Courier" , substitutions: ""
    0.051 D <> Settings loaded.
    0.054 D Loading Application Language File for ru ...
    0.054 D Your language is "ru"
    0.054 D <> Translations loaded.
    0.054 D <> Updater started.
    0.056 D Started watching  "D:/MultiMC/icons"
    0.057 D <> Instance icons intialized.
    0.058 D <> Icon themes initialized.
    0.058 D ""
    0.058 D Loading theme "custom"
    0.061 D <> Widget themes initialized.
    0.061 D Instance path              :  "instances"
    0.062 D Loading Instances...
    0.075 D Found instance ID "НоваяЭра- UltraHardcore"
    0.075 D Found instance ID "НоваяЭра- UltraTech"
    0.079 D Loaded instance  "НоваяЭра: UltraHardcore"  from  "D:/MultiMC/instances/НоваяЭра- UltraHardcore"
    0.082 D Loaded instance  "НоваяЭра: UltraTech"  from  "D:/MultiMC/instances/НоваяЭра- UltraTech"
    0.082 D <> Instances loaded.
    0.082 D Loading accounts...
    0.084 D <> Accounts loaded.
    0.103 D <> Cache initialized.
    0.103 D Detecting proxy settings...
    0.103 D Using no proxy is an option!
    0.103 D <> Proxy settings done.
    0.103 D Downloading Translations Index...
    0.103 D Task "NetJob(Translations Index)" started
    0.111 D <> Icon theme set.
    0.111 D <> Application theme set.
    0.111 D <> Initialized analytics with tid "UA-87731965-2"
    0.146 W QMetaObject::connectSlotsByName: No matching signal for on_actionInstanceSettings_triggered()
    0.150 D Task "NetJob(Status JSON)" started
    0.168 D Task "NetJob(Startup player skins download)" started
    0.168 D Reloading news.
    0.168 D Task "NetJob(News RSS Feed)" started
    0.168 D Checking for updates.
    0.168 D Channel list isn't loaded yet. Loading channel list and deferring update check.
    0.168 D Loading the channel list.
    0.168 D Task "NetJob(Update System Channel List)" started
    0.168 D Task "NetJob(Checking for notifications)" started
    0.337 D Viewport size "838x563"
    0.337 D RAM size is 16329 MB
    0.337 D [Analytics] "ScreenView: Main Window"
    0.337 D <> Main window shown.
    0.338 D Task "NetJob(Translations Index)" succeeded
    0.338 D Got translations index!
    0.339 D Task "NetJob(Translation for ru)" started
    0.339 D Download cache hit  "http://files.multimc.org/translations/index"
    0.339 D Downloading  "http://status.mojang.com/check"
    0.856 D Downloading  "https://crafatar.com/skins/c09a8e7ac2f4498081635b91bb86273d.png"
    0.856 D Downloading  "http://multimc.org/rss.xml"
    0.856 D Downloading  "http://files.multimc.org/update/win32/channels.json"
    0.857 D Downloading  "http://files.multimc.org/notifications.json"
    0.892 D Downloading  "http://files.multimc.org/translations/ru.qm"
    2.447 D Task "LaunchController(0x6005a08)" started
    2.448 D Task "RefreshTask(0x5fe2ac0)" started
    3.031 D Download succeeded: "http://files.multimc.org/translations/ru.qm"
    3.031 D Task "NetJob(Translation for ru)" succeeded
    3.031 D Got translation: "ru"
    3.031 D Loading Application Language File for ru ...
    3.144 D Download succeeded: "http://files.multimc.org/notifications.json"
    3.235 D Task "NetJob(Checking for notifications)" succeeded
    3.242 D Download succeeded: "http://status.mojang.com/check"
    3.243 D Task "NetJob(Status JSON)" succeeded
    3.243 D Finished loading status JSON.
    3.243 D Status loading succeeded.
    3.312 D Download succeeded: "http://files.multimc.org/update/win32/channels.json"
    3.312 D Task "NetJob(Update System Channel List)" succeeded
    3.312 D Successfully loaded UpdateChecker channel list.
    3.312 D Checking for updates.
    3.312 D m_repoUrl =  "http://files.multimc.org/update/win32/stable/"
    3.312 D Task "NetJob(GoUpdate Repository Index)" started
    3.312 D Downloading  "http://files.multimc.org/update/win32/stable/index.json"
    3.314 D Location header: QUrl("https://multimc.org/rss.xml")
    3.314 D Following redirect to  "https://multimc.org/rss.xml"
    3.315 D Downloading  "https://multimc.org/rss.xml"
    3.315 D Download redirected: "https://multimc.org/rss.xml"
    3.342 D Download succeeded: "https://crafatar.com/skins/c09a8e7ac2f4498081635b91bb86273d.png"
    3.342 D Task "NetJob(Startup player skins download)" succeeded
    3.391 D Processing authentication response.
    3.392 D Getting new access token.
    3.392 D Finished reading refresh response.
    3.392 D Task "RefreshTask(0x5fe2ac0)" succeeded
    3.392 D Writing account list to "accounts.json"
    3.392 D Building JSON data structure.
    3.392 D Building account array.
    3.392 D Writing account list to file.
    3.393 D Saved account list to "accounts.json"
    6.304 D Task "LaunchTask(0x6005af8)" started
    6.304 D Task "TextPrint(0x5fe64ec)" started
    6.304 D Task "TextPrint(0x5fe64ec)" succeeded
    6.304 D Task "TextPrint(0x5fe67ac)" started
    6.304 D Task "TextPrint(0x5fe67ac)" succeeded
    6.305 D Task "CheckJava(0x6005b58)" started
    6.305 D Task "CheckJava(0x6005b58)" succeeded
    6.305 D Task "ClaimAccount(0x5f7871c)" started
    6.305 D Writing account list to "accounts.json"
    6.305 D Building JSON data structure.
    6.305 D Building account array.
    6.306 D Writing account list to file.
    6.306 D Saved account list to "accounts.json"
    6.306 W Account "slava.basser@mail.ru" is now in use.
    6.306 D Task "ClaimAccount(0x5f7871c)" succeeded
    6.306 D Task "Update(0x5f78914)" started
    6.307 D Task "OneSixUpdate(0x5fe6460)" started
    6.314 D Task "ComponentUpdateTask(0x60055a0)" started
    6.314 D Loading components
    6.340 D Task "NetJob(Скачиваем index.json файла(ов) обновления.)" started
    6.340 D Remote loading is being run for metadata index
    6.378 D Task "NetJob(Скачиваем org.lwjgl/2.9.1.json файла(ов) обновления.)" started
    6.378 D Remote loading is being run for "LWJGL 2"
    6.391 D Task "NetJob(Скачиваем net.minecraft/1.7.10.json файла(ов) обновления.)" started
    6.391 D Remote loading is being run for "Minecraft"
    6.405 D Task "FoldersTask(0x5ff1cc4)" started
    6.405 D Task "FoldersTask(0x5ff1cc4)" succeeded
    6.410 D Downloading  "https://v1.meta.multimc.org/index.json"
    6.411 D Downloading  "https://v1.meta.multimc.org/org.lwjgl/2.9.1.json"
    6.412 D Downloading  "https://v1.meta.multimc.org/net.minecraft/1.7.10.json"
    6.423 D Download succeeded: "http://files.multimc.org/update/win32/stable/index.json"
    6.423 D Task "NetJob(GoUpdate Repository Index)" succeeded
    6.424 D Finished downloading repo index. Checking for new versions.
    6.424 D Processing repository version list.
    6.677 D Download succeeded: "https://v1.meta.multimc.org/org.lwjgl/2.9.1.json"
    6.677 D Task "NetJob(Скачиваем org.lwjgl/2.9.1.json файла(ов) обновления.)" succeeded
    6.677 D Remote task 1 succeeded
    6.677 D Component list save is scheduled for "НоваяЭра: UltraHardcore"
    6.776 D Download succeeded: "https://v1.meta.multimc.org/index.json"
    6.776 D Task "NetJob(Скачиваем index.json файла(ов) обновления.)" succeeded
    6.777 D Remote task 0 succeeded
    6.828 D Download succeeded: "https://v1.meta.multimc.org/net.minecraft/1.7.10.json"
    6.828 D Task "NetJob(Скачиваем net.minecraft/1.7.10.json файла(ов) обновления.)" succeeded
    6.828 D Remote task 2 succeeded
    6.828 D Resolving dependencies
    6.828 D "Req: net.minecraft == 1.7.10" Is met.
    6.829 D "Req: org.lwjgl" Is met.
    6.829 D Task "ComponentUpdateTask(0x60055a0)" succeeded
    6.829 D Component list update/resolve task succeeded for "НоваяЭра: UltraHardcore"
    6.829 D Task "LibrariesTask(0x86c1d5c)" started
    6.830 D "НоваяЭра: UltraHardcore" : downloading libraries
    6.831 D Applying "org.lwjgl" GOOD
    6.831 D Applying "net.minecraft" GOOD
    6.831 D Applying "net.minecraftforge" GOOD
    6.903 D Task "NetJob(Библиотеки для сборки НоваяЭра: UltraHardcore)" started
    6.904 D Download succeeded: "https://multimc.org/rss.xml"
    6.904 D Task "NetJob(News RSS Feed)" succeeded
    6.904 D Finished loading RSS feed.
    6.905 D Loaded news entry "MultiMC 0.6.1 released!"
    6.905 D Loaded news entry "MultiMC 0.6.0 released!"
    6.905 D Loaded news entry "Introducing the Archive"
    6.905 D Loaded news entry "MultiMC 0.5.1 - Bugfixes"
    6.905 D Loaded news entry "MultiMC 0.5.0 - Running multiple instances at the same time!"
    6.906 D Loaded news entry "Update to 0.4.11 - OSX 10.7 fix and workaround for Minecraft 1.9 compatibility"
    6.906 D Loaded news entry "Update to 0.4.10 - Another wifi fix"
    6.906 D Loaded news entry "Update to 0.4.9 - the Windows wifi fix"
    6.906 D Loaded news entry "Update to 0.4.8"
    6.906 D Loaded news entry "Update to 0.4.7, what 0.4.6 should have been."
    6.906 D Loaded news entry "Update to 0.4.6, Bug fixes and improvements!"
    6.906 D Loaded news entry "Update to 0.4.5, Translations, Themes, and Technic"
    6.906 D Loaded news entry "Version 0.4 out - Jar mods, UI changes, and more!"
    6.907 D Loaded news entry "Introducing QuickMods - A better way to install mods"
    6.907 D Loaded news entry "Support us on Patreon!"
    6.907 D Loaded news entry "Heartbleed Vulnerability Update (fixed!)"
    6.907 D Loaded news entry "Announcing MultiMC 6"
    6.907 D Loaded news entry "MultiMC 5 - 0.3 update"
    6.907 D Loaded news entry "First official MultiMC 5 release!"
    6.908 D Loaded news entry "MultiMC Status Update"
    6.908 D News loading succeeded.
    6.908 D Task "NetJob(Библиотеки для сборки НоваяЭра: UltraHardcore)" succeeded
    6.908 D Task "LibrariesTask(0x86c1d5c)" succeeded
    6.909 D Task "FMLLibrariesTask(0x5f79064)" started
    6.909 D Task "FMLLibrariesTask(0x5f79064)" succeeded
    6.909 D Task "AssetUpdateTask(0x86c1a5c)" started
    6.917 D Asset index SHA1: "f90ca2878ba3141d32d949ea7f665855dd073c65"
    6.918 D "НоваяЭра: UltraHardcore" : Starting asset index download
    6.918 D Task "NetJob(Индекс ресурса для НоваяЭра: UltraHardcore)" started
    6.924 D Downloading  "https://launchermeta.mojang.com/mc/assets/1.7.10/f90ca2878ba3141d32d949ea7f665855dd073c65/1.7.10.json"
    7.189 D Download succeeded: "https://launchermeta.mojang.com/mc/assets/1.7.10/f90ca2878ba3141d32d949ea7f665855dd073c65/1.7.10.json"
    7.189 D Task "NetJob(Индекс ресурса для НоваяЭра: UltraHardcore)" succeeded
    7.189 D "НоваяЭра: UltraHardcore" : Finished asset index download
    7.694 D Task "AssetUpdateTask(0x86c1a5c)" succeeded
    7.695 D Task "OneSixUpdate(0x5fe6460)" succeeded
    7.695 D Task "Update(0x5f78914)" succeeded
    7.695 D Task "ModMinecraftJar(0x5ff1244)" started
    7.695 D Task "ModMinecraftJar(0x5ff1244)" succeeded
    7.695 D Task "PrintInstanceInfo(0x5fe636c)" started
    9.872 D reconstructAssets "assets" "assets/indexes" "assets/objects" "assets/virtual" "assets/virtual/1.7.10"
    9.876 D Task "PrintInstanceInfo(0x5fe636c)" succeeded
    9.876 D Task "CreateServerResourcePacksFolder(0x5ff0fa4)" started
    9.876 D Task "CreateServerResourcePacksFolder(0x5ff0fa4)" succeeded
    9.876 D Task "ExtractNatives(0x5ff1014)" started
   10.181 D Task "ExtractNatives(0x5ff1014)" succeeded
   10.181 D Task "LauncherPartLaunch(0x5f5d854)" started
   10.181 D reconstructAssets "assets" "assets/indexes" "assets/objects" "assets/virtual" "assets/virtual/1.7.10"
   10.184 D Env: ignoring "JAVA_HOME" "C:\\Program Files\\Java\\jdk1.8.0_161"
   10.185 D "-XX:HeapDumpPath=MojangTricksIntelDriversForPerformance_javaw.exe_minecraft.exe.heapdump -Xms512m -Xmx6016m -Duser.language=en -Djava.library.path=D:/MultiMC/instances/НоваяЭра- UltraHardcore/natives -cp D:/MultiMC/jars/NewLaunch.jar;D:/MultiMC/libraries/net/java/jinput/jinput/2.0.5/jinput-2.0.5.jar;D:/MultiMC/libraries/net/java/jutils/jutils/1.0.0/jutils-1.0.0.jar;D:/MultiMC/libraries/org/lwjgl/lwjgl/lwjgl/2.9.1/lwjgl-2.9.1.jar;D:/MultiMC/libraries/org/lwjgl/lwjgl/lwjgl_util/2.9.1/lwjgl_util-2.9.1.jar;D:/MultiMC/libraries/com/mojang/netty/1.6/netty-1.6.jar;D:/MultiMC/libraries/com/mojang/realms/1.3.5/realms-1.3.5.jar;D:/MultiMC/libraries/org/apache/commons/commons-compress/1.8.1/commons-compress-1.8.1.jar;D:/MultiMC/libraries/org/apache/httpcomponents/httpclient/4.3.3/httpclient-4.3.3.jar;D:/MultiMC/libraries/commons-logging/commons-logging/1.1.3/commons-logging-1.1.3.jar;D:/MultiMC/libraries/org/apache/httpcomponents/httpcore/4.3.2/httpcore-4.3.2.jar;D:/MultiMC/libraries/java3d/vecmath/1.3.1/vecmath-1.3.1.jar;D:/MultiMC/libraries/net/sf/trove4j/trove4j/3.0.3/trove4j-3.0.3.jar;D:/MultiMC/libraries/com/ibm/icu/icu4j-core-mojang/51.2/icu4j-core-mojang-51.2.jar;D:/MultiMC/libraries/net/sf/jopt-simple/jopt-simple/4.5/jopt-simple-4.5.jar;D:/MultiMC/libraries/com/paulscode/codecjorbis/20101023/codecjorbis-20101023.jar;D:/MultiMC/libraries/com/paulscode/codecwav/20101023/codecwav-20101023.jar;D:/MultiMC/libraries/com/paulscode/libraryjavasound/20101123/libraryjavasound-20101123.jar;D:/MultiMC/libraries/com/paulscode/librarylwjglopenal/20100824/librarylwjglopenal-20100824.jar;D:/MultiMC/libraries/com/paulscode/soundsystem/20120107/soundsystem-20120107.jar;D:/MultiMC/libraries/io/netty/netty-all/4.0.10.Final/netty-all-4.0.10.Final.jar;D:/MultiMC/libraries/com/google/guava/guava/17.0/guava-17.0.jar;D:/MultiMC/libraries/org/apache/commons/commons-lang3/3.3.2/commons-lang3-3.3.2.jar;D:/MultiMC/libraries/commons-io/commons-io/2.4/commons-io-2.4.jar;D:/MultiMC/libraries/commons-codec/commons-codec/1.9/commons-codec-1.9.jar;D:/MultiMC/libraries/com/google/code/gson/gson/2.2.4/gson-2.2.4.jar;D:/MultiMC/libraries/com/mojang/authlib/1.5.21/authlib-1.5.21.jar;D:/MultiMC/libraries/org/apache/logging/log4j/log4j-api/2.0-beta9/log4j-api-2.0-beta9.jar;D:/MultiMC/libraries/org/apache/logging/log4j/log4j-core/2.0-beta9/log4j-core-2.0-beta9.jar;D:/MultiMC/libraries/tv/twitch/twitch/5.16/twitch-5.16.jar;D:/MultiMC/libraries/lzma/lzma/0.0.1/lzma-0.0.1.jar;D:/MultiMC/libraries/org/scala-lang/scala-xml_2.11/1.0.2/scala-xml_2.11-1.0.2.jar;D:/MultiMC/libraries/org/scala-lang/scala-swing_2.11/1.0.1/scala-swing_2.11-1.0.1.jar;D:/MultiMC/libraries/org/scala-lang/scala-reflect/2.11.1/scala-reflect-2.11.1.jar;D:/MultiMC/libraries/org/scala-lang/scala-parser-combinators_2.11/1.0.1/scala-parser-combinators_2.11-1.0.1.jar;D:/MultiMC/libraries/org/scala-lang/scala-library/2.11.1/scala-library-2.11.1.jar;D:/MultiMC/libraries/org/scala-lang/plugins/scala-continuations-plugin_2.11.1/1.0.2/scala-continuations-plugin_2.11.1-1.0.2.jar;D:/MultiMC/libraries/org/scala-lang/plugins/scala-continuations-library_2.11/1.0.2/scala-continuations-library_2.11-1.0.2.jar;D:/MultiMC/libraries/org/scala-lang/scala-compiler/2.11.1/scala-compiler-2.11.1.jar;D:/MultiMC/libraries/org/scala-lang/scala-actors-migration_2.11/1.1.0/scala-actors-migration_2.11-1.1.0.jar;D:/MultiMC/libraries/com/typesafe/config/1.2.1/config-1.2.1.jar;D:/MultiMC/libraries/com/typesafe/akka/akka-actor_2.11/2.3.3/akka-actor_2.11-2.3.3.jar;D:/MultiMC/libraries/org/ow2/asm/asm-all/5.0.3/asm-all-5.0.3.jar;D:/MultiMC/libraries/net/minecraft/launchwrapper/1.12/launchwrapper-1.12.jar;D:/MultiMC/libraries/net/minecraftforge/forge/1.7.10-10.13.4.1614-1.7.10/forge-1.7.10-10.13.4.1614-1.7.10-universal.jar;D:/MultiMC/libraries/com/mojang/minecraft/1.7.10/minecraft-1.7.10-client.jar org.multimc.EntryPoint"
   10.411 W QCoreApplication::postEvent: Unexpected null receiver
   11.674 D Component list save performed now for "НоваяЭра: UltraHardcore"
   30.111 D [Analytics] "Query string = v=1&tid=UA-87731965-2&cid=745243ba-b287-4d40-8917-cebefaf89b9d&t=screenview&ul=ru-ru&vp=838x563&sr=1920x1080&aip=1&cd=Main Window&an=MultiMC5&av=0.6.1-1177&cd1=1.8.0_161&cd2=64&cd3=64&cd4=64&cd5=Windows&cd6=10.0&cm1=512&cm2=6016&cm3=16329&qt=29774"
   30.269 D [Analytics] "Message sent"
   60.139 D Task "NetJob(Status JSON)" started
   60.139 D Downloading  "http://status.mojang.com/check"
   60.282 D Download succeeded: "http://status.mojang.com/check"
   60.282 D Task "NetJob(Status JSON)" succeeded
   60.282 D Finished loading status JSON.
   60.282 D Status loading succeeded.
  120.139 D Task "NetJob(Status JSON)" started
  120.139 D Downloading  "http://status.mojang.com/check"
  120.281 D Download succeeded: "http://status.mojang.com/check"
  120.281 D Task "NetJob(Status JSON)" succeeded
  120.281 D Finished loading status JSON.
  120.281 D Status loading succeeded.
  180.141 D Task "NetJob(Status JSON)" started
  180.141 D Downloading  "http://status.mojang.com/check"
  180.291 D Download succeeded: "http://status.mojang.com/check"
  180.291 D Task "NetJob(Status JSON)" succeeded
  180.291 D Finished loading status JSON.
  180.291 D Status loading succeeded.
  240.140 D Task "NetJob(Status JSON)" started
  240.140 D Downloading  "http://status.mojang.com/check"
  240.290 D Download succeeded: "http://status.mojang.com/check"
  240.290 D Task "NetJob(Status JSON)" succeeded
  240.290 D Finished loading status JSON.
  240.290 D Status loading succeeded.
  300.154 D Task "NetJob(Status JSON)" started
  300.154 D Downloading  "http://status.mojang.com/check"
  300.300 D Download succeeded: "http://status.mojang.com/check"
  300.300 D Task "NetJob(Status JSON)" succeeded
  300.301 D Finished loading status JSON.
  300.301 D Status loading succeeded.
  360.155 D Task "NetJob(Status JSON)" started
  360.155 D Downloading  "http://status.mojang.com/check"
  360.306 D Download succeeded: "http://status.mojang.com/check"
  360.306 D Task "NetJob(Status JSON)" succeeded
  360.306 D Finished loading status JSON.
  360.306 D Status loading succeeded.
  420.156 D Task "NetJob(Status JSON)" started
  420.156 D Downloading  "http://status.mojang.com/check"
  420.299 D Download succeeded: "http://status.mojang.com/check"
  420.299 D Task "NetJob(Status JSON)" succeeded
  420.299 D Finished loading status JSON.
  420.299 D Status loading succeeded.
  480.156 D Task "NetJob(Status JSON)" started
  480.156 D Downloading  "http://status.mojang.com/check"
  480.309 D Download succeeded: "http://status.mojang.com/check"
  480.310 D Task "NetJob(Status JSON)" succeeded
  480.310 D Finished loading status JSON.
  480.310 D Status loading succeeded.
  540.154 D Task "NetJob(Status JSON)" started
  540.154 D Downloading  "http://status.mojang.com/check"
  540.303 D Download succeeded: "http://status.mojang.com/check"
  540.303 D Task "NetJob(Status JSON)" succeeded
  540.303 D Finished loading status JSON.
  540.303 D Status loading succeeded.
  600.155 D Task "NetJob(Status JSON)" started
  600.155 D Downloading  "http://status.mojang.com/check"
  600.305 D Download succeeded: "http://status.mojang.com/check"
  600.305 D Task "NetJob(Status JSON)" succeeded
  600.305 D Finished loading status JSON.
  600.305 D Status loading succeeded.
  660.158 D Task "NetJob(Status JSON)" started
  660.159 D Downloading  "http://status.mojang.com/check"
  660.305 D Download succeeded: "http://status.mojang.com/check"
  660.305 D Task "NetJob(Status JSON)" succeeded
  660.305 D Finished loading status JSON.
  660.305 D Status loading succeeded.
  720.166 D Task "NetJob(Status JSON)" started
  720.166 D Downloading  "http://status.mojang.com/check"
  720.308 D Download succeeded: "http://status.mojang.com/check"
  720.308 D Task "NetJob(Status JSON)" succeeded
  720.308 D Finished loading status JSON.
  720.308 D Status loading succeeded.
  780.169 D Task "NetJob(Status JSON)" started
  780.169 D Downloading  "http://status.mojang.com/check"
  780.314 D Download succeeded: "http://status.mojang.com/check"
  780.314 D Task "NetJob(Status JSON)" succeeded
  780.314 D Finished loading status JSON.
  780.314 D Status loading succeeded.
  840.157 D Task "NetJob(Status JSON)" started
  840.158 D Downloading  "http://status.mojang.com/check"
  840.302 D Download succeeded: "http://status.mojang.com/check"
  840.302 D Task "NetJob(Status JSON)" succeeded
  840.302 D Finished loading status JSON.
  840.302 D Status loading succeeded.
  900.166 D Task "NetJob(Status JSON)" started
  900.166 D Downloading  "http://status.mojang.com/check"
  900.317 D Download succeeded: "http://status.mojang.com/check"
  900.317 D Task "NetJob(Status JSON)" succeeded
  900.317 D Finished loading status JSON.
  900.317 D Status loading succeeded.
  960.165 D Task "NetJob(Status JSON)" started
  960.165 D Downloading  "http://status.mojang.com/check"
  960.312 D Download succeeded: "http://status.mojang.com/check"
  960.313 D Task "NetJob(Status JSON)" succeeded
  960.313 D Finished loading status JSON.
  960.313 D Status loading succeeded.
 1020.164 D Task "NetJob(Status JSON)" started
 1020.164 D Downloading  "http://status.mojang.com/check"
 1020.311 D Download succeeded: "http://status.mojang.com/check"
 1020.312 D Task "NetJob(Status JSON)" succeeded
 1020.312 D Finished loading status JSON.
 1020.312 D Status loading succeeded.
 1080.159 D Task "NetJob(Status JSON)" started
 1080.159 D Downloading  "http://status.mojang.com/check"
 1080.300 D Download succeeded: "http://status.mojang.com/check"
 1080.301 D Task "NetJob(Status JSON)" succeeded
 1080.301 D Finished loading status JSON.
 1080.301 D Status loading succeeded.
 1140.157 D Task "NetJob(Status JSON)" started
 1140.157 D Downloading  "http://status.mojang.com/check"
 1140.304 D Download succeeded: "http://status.mojang.com/check"
 1140.304 D Task "NetJob(Status JSON)" succeeded
 1140.304 D Finished loading status JSON.
 1140.304 D Status loading succeeded.
 1200.166 D Task "NetJob(Status JSON)" started
 1200.166 D Downloading  "http://status.mojang.com/check"
 1200.311 D Download succeeded: "http://status.mojang.com/check"
 1200.311 D Task "NetJob(Status JSON)" succeeded
 1200.311 D Finished loading status JSON.
 1200.311 D Status loading succeeded.
 1260.156 D Task "NetJob(Status JSON)" started
 1260.156 D Downloading  "http://status.mojang.com/check"
 1260.301 D Download succeeded: "http://status.mojang.com/check"
 1260.301 D Task "NetJob(Status JSON)" succeeded
 1260.301 D Finished loading status JSON.
 1260.301 D Status loading succeeded.
 1320.154 D Task "NetJob(Status JSON)" started
 1320.155 D Downloading  "http://status.mojang.com/check"
 1320.304 D Download succeeded: "http://status.mojang.com/check"
 1320.304 D Task "NetJob(Status JSON)" succeeded
 1320.304 D Finished loading status JSON.
 1320.304 D Status loading succeeded.
 1380.155 D Task "NetJob(Status JSON)" started
 1380.155 D Downloading  "http://status.mojang.com/check"
 1380.310 D Download succeeded: "http://status.mojang.com/check"
 1380.310 D Task "NetJob(Status JSON)" succeeded
 1380.311 D Finished loading status JSON.
 1380.311 D Status loading succeeded.
 1440.167 D Task "NetJob(Status JSON)" started
 1440.167 D Downloading  "http://status.mojang.com/check"
 1440.314 D Download succeeded: "http://status.mojang.com/check"
 1440.314 D Task "NetJob(Status JSON)" succeeded
 1440.314 D Finished loading status JSON.
 1440.314 D Status loading succeeded.
 1500.154 D Task "NetJob(Status JSON)" started
 1500.155 D Downloading  "http://status.mojang.com/check"
 1500.305 D Download succeeded: "http://status.mojang.com/check"
 1500.305 D Task "NetJob(Status JSON)" succeeded
 1500.305 D Finished loading status JSON.
 1500.305 D Status loading succeeded.
 1560.162 D Task "NetJob(Status JSON)" started
 1560.162 D Downloading  "http://status.mojang.com/check"
 1560.305 D Download succeeded: "http://status.mojang.com/check"
 1560.305 D Task "NetJob(Status JSON)" succeeded
 1560.306 D Finished loading status JSON.
 1560.306 D Status loading succeeded.
 1620.154 D Task "NetJob(Status JSON)" started
 1620.154 D Downloading  "http://status.mojang.com/check"
 1620.297 D Download succeeded: "http://status.mojang.com/check"
 1620.297 D Task "NetJob(Status JSON)" succeeded
 1620.297 D Finished loading status JSON.
 1620.297 D Status loading succeeded.
 1680.168 D Task "NetJob(Status JSON)" started
 1680.168 D Downloading  "http://status.mojang.com/check"
 1680.317 D Download succeeded: "http://status.mojang.com/check"
 1680.317 D Task "NetJob(Status JSON)" succeeded
 1680.317 D Finished loading status JSON.
 1680.317 D Status loading succeeded.
 1740.167 D Task "NetJob(Status JSON)" started
 1740.167 D Downloading  "http://status.mojang.com/check"
 1740.309 D Download succeeded: "http://status.mojang.com/check"
 1740.309 D Task "NetJob(Status JSON)" succeeded
 1740.309 D Finished loading status JSON.
 1740.309 D Status loading succeeded.
 1800.158 D Task "NetJob(Status JSON)" started
 1800.158 D Downloading  "http://status.mojang.com/check"
 1800.300 D Download succeeded: "http://status.mojang.com/check"
 1800.301 D Task "NetJob(Status JSON)" succeeded
 1800.301 D Finished loading status JSON.
 1800.301 D Status loading succeeded.
 1860.155 D Task "NetJob(Status JSON)" started
 1860.155 D Downloading  "http://status.mojang.com/check"
 1860.297 D Download succeeded: "http://status.mojang.com/check"
 1860.298 D Task "NetJob(Status JSON)" succeeded
 1860.298 D Finished loading status JSON.
 1860.298 D Status loading succeeded.
 1920.160 D Task "NetJob(Status JSON)" started
 1920.160 D Downloading  "http://status.mojang.com/check"
 1920.301 D Download succeeded: "http://status.mojang.com/check"
 1920.301 D Task "NetJob(Status JSON)" succeeded
 1920.301 D Finished loading status JSON.
 1920.301 D Status loading succeeded.
 1980.165 D Task "NetJob(Status JSON)" started
 1980.166 D Downloading  "http://status.mojang.com/check"
 1980.308 D Download succeeded: "http://status.mojang.com/check"
 1980.308 D Task "NetJob(Status JSON)" succeeded
 1980.308 D Finished loading status JSON.
 1980.308 D Status loading succeeded.
 2040.157 D Task "NetJob(Status JSON)" started
 2040.157 D Downloading  "http://status.mojang.com/check"
 2040.307 D Download succeeded: "http://status.mojang.com/check"
 2040.307 D Task "NetJob(Status JSON)" succeeded
 2040.307 D Finished loading status JSON.
 2040.307 D Status loading succeeded.
 2100.166 D Task "NetJob(Status JSON)" started
 2100.166 D Downloading  "http://status.mojang.com/check"
 2100.308 D Download succeeded: "http://status.mojang.com/check"
 2100.308 D Task "NetJob(Status JSON)" succeeded
 2100.308 D Finished loading status JSON.
 2100.308 D Status loading succeeded.
 2160.154 D Task "NetJob(Status JSON)" started
 2160.154 D Downloading  "http://status.mojang.com/check"
 2160.298 D Download succeeded: "http://status.mojang.com/check"
 2160.298 D Task "NetJob(Status JSON)" succeeded
 2160.298 D Finished loading status JSON.
 2160.298 D Status loading succeeded.
 2220.169 D Task "NetJob(Status JSON)" started
 2220.169 D Downloading  "http://status.mojang.com/check"
 2220.311 D Download succeeded: "http://status.mojang.com/check"
 2220.311 D Task "NetJob(Status JSON)" succeeded
 2220.311 D Finished loading status JSON.
 2220.311 D Status loading succeeded.
 2280.165 D Task "NetJob(Status JSON)" started
 2280.165 D Downloading  "http://status.mojang.com/check"
 2280.315 D Download succeeded: "http://status.mojang.com/check"
 2280.315 D Task "NetJob(Status JSON)" succeeded
 2280.315 D Finished loading status JSON.
 2280.315 D Status loading succeeded.
 2340.167 D Task "NetJob(Status JSON)" started
 2340.167 D Downloading  "http://status.mojang.com/check"
 2340.309 D Download succeeded: "http://status.mojang.com/check"
 2340.309 D Task "NetJob(Status JSON)" succeeded
 2340.309 D Finished loading status JSON.
 2340.309 D Status loading succeeded.
 2400.168 D Task "NetJob(Status JSON)" started
 2400.168 D Downloading  "http://status.mojang.com/check"
 2400.317 D Download succeeded: "http://status.mojang.com/check"
 2400.317 D Task "NetJob(Status JSON)" succeeded
 2400.317 D Finished loading status JSON.
 2400.317 D Status loading succeeded.
 2460.158 D Task "NetJob(Status JSON)" started
 2460.158 D Downloading  "http://status.mojang.com/check"
 2460.301 D Download succeeded: "http://status.mojang.com/check"
 2460.301 D Task "NetJob(Status JSON)" succeeded
 2460.301 D Finished loading status JSON.
 2460.302 D Status loading succeeded.
 2520.164 D Task "NetJob(Status JSON)" started
 2520.164 D Downloading  "http://status.mojang.com/check"
 2520.312 D Download succeeded: "http://status.mojang.com/check"
 2520.312 D Task "NetJob(Status JSON)" succeeded
 2520.312 D Finished loading status JSON.
 2520.312 D Status loading succeeded.
 2580.166 D Task "NetJob(Status JSON)" started
 2580.166 D Downloading  "http://status.mojang.com/check"
 2580.308 D Download succeeded: "http://status.mojang.com/check"
 2580.308 D Task "NetJob(Status JSON)" succeeded
 2580.308 D Finished loading status JSON.
 2580.308 D Status loading succeeded.
 2640.155 D Task "NetJob(Status JSON)" started
 2640.155 D Downloading  "http://status.mojang.com/check"
 2640.305 D Download succeeded: "http://status.mojang.com/check"
 2640.305 D Task "NetJob(Status JSON)" succeeded
 2640.305 D Finished loading status JSON.
 2640.305 D Status loading succeeded.
 2700.165 D Task "NetJob(Status JSON)" started
 2700.165 D Downloading  "http://status.mojang.com/check"
 2700.308 D Download succeeded: "http://status.mojang.com/check"
 2700.308 D Task "NetJob(Status JSON)" succeeded
 2700.309 D Finished loading status JSON.
 2700.309 D Status loading succeeded.
 2760.169 D Task "NetJob(Status JSON)" started
 2760.169 D Downloading  "http://status.mojang.com/check"
 2760.319 D Download succeeded: "http://status.mojang.com/check"
 2760.319 D Task "NetJob(Status JSON)" succeeded
 2760.319 D Finished loading status JSON.
 2760.319 D Status loading succeeded.
 2820.166 D Task "NetJob(Status JSON)" started
 2820.166 D Downloading  "http://status.mojang.com/check"
 2820.315 D Download succeeded: "http://status.mojang.com/check"
 2820.316 D Task "NetJob(Status JSON)" succeeded
 2820.316 D Finished loading status JSON.
 2820.316 D Status loading succeeded.
 2880.154 D Task "NetJob(Status JSON)" started
 2880.154 D Downloading  "http://status.mojang.com/check"
 2880.304 D Download succeeded: "http://status.mojang.com/check"
 2880.304 D Task "NetJob(Status JSON)" succeeded
 2880.304 D Finished loading status JSON.
 2880.304 D Status loading succeeded.
 2940.154 D Task "NetJob(Status JSON)" started
 2940.154 D Downloading  "http://status.mojang.com/check"
 2940.304 D Download succeeded: "http://status.mojang.com/check"
 2940.304 D Task "NetJob(Status JSON)" succeeded
 2940.304 D Finished loading status JSON.
 2940.304 D Status loading succeeded.
 3000.167 D Task "NetJob(Status JSON)" started
 3000.167 D Downloading  "http://status.mojang.com/check"
 3000.317 D Download succeeded: "http://status.mojang.com/check"
 3000.317 D Task "NetJob(Status JSON)" succeeded
 3000.317 D Finished loading status JSON.
 3000.317 D Status loading succeeded.
 3060.167 D Task "NetJob(Status JSON)" started
 3060.167 D Downloading  "http://status.mojang.com/check"
 3060.316 D Download succeeded: "http://status.mojang.com/check"
 3060.316 D Task "NetJob(Status JSON)" succeeded
 3060.316 D Finished loading status JSON.
 3060.316 D Status loading succeeded.
 3120.166 D Task "NetJob(Status JSON)" started
 3120.166 D Downloading  "http://status.mojang.com/check"
 3120.308 D Download succeeded: "http://status.mojang.com/check"
 3120.308 D Task "NetJob(Status JSON)" succeeded
 3120.308 D Finished loading status JSON.
 3120.308 D Status loading succeeded.
 3180.169 D Task "NetJob(Status JSON)" started
 3180.169 D Downloading  "http://status.mojang.com/check"
 3180.312 D Download succeeded: "http://status.mojang.com/check"
 3180.312 D Task "NetJob(Status JSON)" succeeded
 3180.312 D Finished loading status JSON.
 3180.312 D Status loading succeeded.
 3240.168 D Task "NetJob(Status JSON)" started
 3240.168 D Downloading  "http://status.mojang.com/check"
 3240.312 D Download succeeded: "http://status.mojang.com/check"
 3240.312 D Task "NetJob(Status JSON)" succeeded
 3240.312 D Finished loading status JSON.
 3240.312 D Status loading succeeded.
 3300.166 D Task "NetJob(Status JSON)" started
 3300.166 D Downloading  "http://status.mojang.com/check"
 3300.309 D Download succeeded: "http://status.mojang.com/check"
 3300.309 D Task "NetJob(Status JSON)" succeeded
 3300.309 D Finished loading status JSON.
 3300.309 D Status loading succeeded.
 3360.166 D Task "NetJob(Status JSON)" started
 3360.166 D Downloading  "http://status.mojang.com/check"
 3360.307 D Download succeeded: "http://status.mojang.com/check"
 3360.307 D Task "NetJob(Status JSON)" succeeded
 3360.307 D Finished loading status JSON.
 3360.307 D Status loading succeeded.
 3420.163 D Task "NetJob(Status JSON)" started
 3420.163 D Downloading  "http://status.mojang.com/check"
 3420.306 D Download succeeded: "http://status.mojang.com/check"
 3420.306 D Task "NetJob(Status JSON)" succeeded
 3420.306 D Finished loading status JSON.
 3420.306 D Status loading succeeded.
 3480.169 D Task "NetJob(Status JSON)" started
 3480.169 D Downloading  "http://status.mojang.com/check"
 3480.310 D Download succeeded: "http://status.mojang.com/check"
 3480.310 D Task "NetJob(Status JSON)" succeeded
 3480.310 D Finished loading status JSON.
 3480.311 D Status loading succeeded.
 3540.154 D Task "NetJob(Status JSON)" started
 3540.154 D Downloading  "http://status.mojang.com/check"
 3540.297 D Download succeeded: "http://status.mojang.com/check"
 3540.297 D Task "NetJob(Status JSON)" succeeded
 3540.297 D Finished loading status JSON.
 3540.297 D Status loading succeeded.
 3600.157 D Task "NetJob(Status JSON)" started
 3600.157 D Downloading  "http://status.mojang.com/check"
 3600.298 D Download succeeded: "http://status.mojang.com/check"
 3600.299 D Task "NetJob(Status JSON)" succeeded
 3600.299 D Finished loading status JSON.
 3600.299 D Status loading succeeded.
 3660.156 D Task "NetJob(Status JSON)" started
 3660.156 D Downloading  "http://status.mojang.com/check"
 3660.298 D Download succeeded: "http://status.mojang.com/check"
 3660.298 D Task "NetJob(Status JSON)" succeeded
 3660.298 D Finished loading status JSON.
 3660.298 D Status loading succeeded.
 3720.158 D Task "NetJob(Status JSON)" started
 3720.158 D Downloading  "http://status.mojang.com/check"
 3720.301 D Download succeeded: "http://status.mojang.com/check"
 3720.302 D Task "NetJob(Status JSON)" succeeded
 3720.302 D Finished loading status JSON.
 3720.302 D Status loading succeeded.
 3780.169 D Task "NetJob(Status JSON)" started
 3780.169 D Downloading  "http://status.mojang.com/check"
 3780.312 D Download succeeded: "http://status.mojang.com/check"
 3780.312 D Task "NetJob(Status JSON)" succeeded
 3780.312 D Finished loading status JSON.
 3780.312 D Status loading succeeded.
 3840.160 D Task "NetJob(Status JSON)" started
 3840.160 D Downloading  "http://status.mojang.com/check"
 3840.303 D Download succeeded: "http://status.mojang.com/check"
 3840.303 D Task "NetJob(Status JSON)" succeeded
 3840.303 D Finished loading status JSON.
 3840.303 D Status loading succeeded.
 3900.169 D Task "NetJob(Status JSON)" started
 3900.169 D Downloading  "http://status.mojang.com/check"
 3900.312 D Download succeeded: "http://status.mojang.com/check"
 3900.312 D Task "NetJob(Status JSON)" succeeded
 3900.312 D Finished loading status JSON.
 3900.312 D Status loading succeeded.
 3960.168 D Task "NetJob(Status JSON)" started
 3960.168 D Downloading  "http://status.mojang.com/check"
 3960.310 D Download succeeded: "http://status.mojang.com/check"
 3960.310 D Task "NetJob(Status JSON)" succeeded
 3960.310 D Finished loading status JSON.
 3960.310 D Status loading succeeded.
 4020.168 D Task "NetJob(Status JSON)" started
 4020.168 D Downloading  "http://status.mojang.com/check"
 4020.318 D Download succeeded: "http://status.mojang.com/check"
 4020.318 D Task "NetJob(Status JSON)" succeeded
 4020.318 D Finished loading status JSON.
 4020.318 D Status loading succeeded.
 4080.169 D Task "NetJob(Status JSON)" started
 4080.169 D Downloading  "http://status.mojang.com/check"
 4080.324 D Download succeeded: "http://status.mojang.com/check"
 4080.324 D Task "NetJob(Status JSON)" succeeded
 4080.324 D Finished loading status JSON.
 4080.324 D Status loading succeeded.
 4140.157 D Task "NetJob(Status JSON)" started
 4140.157 D Downloading  "http://status.mojang.com/check"
 4140.299 D Download succeeded: "http://status.mojang.com/check"
 4140.299 D Task "NetJob(Status JSON)" succeeded
 4140.299 D Finished loading status JSON.
 4140.299 D Status loading succeeded.
 4200.168 D Task "NetJob(Status JSON)" started
 4200.168 D Downloading  "http://status.mojang.com/check"
 4200.318 D Download succeeded: "http://status.mojang.com/check"
 4200.318 D Task "NetJob(Status JSON)" succeeded
 4200.318 D Finished loading status JSON.
 4200.318 D Status loading succeeded.
 4260.168 D Task "NetJob(Status JSON)" started
 4260.168 D Downloading  "http://status.mojang.com/check"
 4260.313 D Download succeeded: "http://status.mojang.com/check"
 4260.313 D Task "NetJob(Status JSON)" succeeded
 4260.313 D Finished loading status JSON.
 4260.313 D Status loading succeeded.
 4320.169 D Task "NetJob(Status JSON)" started
 4320.169 D Downloading  "http://status.mojang.com/check"
 4320.312 D Download succeeded: "http://status.mojang.com/check"
 4320.312 D Task "NetJob(Status JSON)" succeeded
 4320.312 D Finished loading status JSON.
 4320.312 D Status loading succeeded.
 4380.162 D Task "NetJob(Status JSON)" started
 4380.162 D Downloading  "http://status.mojang.com/check"
 4380.308 D Download succeeded: "http://status.mojang.com/check"
 4380.308 D Task "NetJob(Status JSON)" succeeded
 4380.308 D Finished loading status JSON.
 4380.308 D Status loading succeeded.
 4440.165 D Task "NetJob(Status JSON)" started
 4440.165 D Downloading  "http://status.mojang.com/check"
 4440.308 D Download succeeded: "http://status.mojang.com/check"
 4440.308 D Task "NetJob(Status JSON)" succeeded
 4440.308 D Finished loading status JSON.
 4440.308 D Status loading succeeded.
 4500.162 D Task "NetJob(Status JSON)" started
 4500.162 D Downloading  "http://status.mojang.com/check"
 4500.306 D Download succeeded: "http://status.mojang.com/check"
 4500.306 D Task "NetJob(Status JSON)" succeeded
 4500.306 D Finished loading status JSON.
 4500.306 D Status loading succeeded.
 4533.542 D Task "LauncherPartLaunch(0x5f5d854)" succeeded
 4533.549 D Writing account list to "accounts.json"
 4533.549 D Building JSON data structure.
 4533.549 D Building account array.
 4533.549 D Writing account list to file.
 4533.549 D Saved account list to "accounts.json"
 4533.550 W Account "slava.basser@mail.ru" is no longer in use.
 4533.583 D Task "LaunchTask(0x6005af8)" succeeded
 4533.583 D Task "LaunchController(0x6005a08)" succeeded
