    0.006 D <> Log initialized.
    0.006 D MultiMC 5, (c) 2013-2017 MultiMC Contributors
    0.006 D Version                    :  "0.6.1-1177"
    0.006 D Git commit                 :  "595d1571802b7d7ec1128a92a653f2ed7bdabb3c"
    0.006 D Git refspec                :  "refs/heads/stable"
    0.006 D Work dir before adjustment :  "D:/MultiMC"
    0.006 D Work dir after adjustment  :  "D:/MultiMC"
    0.006 D Adjusted by                :  "Fallback to binary path D:/MultiMC"
    0.006 D Binary path                :  "D:/MultiMC"
    0.007 D Application root path      :  "D:/MultiMC"
    0.007 D <> Paths set.
    0.009 D Detected default console font: "Courier" , substitutions: ""
    0.010 D <> Settings loaded.
    0.013 D Loading Application Language File for ru ...
    0.013 D Your language is "ru"
    0.013 D <> Translations loaded.
    0.013 D <> Updater started.
    0.014 D Started watching  "D:/MultiMC/icons"
    0.015 D <> Instance icons intialized.
    0.016 D <> Icon themes initialized.
    0.016 D ""
    0.016 D Loading theme "custom"
    0.019 D <> Widget themes initialized.
    0.019 D Instance path              :  "instances"
    0.020 D Loading Instances...
    0.020 D Found instance ID "НоваяЭра- UltraHardcore"
    0.020 D Found instance ID "НоваяЭра- UltraTech"
    0.023 D Loaded instance  "НоваяЭра: UltraHardcore"  from  "D:/MultiMC/instances/НоваяЭра- UltraHardcore"
    0.025 D Loaded instance  "НоваяЭра: UltraTech"  from  "D:/MultiMC/instances/НоваяЭра- UltraTech"
    0.025 D <> Instances loaded.
    0.025 D Loading accounts...
    0.025 D <> Accounts loaded.
    0.030 D <> Cache initialized.
    0.030 D Detecting proxy settings...
    0.030 D Using no proxy is an option!
    0.030 D <> Proxy settings done.
    0.030 D Downloading Translations Index...
    0.030 D Task "NetJob(Translations Index)" started
    0.037 D <> Icon theme set.
    0.037 D <> Application theme set.
    0.037 D <> Initialized analytics with tid "UA-87731965-2"
    0.081 W QMetaObject::connectSlotsByName: No matching signal for on_actionInstanceSettings_triggered()
    0.086 D Task "NetJob(Status JSON)" started
    0.103 D Task "NetJob(Startup player skins download)" started
    0.103 D Reloading news.
    0.103 D Task "NetJob(News RSS Feed)" started
    0.104 D Checking for updates.
    0.104 D Channel list isn't loaded yet. Loading channel list and deferring update check.
    0.104 D Loading the channel list.
    0.104 D Task "NetJob(Update System Channel List)" started
    0.104 D Task "NetJob(Checking for notifications)" started
    0.211 D Viewport size "838x563"
    0.211 D RAM size is 16329 MB
    0.211 D [Analytics] "ScreenView: Main Window"
    0.211 D <> Main window shown.
    0.212 D Task "NetJob(Translations Index)" succeeded
    0.212 D Got translations index!
    0.212 D Task "NetJob(Translation for ru)" started
    0.212 D Download cache hit  "http://files.multimc.org/translations/index"
    0.213 D Downloading  "http://status.mojang.com/check"
    0.731 D Downloading  "https://crafatar.com/skins/c09a8e7ac2f4498081635b91bb86273d.png"
    0.731 D Downloading  "http://multimc.org/rss.xml"
    0.731 D Downloading  "http://files.multimc.org/update/win32/channels.json"
    0.732 D Downloading  "http://files.multimc.org/notifications.json"
    0.765 D Downloading  "http://files.multimc.org/translations/ru.qm"
    1.534 D Location header: QUrl("https://multimc.org/rss.xml")
    1.535 D Following redirect to  "https://multimc.org/rss.xml"
    1.535 D Downloading  "https://multimc.org/rss.xml"
    1.535 D Download redirected: "https://multimc.org/rss.xml"
    1.622 D Download succeeded: "http://files.multimc.org/translations/ru.qm"
    1.622 D Task "NetJob(Translation for ru)" succeeded
    1.622 D Got translation: "ru"
    1.622 D Loading Application Language File for ru ...
    1.801 D Download succeeded: "http://status.mojang.com/check"
    1.802 D Task "NetJob(Status JSON)" succeeded
    1.802 D Finished loading status JSON.
    1.802 D Status loading succeeded.
    1.812 D Download succeeded: "https://multimc.org/rss.xml"
    1.813 D Task "NetJob(News RSS Feed)" succeeded
    1.813 D Finished loading RSS feed.
    1.814 D Loaded news entry "MultiMC 0.6.1 released!"
    1.814 D Loaded news entry "MultiMC 0.6.0 released!"
    1.814 D Loaded news entry "Introducing the Archive"
    1.814 D Loaded news entry "MultiMC 0.5.1 - Bugfixes"
    1.815 D Loaded news entry "MultiMC 0.5.0 - Running multiple instances at the same time!"
    1.815 D Loaded news entry "Update to 0.4.11 - OSX 10.7 fix and workaround for Minecraft 1.9 compatibility"
    1.815 D Loaded news entry "Update to 0.4.10 - Another wifi fix"
    1.815 D Loaded news entry "Update to 0.4.9 - the Windows wifi fix"
    1.815 D Loaded news entry "Update to 0.4.8"
    1.815 D Loaded news entry "Update to 0.4.7, what 0.4.6 should have been."
    1.816 D Loaded news entry "Update to 0.4.6, Bug fixes and improvements!"
    1.816 D Loaded news entry "Update to 0.4.5, Translations, Themes, and Technic"
    1.816 D Loaded news entry "Version 0.4 out - Jar mods, UI changes, and more!"
    1.816 D Loaded news entry "Introducing QuickMods - A better way to install mods"
    1.816 D Loaded news entry "Support us on Patreon!"
    1.816 D Loaded news entry "Heartbleed Vulnerability Update (fixed!)"
    1.816 D Loaded news entry "Announcing MultiMC 6"
    1.817 D Loaded news entry "MultiMC 5 - 0.3 update"
    1.817 D Loaded news entry "First official MultiMC 5 release!"
    1.817 D Loaded news entry "MultiMC Status Update"
    1.817 D News loading succeeded.
    1.937 D Download succeeded: "https://crafatar.com/skins/c09a8e7ac2f4498081635b91bb86273d.png"
    1.937 D Task "NetJob(Startup player skins download)" succeeded
    1.984 D Download succeeded: "http://files.multimc.org/notifications.json"
    2.080 D Task "NetJob(Checking for notifications)" succeeded
    2.130 D Download succeeded: "http://files.multimc.org/update/win32/channels.json"
    2.130 D Task "NetJob(Update System Channel List)" succeeded
    2.130 D Successfully loaded UpdateChecker channel list.
    2.130 D Checking for updates.
    2.131 D m_repoUrl =  "http://files.multimc.org/update/win32/stable/"
    2.131 D Task "NetJob(GoUpdate Repository Index)" started
    2.131 D Downloading  "http://files.multimc.org/update/win32/stable/index.json"
    2.322 D Download succeeded: "http://files.multimc.org/update/win32/stable/index.json"
    2.322 D Task "NetJob(GoUpdate Repository Index)" succeeded
    2.322 D Finished downloading repo index. Checking for new versions.
    2.322 D Processing repository version list.
    2.372 D Task "LaunchController(0x6053748)" started
    2.374 D Task "RefreshTask(0x6074700)" started
    2.881 D Processing authentication response.
    2.881 D Getting new access token.
    2.881 D Finished reading refresh response.
    2.882 D Task "RefreshTask(0x6074700)" succeeded
    2.883 D Writing account list to "accounts.json"
    2.883 D Building JSON data structure.
    2.883 D Building account array.
    2.883 D Writing account list to file.
    2.884 D Saved account list to "accounts.json"
    5.897 D Task "LaunchTask(0x5f16610)" started
    5.897 D Task "TextPrint(0x6082a1c)" started
    5.897 D Task "TextPrint(0x6082a1c)" succeeded
    5.898 D Task "TextPrint(0x6082cdc)" started
    5.898 D Task "TextPrint(0x6082cdc)" succeeded
    5.898 D Task "CheckJava(0x5f16260)" started
    5.899 D Task "CheckJava(0x5f16260)" succeeded
    5.899 D Task "ClaimAccount(0x5eee1c4)" started
    5.900 D Writing account list to "accounts.json"
    5.900 D Building JSON data structure.
    5.900 D Building account array.
    5.900 D Writing account list to file.
    5.901 D Saved account list to "accounts.json"
    5.901 W Account "slava.basser@mail.ru" is now in use.
    5.902 D Task "ClaimAccount(0x5eee1c4)" succeeded
    5.902 D Task "Update(0x5eee014)" started
    5.903 D Task "OneSixUpdate(0x6082e90)" started
    5.922 D Task "ComponentUpdateTask(0x5fe6208)" started
    5.922 D Loading components
    5.925 D Task "NetJob(Скачиваем index.json файла(ов) обновления.)" started
    5.925 D Remote loading is being run for metadata index
    5.946 D Task "NetJob(Скачиваем org.lwjgl/2.9.4-nightly-20150209.json файла(ов) обновления.)" started
    5.946 D Remote loading is being run for "LWJGL 2"
    5.963 D Task "NetJob(Скачиваем net.minecraft/1.10.2.json файла(ов) обновления.)" started
    5.963 D Remote loading is being run for "Minecraft"
    5.995 D Task "NetJob(Скачиваем net.minecraftforge/12.18.3.2477.json файла(ов) обновления.)" started
    5.995 D Remote loading is being run for "Forge"
    5.995 D Task "FoldersTask(0x5fbe26c)" started
    5.995 D Task "FoldersTask(0x5fbe26c)" succeeded
    6.001 D Downloading  "https://v1.meta.multimc.org/index.json"
    6.002 D Downloading  "https://v1.meta.multimc.org/org.lwjgl/2.9.4-nightly-20150209.json"
    6.003 D Downloading  "https://v1.meta.multimc.org/net.minecraft/1.10.2.json"
    6.004 D Downloading  "https://v1.meta.multimc.org/net.minecraftforge/12.18.3.2477.json"
    6.206 D Download succeeded: "https://v1.meta.multimc.org/index.json"
    6.206 D Task "NetJob(Скачиваем index.json файла(ов) обновления.)" succeeded
    6.206 D Remote task 0 succeeded
    6.280 D Download succeeded: "https://v1.meta.multimc.org/org.lwjgl/2.9.4-nightly-20150209.json"
    6.280 D Task "NetJob(Скачиваем org.lwjgl/2.9.4-nightly-20150209.json файла(ов) обновления.)" succeeded
    6.280 D Remote task 1 succeeded
    6.281 D Component list save is scheduled for "НоваяЭра: UltraTech"
    6.374 D Download succeeded: "https://v1.meta.multimc.org/net.minecraftforge/12.18.3.2477.json"
    6.375 D Task "NetJob(Скачиваем net.minecraftforge/12.18.3.2477.json файла(ов) обновления.)" succeeded
    6.375 D Remote task 3 succeeded
    6.604 D Download succeeded: "https://v1.meta.multimc.org/net.minecraft/1.10.2.json"
    6.605 D Task "NetJob(Скачиваем net.minecraft/1.10.2.json файла(ов) обновления.)" succeeded
    6.605 D Remote task 2 succeeded
    6.605 D Resolving dependencies
    6.605 D "Req: net.minecraft == 1.10.2" Is met.
    6.605 D "Req: org.lwjgl" Is met.
    6.605 D Task "ComponentUpdateTask(0x5fe6208)" succeeded
    6.605 D Component list update/resolve task succeeded for "НоваяЭра: UltraTech"
    6.605 D Task "LibrariesTask(0x6082fdc)" started
    6.607 D "НоваяЭра: UltraTech" : downloading libraries
    6.607 D Applying "org.lwjgl" GOOD
    6.607 D Applying "net.minecraft" GOOD
    6.607 D Applying "net.minecraftforge" GOOD
    6.614 D Task "NetJob(Библиотеки для сборки НоваяЭра: UltraTech)" started
    6.615 D Task "NetJob(Библиотеки для сборки НоваяЭра: UltraTech)" succeeded
    6.615 D Task "LibrariesTask(0x6082fdc)" succeeded
    6.615 D Task "FMLLibrariesTask(0x5eef454)" started
    6.615 D Task "FMLLibrariesTask(0x5eef454)" succeeded
    6.615 D Task "AssetUpdateTask(0x608329c)" started
    6.618 D Asset index SHA1: "72241db3c0bdc39e39b202182ff0000da5271a1d"
    6.618 D "НоваяЭра: UltraTech" : Starting asset index download
    6.618 D Task "NetJob(Индекс ресурса для НоваяЭра: UltraTech)" started
    6.620 D Downloading  "https://launchermeta.mojang.com/mc/assets/1.10/72241db3c0bdc39e39b202182ff0000da5271a1d/1.10.json"
    6.908 D Download succeeded: "https://launchermeta.mojang.com/mc/assets/1.10/72241db3c0bdc39e39b202182ff0000da5271a1d/1.10.json"
    6.909 D Task "NetJob(Индекс ресурса для НоваяЭра: UltraTech)" succeeded
    6.909 D "НоваяЭра: UltraTech" : Finished asset index download
    7.014 D Task "AssetUpdateTask(0x608329c)" succeeded
    7.014 D Task "OneSixUpdate(0x6082e90)" succeeded
    7.014 D Task "Update(0x5eee014)" succeeded
    7.015 D Task "ModMinecraftJar(0x5fbf964)" started
    7.015 D Task "ModMinecraftJar(0x5fbf964)" succeeded
    7.015 D Task "PrintInstanceInfo(0x6082b9c)" started
   11.509 D reconstructAssets "assets" "assets/indexes" "assets/objects" "assets/virtual" "assets/virtual/1.10"
   11.514 D Task "PrintInstanceInfo(0x6082b9c)" succeeded
   11.514 D Task "CreateServerResourcePacksFolder(0x5fc0994)" started
   11.514 D Task "CreateServerResourcePacksFolder(0x5fc0994)" succeeded
   11.514 D Task "ExtractNatives(0x5fc1564)" started
   11.545 D Task "ExtractNatives(0x5fc1564)" succeeded
   11.545 D Task "LauncherPartLaunch(0x5f13f4c)" started
   11.546 D reconstructAssets "assets" "assets/indexes" "assets/objects" "assets/virtual" "assets/virtual/1.10"
   11.551 D Env: ignoring "JAVA_HOME" "C:\\Program Files\\Java\\jdk1.8.0_161"
   11.552 D "-XX:HeapDumpPath=MojangTricksIntelDriversForPerformance_javaw.exe_minecraft.exe.heapdump -Xms512m -Xmx6016m -Duser.language=en -Djava.library.path=D:/MultiMC/instances/НоваяЭра- UltraTech/natives -cp D:/MultiMC/jars/NewLaunch.jar;D:/MultiMC/libraries/net/java/jinput/jinput/2.0.5/jinput-2.0.5.jar;D:/MultiMC/libraries/net/java/jutils/jutils/1.0.0/jutils-1.0.0.jar;D:/MultiMC/libraries/org/lwjgl/lwjgl/lwjgl/2.9.4-nightly-20150209/lwjgl-2.9.4-nightly-20150209.jar;D:/MultiMC/libraries/org/lwjgl/lwjgl/lwjgl_util/2.9.4-nightly-20150209/lwjgl_util-2.9.4-nightly-20150209.jar;D:/MultiMC/libraries/com/mojang/netty/1.6/netty-1.6.jar;D:/MultiMC/libraries/oshi-project/oshi-core/1.1/oshi-core-1.1.jar;D:/MultiMC/libraries/net/java/dev/jna/jna/3.4.0/jna-3.4.0.jar;D:/MultiMC/libraries/net/java/dev/jna/platform/3.4.0/platform-3.4.0.jar;D:/MultiMC/libraries/com/ibm/icu/icu4j-core-mojang/51.2/icu4j-core-mojang-51.2.jar;D:/MultiMC/libraries/net/sf/jopt-simple/jopt-simple/4.6/jopt-simple-4.6.jar;D:/MultiMC/libraries/com/paulscode/codecjorbis/20101023/codecjorbis-20101023.jar;D:/MultiMC/libraries/com/paulscode/codecwav/20101023/codecwav-20101023.jar;D:/MultiMC/libraries/com/paulscode/libraryjavasound/20101123/libraryjavasound-20101123.jar;D:/MultiMC/libraries/com/paulscode/librarylwjglopenal/20100824/librarylwjglopenal-20100824.jar;D:/MultiMC/libraries/com/paulscode/soundsystem/20120107/soundsystem-20120107.jar;D:/MultiMC/libraries/io/netty/netty-all/4.0.23.Final/netty-all-4.0.23.Final.jar;D:/MultiMC/libraries/com/google/guava/guava/17.0/guava-17.0.jar;D:/MultiMC/libraries/org/apache/commons/commons-lang3/3.3.2/commons-lang3-3.3.2.jar;D:/MultiMC/libraries/commons-io/commons-io/2.4/commons-io-2.4.jar;D:/MultiMC/libraries/commons-codec/commons-codec/1.9/commons-codec-1.9.jar;D:/MultiMC/libraries/com/google/code/gson/gson/2.2.4/gson-2.2.4.jar;D:/MultiMC/libraries/com/mojang/authlib/1.5.22/authlib-1.5.22.jar;D:/MultiMC/libraries/com/mojang/realms/1.9.8/realms-1.9.8.jar;D:/MultiMC/libraries/org/apache/commons/commons-compress/1.8.1/commons-compress-1.8.1.jar;D:/MultiMC/libraries/org/apache/httpcomponents/httpclient/4.3.3/httpclient-4.3.3.jar;D:/MultiMC/libraries/commons-logging/commons-logging/1.1.3/commons-logging-1.1.3.jar;D:/MultiMC/libraries/org/apache/httpcomponents/httpcore/4.3.2/httpcore-4.3.2.jar;D:/MultiMC/libraries/it/unimi/dsi/fastutil/7.0.12_mojang/fastutil-7.0.12_mojang.jar;D:/MultiMC/libraries/org/apache/logging/log4j/log4j-api/2.0-beta9/log4j-api-2.0-beta9.jar;D:/MultiMC/libraries/org/apache/logging/log4j/log4j-core/2.0-beta9/log4j-core-2.0-beta9.jar;D:/MultiMC/libraries/net/minecraftforge/forge/1.10.2-12.18.3.2477/forge-1.10.2-12.18.3.2477-universal.jar;D:/MultiMC/libraries/net/minecraft/launchwrapper/1.12/launchwrapper-1.12.jar;D:/MultiMC/libraries/org/ow2/asm/asm-all/5.0.3/asm-all-5.0.3.jar;D:/MultiMC/libraries/jline/jline/2.13/jline-2.13.jar;D:/MultiMC/libraries/com/typesafe/akka/akka-actor_2.11/2.3.3/akka-actor_2.11-2.3.3.jar;D:/MultiMC/libraries/com/typesafe/config/1.2.1/config-1.2.1.jar;D:/MultiMC/libraries/org/scala-lang/scala-actors-migration_2.11/1.1.0/scala-actors-migration_2.11-1.1.0.jar;D:/MultiMC/libraries/org/scala-lang/scala-compiler/2.11.1/scala-compiler-2.11.1.jar;D:/MultiMC/libraries/org/scala-lang/plugins/scala-continuations-library_2.11/1.0.2/scala-continuations-library_2.11-1.0.2.jar;D:/MultiMC/libraries/org/scala-lang/plugins/scala-continuations-plugin_2.11.1/1.0.2/scala-continuations-plugin_2.11.1-1.0.2.jar;D:/MultiMC/libraries/org/scala-lang/scala-library/2.11.1/scala-library-2.11.1.jar;D:/MultiMC/libraries/org/scala-lang/scala-parser-combinators_2.11/1.0.1/scala-parser-combinators_2.11-1.0.1.jar;D:/MultiMC/libraries/org/scala-lang/scala-reflect/2.11.1/scala-reflect-2.11.1.jar;D:/MultiMC/libraries/org/scala-lang/scala-swing_2.11/1.0.1/scala-swing_2.11-1.0.1.jar;D:/MultiMC/libraries/org/scala-lang/scala-xml_2.11/1.0.2/scala-xml_2.11-1.0.2.jar;D:/MultiMC/libraries/lzma/lzma/0.0.1/lzma-0.0.1.jar;D:/MultiMC/libraries/java3d/vecmath/1.5.2/vecmath-1.5.2.jar;D:/MultiMC/libraries/net/sf/trove4j/trove4j/3.0.3/trove4j-3.0.3.jar;D:/MultiMC/libraries/com/mojang/minecraft/1.10.2/minecraft-1.10.2-client.jar org.multimc.EntryPoint"
   11.756 W QCoreApplication::postEvent: Unexpected null receiver
   11.771 D Component list save performed now for "НоваяЭра: UltraTech"
   30.040 D [Analytics] "Query string = v=1&tid=UA-87731965-2&cid=745243ba-b287-4d40-8917-cebefaf89b9d&t=screenview&ul=ru-ru&vp=838x563&sr=1920x1080&aip=1&cd=Main Window&an=MultiMC5&av=0.6.1-1177&cd1=1.8.0_161&cd2=64&cd3=64&cd4=64&cd5=Windows&cd6=10.0&cm1=512&cm2=6016&cm3=16329&qt=29829"
   30.197 D [Analytics] "Message sent"
   31.961 D Task "ComponentUpdateTask(0x864a768)" started
   31.961 D Loading components
   31.961 D Index is already loaded
   31.961 D Component list save is scheduled for "НоваяЭра: UltraTech"
   31.961 D Resolving dependencies
   31.961 D "Req: net.minecraft == 1.10.2" Is met.
   31.961 D "Req: org.lwjgl" Is met.
   31.961 D Task "ComponentUpdateTask(0x864a768)" succeeded
   31.961 D Component list update/resolve task succeeded for "НоваяЭра: UltraTech"
   31.973 D Task "NetJob(Скачиваем org.lwjgl/index.json файла(ов) обновления.)" started
   32.542 D Applying "org.lwjgl" GOOD
   32.542 D Applying "net.minecraft" GOOD
   32.543 D Applying "net.minecraftforge" GOOD
   32.649 D Downloading  "https://v1.meta.multimc.org/org.lwjgl/index.json"
   32.985 D Download succeeded: "https://v1.meta.multimc.org/org.lwjgl/index.json"
   32.985 D Task "NetJob(Скачиваем org.lwjgl/index.json файла(ов) обновления.)" succeeded
   36.962 D Component list save performed now for "НоваяЭра: UltraTech"
   60.085 D Task "NetJob(Status JSON)" started
   60.085 D Downloading  "http://status.mojang.com/check"
   60.235 D Download succeeded: "http://status.mojang.com/check"
   60.235 D Task "NetJob(Status JSON)" succeeded
   60.235 D Finished loading status JSON.
   60.235 D Status loading succeeded.
  120.082 D Task "NetJob(Status JSON)" started
  120.082 D Downloading  "http://status.mojang.com/check"
  120.237 D Download succeeded: "http://status.mojang.com/check"
  120.237 D Task "NetJob(Status JSON)" succeeded
  120.237 D Finished loading status JSON.
  120.237 D Status loading succeeded.
  128.258 D Task "LauncherPartLaunch(0x5f13f4c)" succeeded
  128.261 D Writing account list to "accounts.json"
  128.261 D Building JSON data structure.
  128.261 D Building account array.
  128.261 D Writing account list to file.
  128.261 D Saved account list to "accounts.json"
  128.262 W Account "slava.basser@mail.ru" is no longer in use.
  128.393 D Task "LaunchTask(0x5f16610)" succeeded
  128.393 D Task "LaunchController(0x6053748)" succeeded
  180.082 D Task "NetJob(Status JSON)" started
  180.082 D Downloading  "http://status.mojang.com/check"
  180.235 D Download succeeded: "http://status.mojang.com/check"
  180.235 D Task "NetJob(Status JSON)" succeeded
  180.235 D Finished loading status JSON.
  180.235 D Status loading succeeded.
  240.082 D Task "NetJob(Status JSON)" started
  240.082 D Downloading  "http://status.mojang.com/check"
  240.228 D Download succeeded: "http://status.mojang.com/check"
  240.228 D Task "NetJob(Status JSON)" succeeded
  240.228 D Finished loading status JSON.
  240.228 D Status loading succeeded.
  300.089 D Task "NetJob(Status JSON)" started
  300.090 D Downloading  "http://status.mojang.com/check"
  300.234 D Download succeeded: "http://status.mojang.com/check"
  300.234 D Task "NetJob(Status JSON)" succeeded
  300.234 D Finished loading status JSON.
  300.235 D Status loading succeeded.
  360.082 D Task "NetJob(Status JSON)" started
  360.082 D Downloading  "http://status.mojang.com/check"
  360.227 D Download succeeded: "http://status.mojang.com/check"
  360.227 D Task "NetJob(Status JSON)" succeeded
  360.227 D Finished loading status JSON.
  360.227 D Status loading succeeded.
  396.428 D Task "LaunchController(0x885c4a0)" started
  396.430 D Task "RefreshTask(0x9521bf8)" started
  397.037 D Processing authentication response.
  397.037 D Getting new access token.
  397.037 D Finished reading refresh response.
  397.038 D Task "RefreshTask(0x9521bf8)" succeeded
  397.039 D Writing account list to "accounts.json"
  397.039 D Building JSON data structure.
  397.039 D Building account array.
  397.039 D Writing account list to file.
  397.040 D Saved account list to "accounts.json"
  400.027 D Task "LaunchTask(0x885c1d0)" started
  400.027 D Task "TextPrint(0x886629c)" started
  400.028 D Task "TextPrint(0x886629c)" succeeded
  400.028 D Task "TextPrint(0x88665dc)" started
  400.028 D Task "TextPrint(0x88665dc)" succeeded
  400.028 D Task "CheckJava(0x885c500)" started
  400.030 D Task "CheckJava(0x885c500)" succeeded
  400.030 D Task "ClaimAccount(0x5ef045c)" started
  400.030 D Writing account list to "accounts.json"
  400.030 D Building JSON data structure.
  400.030 D Building account array.
  400.030 D Writing account list to file.
  400.031 D Saved account list to "accounts.json"
  400.032 W Account "slava.basser@mail.ru" is now in use.
  400.032 D Task "ClaimAccount(0x5ef045c)" succeeded
  400.032 D Task "Update(0x5ef04ec)" started
  400.033 D Task "OneSixUpdate(0x8865e90)" started
  400.034 D Task "ComponentUpdateTask(0x8fc49c0)" started
  400.034 D Loading components
  400.034 D Index is already loaded
  400.034 D Component list save is scheduled for "НоваяЭра: UltraTech"
  400.035 D Resolving dependencies
  400.035 D "Req: net.minecraft == 1.10.2" Is met.
  400.035 D "Req: org.lwjgl" Is met.
  400.035 D Task "ComponentUpdateTask(0x8fc49c0)" succeeded
  400.035 D Component list update/resolve task succeeded for "НоваяЭра: UltraTech"
  400.035 D Task "FoldersTask(0x8fa9804)" started
  400.035 D Task "FoldersTask(0x8fa9804)" succeeded
  400.035 D Task "LibrariesTask(0x886611c)" started
  400.035 D "НоваяЭра: UltraTech" : downloading libraries
  400.035 D Applying "org.lwjgl" GOOD
  400.035 D Applying "net.minecraft" GOOD
  400.036 D Applying "net.minecraftforge" GOOD
  400.041 D Task "NetJob(Библиотеки для сборки НоваяЭра: UltraTech)" started
  400.052 D Task "NetJob(Библиотеки для сборки НоваяЭра: UltraTech)" succeeded
  400.052 D Task "LibrariesTask(0x886611c)" succeeded
  400.052 D Task "FMLLibrariesTask(0x5eee644)" started
  400.052 D Task "FMLLibrariesTask(0x5eee644)" succeeded
  400.052 D Task "AssetUpdateTask(0x886605c)" started
  400.054 D Asset index SHA1: "72241db3c0bdc39e39b202182ff0000da5271a1d"
  400.054 D "НоваяЭра: UltraTech" : Starting asset index download
  400.054 D Task "NetJob(Индекс ресурса для НоваяЭра: UltraTech)" started
  400.071 D Downloading  "https://launchermeta.mojang.com/mc/assets/1.10/72241db3c0bdc39e39b202182ff0000da5271a1d/1.10.json"
  400.349 D Download succeeded: "https://launchermeta.mojang.com/mc/assets/1.10/72241db3c0bdc39e39b202182ff0000da5271a1d/1.10.json"
  400.349 D Task "NetJob(Индекс ресурса для НоваяЭра: UltraTech)" succeeded
  400.349 D "НоваяЭра: UltraTech" : Finished asset index download
  400.394 D Task "AssetUpdateTask(0x886605c)" succeeded
  400.394 D Task "OneSixUpdate(0x8865e90)" succeeded
  400.394 D Task "Update(0x5ef04ec)" succeeded
  400.396 D Task "ModMinecraftJar(0x8fa7bcc)" started
  400.396 D Task "ModMinecraftJar(0x8fa7bcc)" succeeded
  400.396 D Task "PrintInstanceInfo(0x886675c)" started
  401.169 D reconstructAssets "assets" "assets/indexes" "assets/objects" "assets/virtual" "assets/virtual/1.10"
  401.173 D Task "PrintInstanceInfo(0x886675c)" succeeded
  401.173 D Task "CreateServerResourcePacksFolder(0x8fa8f0c)" started
  401.174 D Task "CreateServerResourcePacksFolder(0x8fa8f0c)" succeeded
  401.174 D Task "ExtractNatives(0x8fa8e64)" started
  401.194 D Task "ExtractNatives(0x8fa8e64)" succeeded
  401.194 D Task "LauncherPartLaunch(0x85df91c)" started
  401.194 D reconstructAssets "assets" "assets/indexes" "assets/objects" "assets/virtual" "assets/virtual/1.10"
  401.200 D Env: ignoring "JAVA_HOME" "C:\\Program Files\\Java\\jdk1.8.0_161"
  401.200 D "-XX:HeapDumpPath=MojangTricksIntelDriversForPerformance_javaw.exe_minecraft.exe.heapdump -Xms512m -Xmx6016m -Duser.language=en -Djava.library.path=D:/MultiMC/instances/НоваяЭра- UltraTech/natives -cp D:/MultiMC/jars/NewLaunch.jar;D:/MultiMC/libraries/net/java/jinput/jinput/2.0.5/jinput-2.0.5.jar;D:/MultiMC/libraries/net/java/jutils/jutils/1.0.0/jutils-1.0.0.jar;D:/MultiMC/libraries/org/lwjgl/lwjgl/lwjgl/2.9.4-nightly-20150209/lwjgl-2.9.4-nightly-20150209.jar;D:/MultiMC/libraries/org/lwjgl/lwjgl/lwjgl_util/2.9.4-nightly-20150209/lwjgl_util-2.9.4-nightly-20150209.jar;D:/MultiMC/libraries/com/mojang/netty/1.6/netty-1.6.jar;D:/MultiMC/libraries/oshi-project/oshi-core/1.1/oshi-core-1.1.jar;D:/MultiMC/libraries/net/java/dev/jna/jna/3.4.0/jna-3.4.0.jar;D:/MultiMC/libraries/net/java/dev/jna/platform/3.4.0/platform-3.4.0.jar;D:/MultiMC/libraries/com/ibm/icu/icu4j-core-mojang/51.2/icu4j-core-mojang-51.2.jar;D:/MultiMC/libraries/net/sf/jopt-simple/jopt-simple/4.6/jopt-simple-4.6.jar;D:/MultiMC/libraries/com/paulscode/codecjorbis/20101023/codecjorbis-20101023.jar;D:/MultiMC/libraries/com/paulscode/codecwav/20101023/codecwav-20101023.jar;D:/MultiMC/libraries/com/paulscode/libraryjavasound/20101123/libraryjavasound-20101123.jar;D:/MultiMC/libraries/com/paulscode/librarylwjglopenal/20100824/librarylwjglopenal-20100824.jar;D:/MultiMC/libraries/com/paulscode/soundsystem/20120107/soundsystem-20120107.jar;D:/MultiMC/libraries/io/netty/netty-all/4.0.23.Final/netty-all-4.0.23.Final.jar;D:/MultiMC/libraries/com/google/guava/guava/17.0/guava-17.0.jar;D:/MultiMC/libraries/org/apache/commons/commons-lang3/3.3.2/commons-lang3-3.3.2.jar;D:/MultiMC/libraries/commons-io/commons-io/2.4/commons-io-2.4.jar;D:/MultiMC/libraries/commons-codec/commons-codec/1.9/commons-codec-1.9.jar;D:/MultiMC/libraries/com/google/code/gson/gson/2.2.4/gson-2.2.4.jar;D:/MultiMC/libraries/com/mojang/authlib/1.5.22/authlib-1.5.22.jar;D:/MultiMC/libraries/com/mojang/realms/1.9.8/realms-1.9.8.jar;D:/MultiMC/libraries/org/apache/commons/commons-compress/1.8.1/commons-compress-1.8.1.jar;D:/MultiMC/libraries/org/apache/httpcomponents/httpclient/4.3.3/httpclient-4.3.3.jar;D:/MultiMC/libraries/commons-logging/commons-logging/1.1.3/commons-logging-1.1.3.jar;D:/MultiMC/libraries/org/apache/httpcomponents/httpcore/4.3.2/httpcore-4.3.2.jar;D:/MultiMC/libraries/it/unimi/dsi/fastutil/7.0.12_mojang/fastutil-7.0.12_mojang.jar;D:/MultiMC/libraries/org/apache/logging/log4j/log4j-api/2.0-beta9/log4j-api-2.0-beta9.jar;D:/MultiMC/libraries/org/apache/logging/log4j/log4j-core/2.0-beta9/log4j-core-2.0-beta9.jar;D:/MultiMC/libraries/net/minecraftforge/forge/1.10.2-12.18.3.2477/forge-1.10.2-12.18.3.2477-universal.jar;D:/MultiMC/libraries/net/minecraft/launchwrapper/1.12/launchwrapper-1.12.jar;D:/MultiMC/libraries/org/ow2/asm/asm-all/5.0.3/asm-all-5.0.3.jar;D:/MultiMC/libraries/jline/jline/2.13/jline-2.13.jar;D:/MultiMC/libraries/com/typesafe/akka/akka-actor_2.11/2.3.3/akka-actor_2.11-2.3.3.jar;D:/MultiMC/libraries/com/typesafe/config/1.2.1/config-1.2.1.jar;D:/MultiMC/libraries/org/scala-lang/scala-actors-migration_2.11/1.1.0/scala-actors-migration_2.11-1.1.0.jar;D:/MultiMC/libraries/org/scala-lang/scala-compiler/2.11.1/scala-compiler-2.11.1.jar;D:/MultiMC/libraries/org/scala-lang/plugins/scala-continuations-library_2.11/1.0.2/scala-continuations-library_2.11-1.0.2.jar;D:/MultiMC/libraries/org/scala-lang/plugins/scala-continuations-plugin_2.11.1/1.0.2/scala-continuations-plugin_2.11.1-1.0.2.jar;D:/MultiMC/libraries/org/scala-lang/scala-library/2.11.1/scala-library-2.11.1.jar;D:/MultiMC/libraries/org/scala-lang/scala-parser-combinators_2.11/1.0.1/scala-parser-combinators_2.11-1.0.1.jar;D:/MultiMC/libraries/org/scala-lang/scala-reflect/2.11.1/scala-reflect-2.11.1.jar;D:/MultiMC/libraries/org/scala-lang/scala-swing_2.11/1.0.1/scala-swing_2.11-1.0.1.jar;D:/MultiMC/libraries/org/scala-lang/scala-xml_2.11/1.0.2/scala-xml_2.11-1.0.2.jar;D:/MultiMC/libraries/lzma/lzma/0.0.1/lzma-0.0.1.jar;D:/MultiMC/libraries/java3d/vecmath/1.5.2/vecmath-1.5.2.jar;D:/MultiMC/libraries/net/sf/trove4j/trove4j/3.0.3/trove4j-3.0.3.jar;D:/MultiMC/libraries/com/mojang/minecraft/1.10.2/minecraft-1.10.2-client.jar org.multimc.EntryPoint"
  401.351 W QCoreApplication::postEvent: Unexpected null receiver
  405.037 D Component list save performed now for "НоваяЭра: UltraTech"
  420.081 D Task "NetJob(Status JSON)" started
  420.081 D Downloading  "http://status.mojang.com/check"
  420.222 D Download succeeded: "http://status.mojang.com/check"
  420.222 D Task "NetJob(Status JSON)" succeeded
  420.222 D Finished loading status JSON.
  420.223 D Status loading succeeded.
  480.083 D Task "NetJob(Status JSON)" started
  480.083 D Downloading  "http://status.mojang.com/check"
  480.224 D Download succeeded: "http://status.mojang.com/check"
  480.224 D Task "NetJob(Status JSON)" succeeded
  480.224 D Finished loading status JSON.
  480.224 D Status loading succeeded.
  521.173 D Task "LauncherPartLaunch(0x85df91c)" succeeded
  521.176 D Writing account list to "accounts.json"
  521.176 D Building JSON data structure.
  521.176 D Building account array.
  521.176 D Writing account list to file.
  521.176 D Saved account list to "accounts.json"
  521.177 W Account "slava.basser@mail.ru" is no longer in use.
  521.277 D Task "LaunchTask(0x885c1d0)" succeeded
  521.277 D Task "LaunchController(0x885c4a0)" succeeded
  540.081 D Task "NetJob(Status JSON)" started
  540.082 D Downloading  "http://status.mojang.com/check"
  540.230 D Download succeeded: "http://status.mojang.com/check"
  540.230 D Task "NetJob(Status JSON)" succeeded
  540.230 D Finished loading status JSON.
  540.230 D Status loading succeeded.
  600.085 D Task "NetJob(Status JSON)" started
  600.085 D Downloading  "http://status.mojang.com/check"
  600.232 D Download succeeded: "http://status.mojang.com/check"
  600.232 D Task "NetJob(Status JSON)" succeeded
  600.232 D Finished loading status JSON.
  600.232 D Status loading succeeded.
  660.090 D Task "NetJob(Status JSON)" started
  660.091 D Downloading  "http://status.mojang.com/check"
  660.245 D Download succeeded: "http://status.mojang.com/check"
  660.245 D Task "NetJob(Status JSON)" succeeded
  660.245 D Finished loading status JSON.
  660.245 D Status loading succeeded.
  720.091 D Task "NetJob(Status JSON)" started
  720.091 D Downloading  "http://status.mojang.com/check"
  720.243 D Download succeeded: "http://status.mojang.com/check"
  720.243 D Task "NetJob(Status JSON)" succeeded
  720.243 D Finished loading status JSON.
  720.243 D Status loading succeeded.
  780.084 D Task "NetJob(Status JSON)" started
  780.084 D Downloading  "http://status.mojang.com/check"
  780.225 D Download succeeded: "http://status.mojang.com/check"
  780.225 D Task "NetJob(Status JSON)" succeeded
  780.225 D Finished loading status JSON.
  780.225 D Status loading succeeded.
  840.086 D Task "NetJob(Status JSON)" started
  840.086 D Downloading  "http://status.mojang.com/check"
  840.229 D Download succeeded: "http://status.mojang.com/check"
  840.229 D Task "NetJob(Status JSON)" succeeded
  840.229 D Finished loading status JSON.
  840.229 D Status loading succeeded.
