[00:52:20] [User Authenticator #17/INFO]: UUID of player Mr_Relas is cf1728ee-51eb-4ca8-ad53-b051536dad41
[00:52:21] [Server thread/INFO]: Mr_Relas[/176.124.144.173:59980] logged in with entity id 1003469 at (-1503.43459823847, 69.0, -1229.6485702709701)
[00:52:21] [Server thread/INFO]: Mr_Relas joined the game
[01:07:23] [Server thread/WARN]: Mr_Relas moved wrongly!
[01:13:17] [Server thread/WARN]: Mr_Relas moved wrongly!
[01:13:36] [Server thread/WARN]: Mr_Relas moved wrongly!
[01:13:46] [Server thread/WARN]: Mr_Relas moved wrongly!
[01:18:03] [Server thread/INFO]: valoda_ fell from a high place
[01:18:21] [Server thread/INFO]: valoda_ lost connection: TranslatableComponent{key='disconnect.genericReason', args=[Internal Exception: java.io.IOException: Connection reset by peer], siblings=[], style=Style{hasParent=false, color=null, bold=null, italic=null, underlined=null, obfuscated=null, clickEvent=null, hoverEvent=null}}
[01:18:21] [Server thread/INFO]: valoda_ left the game
[01:22:02] [User Authenticator #18/INFO]: UUID of player valoda_ is 9a1b0648-3fa1-42a9-b1f8-ed587e808c21
[01:22:02] [Server thread/INFO]: valoda_[/46.39.54.114:54713] logged in with entity id 1086306 at (-1802.2663878442554, 63.0, 1506.6099620327616)
[01:22:02] [Server thread/INFO]: valoda_ joined the game
[01:24:08] [Server thread/INFO]: RoveRandom_13 lost connection: TranslatableComponent{key='disconnect.timeout', args=[], siblings=[], style=Style{hasParent=false, color=null, bold=null, italic=null, underlined=null, obfuscated=null, clickEvent=null, hoverEvent=null}}
[01:24:08] [Server thread/INFO]: RoveRandom_13 left the game
[01:26:46] [Server thread/WARN]: Mr_Relas moved wrongly!
[01:27:11] [User Authenticator #19/INFO]: UUID of player RoveRandom_13 is 49be113a-7aea-4aed-b89b-d1b4c5eae86a
[01:27:12] [Server thread/INFO]: RoveRandom_13[/62.176.13.184:54128] logged in with entity id 1109895 at (-1377.5682972519287, 69.0, 283.96024984708936)
[01:27:12] [Server thread/INFO]: RoveRandom_13 joined the game
[01:30:21] [Server thread/WARN]: Mr_Relas moved wrongly!
[01:35:44] [User Authenticator #20/INFO]: UUID of player Marginalines is 22ca738e-cc52-4da1-ae2a-5a0ff70e0e7a
[01:35:45] [Server thread/INFO]: Marginalines[/78.25.170.155:54734] logged in with entity id 1155313 at (-2969.3066231672706, 72.0, 733.2158436594748)
[01:35:45] [Server thread/INFO]: Marginalines joined the game
[01:35:58] [Server thread/INFO]: <Mr_Relas> Доброй ночи
[01:36:03] [Server thread/INFO]: <Marginalines> 0/
[01:42:55] [Server thread/INFO]: RoveRandom_13 lost connection: TranslatableComponent{key='disconnect.genericReason', args=[Internal Exception: java.io.IOException: Connection reset by peer], siblings=[], style=Style{hasParent=false, color=null, bold=null, italic=null, underlined=null, obfuscated=null, clickEvent=null, hoverEvent=null}}
[01:42:55] [Server thread/INFO]: RoveRandom_13 left the game
[01:45:25] [Server thread/INFO]: valoda_ lost connection: TranslatableComponent{key='disconnect.timeout', args=[], siblings=[], style=Style{hasParent=false, color=null, bold=null, italic=null, underlined=null, obfuscated=null, clickEvent=null, hoverEvent=null}}
[01:45:25] [Server thread/INFO]: valoda_ left the game
[01:46:54] [User Authenticator #21/INFO]: UUID of player valoda_ is 9a1b0648-3fa1-42a9-b1f8-ed587e808c21
[01:46:54] [Server thread/INFO]: valoda_[/46.39.54.114:37676] logged in with entity id 1199387 at (-1768.8508920717954, 67.65625, 1529.1851296110908)
[01:46:54] [Server thread/INFO]: valoda_ joined the game
[01:47:00] [User Authenticator #22/INFO]: UUID of player RoveRandom_13 is 49be113a-7aea-4aed-b89b-d1b4c5eae86a
[01:47:01] [Server thread/INFO]: RoveRandom_13[/62.176.13.184:10960] logged in with entity id 1201148 at (-1777.1235369133094, 69.0, 1518.5521510293697)
[01:47:01] [Server thread/INFO]: RoveRandom_13 joined the game
[01:47:09] [Server thread/INFO]: com.mojang.authlib.GameProfile@40ecc3c2[id=<null>,name=valoda_,properties={},legacy=false] (/46.39.54.114:18667) lost connection: Disconnected
[01:47:11] [Server thread/INFO]: com.mojang.authlib.GameProfile@46924d55[id=<null>,name=valoda_,properties={},legacy=false] (/46.39.54.114:12036) lost connection: Disconnected
[01:55:15] [Server thread/WARN]: Mr_Relas moved wrongly!
[01:55:25] [Server thread/INFO]: valoda_ has just earned the achievement [Find Spodumene Ore]
[01:55:35] [Server thread/WARN]: Mr_Relas moved wrongly!
[02:01:51] [Server thread/INFO]: <Mr_Relas> Маргенал что за фигня с билдкрафтом
[02:03:16] [Server thread/INFO]: <RoveRandom_13> denis mojesh v tc zautu?
[02:03:19] [Server thread/INFO]: <Mr_Relas> Что произошло с пасиками и трубами?
[02:03:47] [Server thread/INFO]: <Marginalines> Я хз, все завтра
[02:04:02] [Server thread/INFO]: <Marginalines> У вас вечно что-то происходит
[02:04:02] [Server thread/INFO]: Mr_Relas lost connection: TextComponent{text='Disconnected', siblings=[], style=Style{hasParent=false, color=null, bold=null, italic=null, underlined=null, obfuscated=null, clickEvent=null, hoverEvent=null}}
[02:04:02] [Server thread/INFO]: Mr_Relas left the game
[02:04:11] [User Authenticator #23/INFO]: UUID of player Mr_Relas is cf1728ee-51eb-4ca8-ad53-b051536dad41
[02:04:12] [Server thread/INFO]: Mr_Relas[/176.124.144.173:60404] logged in with entity id 1279114 at (-1513.4657459696853, 69.0, -1222.9488021008779)
[02:04:12] [Server thread/INFO]: Mr_Relas joined the game
[02:07:35] [Server thread/INFO]: <Mr_Relas> ппц
[02:10:09] [Server thread/INFO]: <Marginalines> Нафиг
[02:10:45] [Server thread/INFO]: <Marginalines> Я тут ОБС просто тестирую, поэтому резкий.
[02:10:56] [Server thread/INFO]: <Marginalines> Откуда нефть?
[02:11:04] [Server thread/INFO]: <RoveRandom_13> из бочки
[02:11:14] [Server thread/INFO]: <RoveRandom_13> с месторождений
[02:11:26] [Server thread/INFO]: <Marginalines> Забей потом
[02:14:19] [Server thread/INFO]: <Marginalines> Фак, что-то говно пока с этим ОБС выходит
[02:14:26] [Server thread/INFO]: <RoveRandom_13> дум?
[02:14:26] [Server thread/INFO]: <Marginalines> Шумит и рябит
[02:14:58] [Server thread/INFO]: <Mr_Relas> Странно
[02:27:57] [Server thread/WARN]: Mr_Relas moved wrongly!
[02:27:58] [Server thread/WARN]: Mr_Relas moved wrongly!
[02:32:29] [Server thread/WARN]: RoveRandom_13 moved wrongly!
[02:36:56] [Server thread/WARN]: Mr_Relas moved wrongly!
[02:42:17] [Server thread/WARN]: Mr_Relas moved wrongly!
[02:42:33] [Server thread/INFO]: RoveRandom_13 lost connection: TextComponent{text='Disconnected', siblings=[], style=Style{hasParent=false, color=null, bold=null, italic=null, underlined=null, obfuscated=null, clickEvent=null, hoverEvent=null}}
[02:42:33] [Server thread/INFO]: RoveRandom_13 left the game
[02:46:08] [User Authenticator #24/INFO]: UUID of player RoveRandom_13 is 49be113a-7aea-4aed-b89b-d1b4c5eae86a
[02:46:09] [Server thread/INFO]: RoveRandom_13[/62.176.13.184:8682] logged in with entity id 1452799 at (-763.5, 63.0, 824.5)
[02:46:09] [Server thread/INFO]: RoveRandom_13 joined the game
[02:52:11] [Server thread/INFO]: Marginalines lost connection: TextComponent{text='Disconnected', siblings=[], style=Style{hasParent=false, color=null, bold=null, italic=null, underlined=null, obfuscated=null, clickEvent=null, hoverEvent=null}}
[02:52:11] [Server thread/INFO]: Marginalines left the game
[02:52:17] [Server thread/WARN]: Mr_Relas moved wrongly!
[03:00:57] [Server thread/WARN]: Mr_Relas moved wrongly!
[03:07:55] [Server thread/WARN]: Mr_Relas moved wrongly!
[03:31:34] [Server thread/WARN]: Mr_Relas moved wrongly!
[03:37:33] [Server thread/WARN]: Mr_Relas moved wrongly!
[03:53:11] [Server thread/WARN]: Mr_Relas moved wrongly!
[03:59:34] [Server thread/INFO]: Mr_Relas lost connection: TextComponent{text='Disconnected', siblings=[], style=Style{hasParent=false, color=null, bold=null, italic=null, underlined=null, obfuscated=null, clickEvent=null, hoverEvent=null}}
[03:59:34] [Server thread/INFO]: Mr_Relas left the game
[04:06:07] [Server thread/INFO]: valoda_ lost connection: TextComponent{text='Disconnected', siblings=[], style=Style{hasParent=false, color=null, bold=null, italic=null, underlined=null, obfuscated=null, clickEvent=null, hoverEvent=null}}
[04:06:07] [Server thread/INFO]: valoda_ left the game
[04:12:26] [User Authenticator #25/INFO]: UUID of player valoda_ is 9a1b0648-3fa1-42a9-b1f8-ed587e808c21
[04:12:27] [Server thread/INFO]: valoda_[/46.39.54.114:59944] logged in with entity id 1665194 at (-1784.1585395108164, 68.0, 1510.724319312722)
[04:12:27] [Server thread/INFO]: valoda_ joined the game
[04:14:05] [Server thread/INFO]: valoda_ lost connection: TextComponent{text='Disconnected', siblings=[], style=Style{hasParent=false, color=null, bold=null, italic=null, underlined=null, obfuscated=null, clickEvent=null, hoverEvent=null}}
[04:14:05] [Server thread/INFO]: valoda_ left the game
[05:03:47] [Server thread/WARN]: RoveRandom_13 moved wrongly!
[05:35:11] [Server thread/INFO]: RoveRandom_13 lost connection: TranslatableComponent{key='disconnect.timeout', args=[], siblings=[], style=Style{hasParent=false, color=null, bold=null, italic=null, underlined=null, obfuscated=null, clickEvent=null, hoverEvent=null}}
[05:35:11] [Server thread/INFO]: RoveRandom_13 left the game
[05:37:08] [User Authenticator #26/INFO]: UUID of player RoveRandom_13 is 49be113a-7aea-4aed-b89b-d1b4c5eae86a
[05:37:09] [Server thread/INFO]: RoveRandom_13[/62.176.13.184:8680] logged in with entity id 1712388 at (-1498.559884978181, 71.0, -1292.0335756516477)
[05:37:09] [Server thread/INFO]: RoveRandom_13 joined the game
[05:42:11] [User Authenticator #27/INFO]: UUID of player Archengius is 4bdba267-1479-449a-8ae4-d1957dd39f29
[05:42:13] [Server thread/INFO]: Archengius[/176.49.4.172:49984] logged in with entity id 1717511 at (-1748.6569020450115, 65.2531999805212, 1545.602375537157)
[05:42:13] [Server thread/INFO]: Archengius joined the game
[05:51:42] [Server thread/INFO]: RoveRandom_13 was slain by Magma Cube
[05:51:54] [Server thread/INFO]: <Archengius> Хай.
[05:51:59] [Server thread/INFO]: <RoveRandom_13> 1
[05:52:01] [Server thread/INFO]: <RoveRandom_13> q
[05:52:27] [Server thread/INFO]: <Archengius> zzz?
[05:52:38] [Server thread/INFO]: <RoveRandom_13> nemogy
[05:52:43] [Server thread/INFO]: <Archengius> Ok
[05:55:12] [Server thread/INFO]: <Archengius> У тебя нобля нет?
[05:55:15] [Server thread/INFO]: <RoveRandom_13> yt
[05:55:17] [Server thread/INFO]: <Archengius> А то кто-то неудачник.
[05:55:17] [Server thread/INFO]: <RoveRandom_13> ne
[05:55:25] [Server thread/INFO]: <Archengius> =(
[05:58:34] [Server thread/INFO]: RoveRandom_13 lost connection: TextComponent{text='Disconnected', siblings=[], style=Style{hasParent=false, color=null, bold=null, italic=null, underlined=null, obfuscated=null, clickEvent=null, hoverEvent=null}}
[05:58:34] [Server thread/INFO]: RoveRandom_13 left the game
[06:02:26] [User Authenticator #28/INFO]: UUID of player valoda_ is 9a1b0648-3fa1-42a9-b1f8-ed587e808c21
[06:02:27] [Server thread/INFO]: valoda_[/46.39.54.114:8149] logged in with entity id 1763078 at (-1783.1354535928579, 68.0, 1511.2408267306625)
[06:02:27] [Server thread/INFO]: valoda_ joined the game
[06:02:38] [Server thread/INFO]: <Archengius> v tees
[06:06:34] [Server thread/WARN]: Fetching addPacket for removed entity
[06:43:16] [Server thread/WARN]: valoda_ moved wrongly!
[06:44:04] [Server thread/INFO]: valoda_ lost connection: TranslatableComponent{key='disconnect.timeout', args=[], siblings=[], style=Style{hasParent=false, color=null, bold=null, italic=null, underlined=null, obfuscated=null, clickEvent=null, hoverEvent=null}}
[06:44:04] [Server thread/INFO]: valoda_ left the game
[06:48:20] [User Authenticator #29/INFO]: UUID of player valoda_ is 9a1b0648-3fa1-42a9-b1f8-ed587e808c21
[06:48:20] [Server thread/INFO]: valoda_[/46.39.54.114:39343] logged in with entity id 1826463 at (-1772.1348177254274, 63.0, 1538.9558082197702)
[06:48:20] [Server thread/INFO]: valoda_ joined the game
[06:50:58] [Server thread/INFO]: valoda_ was slain by Archengius using [§fKing Slime Rapier]
[06:52:05] [Server thread/INFO]: Archengius was slain by valoda_ using [§fManyullyn Rapier]
[06:52:05] [Server thread/INFO]: valoda_ was slain by Archengius
[06:58:28] [Server thread/WARN]: Archengius moved wrongly!
[07:05:55] [Server thread/INFO]: <Archengius> 24 + 16
[07:12:21] [Server thread/INFO]: valoda_ burned to death
[07:35:16] [Server thread/INFO]: Server Backup started!
[07:35:16] [Server thread/INFO]: Turned off world auto-saving
[07:35:16] [Server thread/INFO]: Saving...
[07:35:16] [Server thread/INFO]: Saved the world
[07:37:12] [Thread-34/INFO]: Server backup done in 00:01:55! (2.6GB | 15.0GB)
[07:37:12] [Server thread/INFO]: Turned on world auto-saving
[07:39:29] [Server thread/INFO]: Archengius was slain by valoda_ using [§fManyullyn Rapier]
[07:41:51] [Server thread/INFO]: Archengius was slain by valoda_ using [§fManyullyn Rapier]
[07:41:56] [Server thread/INFO]: valoda_ was slain by Archengius
[07:46:42] [Server thread/INFO]: valoda_ was slain by Archengius using [§fKing Slime Rapier]
[07:49:24] [Server thread/INFO]: valoda_ was slain by Archengius using [§fKing Slime Rapier]
[07:52:11] [Server thread/INFO]: valoda_ was burnt to a crisp whilst fighting Zombie
[07:53:45] [Server thread/INFO]: [Archengius: Teleported Archengius to valoda_]
[07:53:48] [Server thread/INFO]: valoda_ was slain by Archengius using [§fKing Slime Rapier]
[07:53:58] [Server thread/INFO]: [Archengius: Teleported valoda_ to Archengius]
[08:40:26] [User Authenticator #30/INFO]: UUID of player RoveRandom_13 is 49be113a-7aea-4aed-b89b-d1b4c5eae86a
[08:40:27] [Server thread/INFO]: RoveRandom_13[/62.176.13.184:16787] logged in with entity id 1989900 at (-1505.5897735909255, 69.0, -1244.4107872567724)
[08:40:27] [Server thread/INFO]: RoveRandom_13 joined the game
[08:46:52] [Server thread/INFO]: <RoveRandom_13> volod' est' zeml9 s mesta aktivacii sigili?
[08:55:14] [Server thread/INFO]: <RoveRandom_13> володяя
[08:56:00] [Server thread/INFO]: <RoveRandom_13> дракон?
[09:10:40] [Server thread/INFO]: valoda_ was slain by Archengius using [§fKing Slime Rapier]
[09:10:53] [Server thread/INFO]: <RoveRandom_13> володь
[09:11:06] [Server thread/INFO]: <valoda_> ?
[09:11:16] [Server thread/INFO]: <RoveRandom_13> 1снежок надо
[09:11:19] [Server thread/INFO]: <RoveRandom_13> мне
[09:11:26] [Server thread/INFO]: <valoda_> нету
[09:11:34] [Server thread/INFO]: <RoveRandom_13> снеговик же есть
[09:11:41] [Server thread/INFO]: <RoveRandom_13> недает?
[09:11:46] [Server thread/INFO]: Archengius was slain by valoda_ using [§fManyullyn Rapier]
[09:11:57] [Server thread/INFO]: <Archengius> Есть у нас семечки
[09:12:00] [Server thread/INFO]: <Archengius> Тьфу
[09:12:02] [Server thread/INFO]: <Archengius> Снежки
[09:12:10] [Server thread/INFO]: <RoveRandom_13> все дошло снежный цветок
[09:12:19] [Server thread/INFO]: <RoveRandom_13> вроде дает
[09:13:07] [Server thread/INFO]: Archengius was slain by valoda_ using [§fManyullyn Rapier]
[09:15:18] [Server thread/INFO]: Archengius was slain by valoda_ using [§fManyullyn Rapier]
[09:18:17] [Server thread/INFO]: Archengius was slain by valoda_ using [§fManyullyn Rapier]
[09:18:22] [Server thread/INFO]: valoda_ fell from a high place
[09:18:58] [Server thread/INFO]: valoda_ was slain by Archengius using [§fKing Slime Rapier]
[09:20:08] [Server thread/INFO]: valoda_ was slain by Archengius using [§fKing Slime Rapier]
[09:30:11] [Server thread/WARN]: valoda_ moved wrongly!
[09:32:14] [Server thread/INFO]: valoda_ was slain by Archengius
[09:38:53] [Server thread/INFO]: Archengius was slain by valoda_ using [§fManyullyn Rapier]
[09:39:16] [Server thread/INFO]: valoda_ was slain by Archengius
[09:56:23] [User Authenticator #31/INFO]: UUID of player TrowthePlow is 105d78ad-4ceb-473f-915e-efa42ba236c6
[09:56:24] [Server thread/INFO]: TrowthePlow[/94.143.246.159:1414] logged in with entity id 2169868 at (-2521.3731441287373, 64.0, 1596.5371159150923)
[09:56:24] [Server thread/INFO]: TrowthePlow joined the game
[09:59:43] [Server thread/INFO]: <TrowthePlow> время идет, люди не меняются ._.
[10:00:08] [Server thread/INFO]: <RoveRandom_13> какие
[10:00:32] [Server thread/INFO]: <Archengius> Сунгурообразные
[10:00:43] [Server thread/INFO]: <RoveRandom_13> ремех?
[10:00:49] [Server thread/INFO]: <RoveRandom_13> а не
[10:00:52] [Server thread/INFO]: <valoda_> кекмех
[10:00:54] [Server thread/INFO]: <RoveRandom_13> н ж гурьев
[10:01:03] [Server thread/INFO]: <RoveRandom_13> не?
[10:01:07] [Server thread/INFO]: <Archengius> Да
[10:01:16] [Server thread/INFO]: <Archengius> Сунгуров - это наша ложь
[10:01:36] [Server thread/INFO]: <TrowthePlow> я праведный жи
[10:01:50] [Server thread/INFO]: <TrowthePlow> меня надо холить и лелеять
[10:02:27] [Server thread/INFO]: <TrowthePlow> ты уж определись
[10:03:08] [Server thread/INFO]: <TrowthePlow> а вы знаете, что дракон *пипипипи*
[10:03:12] [Server thread/INFO]: <TrowthePlow> и *пипипипипи*
[10:03:18] [Server thread/INFO]: <TrowthePlow> *пииипипипипи*
[10:03:31] [Server thread/INFO]: <valoda_> запикано
[10:03:43] [Server thread/INFO]: <TrowthePlow> теперь можно поесть бутербродег
[10:03:46] [Server thread/INFO]: <TrowthePlow> кыш
[10:04:06] [Server thread/INFO]: <valoda_> пвп лил зассал?
[10:04:15] [Server thread/INFO]: <valoda_> или*
[10:04:24] [Server thread/INFO]: <TrowthePlow> ГРИФЕРЯТ, ПАМАГИТЕ
[10:04:36] [Server thread/INFO]: <TrowthePlow> я все маме расскажу
[10:05:09] [Server thread/INFO]: <valoda_> подарок отдракона
[10:10:54] [Server thread/INFO]: valoda_ was slain by Archengius
[10:11:53] [Server thread/INFO]: <Archengius> zezeze
[10:14:42] [Server thread/INFO]: valoda_ was slain by Archengius
[10:15:03] [Server thread/INFO]: valoda_ was slain by Archengius using [§fKing Slime Rapier]
[10:16:04] [Server thread/INFO]: TrowthePlow lost connection: TextComponent{text='Disconnected', siblings=[], style=Style{hasParent=false, color=null, bold=null, italic=null, underlined=null, obfuscated=null, clickEvent=null, hoverEvent=null}}
[10:16:04] [Server thread/INFO]: TrowthePlow left the game
[10:16:45] [Server thread/INFO]: valoda_ was slain by Archengius using [§fKing Slime Rapier]
[10:16:51] [User Authenticator #32/INFO]: UUID of player TrowthePlow is 105d78ad-4ceb-473f-915e-efa42ba236c6
[10:16:52] [Server thread/INFO]: TrowthePlow[/94.143.246.159:1412] logged in with entity id 2240669 at (-766.3286358823705, 128.0, -432.3690622916527)
[10:16:52] [Server thread/INFO]: TrowthePlow joined the game
[10:21:36] [Server thread/WARN]: RoveRandom_13 moved wrongly!
[10:25:18] [Server thread/WARN]: RoveRandom_13 moved wrongly!
[10:33:03] [Server thread/INFO]: TrowthePlow lost connection: TextComponent{text='Disconnected', siblings=[], style=Style{hasParent=false, color=null, bold=null, italic=null, underlined=null, obfuscated=null, clickEvent=null, hoverEvent=null}}
[10:33:03] [Server thread/INFO]: TrowthePlow left the game
[10:42:26] [Server thread/INFO]: <RoveRandom_13> volod' nyjna pomosh po taum
[10:42:31] [Server thread/INFO]: <RoveRandom_13> TC
[10:46:44] [Server thread/INFO]: valoda_ was slain by Archengius
[10:51:03] [User Authenticator #33/INFO]: UUID of player TrowthePlow is 105d78ad-4ceb-473f-915e-efa42ba236c6
[10:51:04] [Server thread/INFO]: TrowthePlow[/94.143.246.159:1412] logged in with entity id 2350410 at (-2519.348329095797, 64.0, 1603.6531923813145)
[10:51:04] [Server thread/INFO]: TrowthePlow joined the game
[10:52:31] [Server thread/INFO]: valoda_ was slain by Archengius
[10:54:56] [Server thread/INFO]: <TrowthePlow> кто снизошел до вас
[10:55:28] [Server thread/INFO]: <TrowthePlow> уж кто бы говорил
[10:55:32] [Server thread/INFO]: <TrowthePlow> "пусть он говорит"
[10:55:54] [Server thread/INFO]: <TrowthePlow> сам бы разговаривал с произвольным народом)
[10:56:11] [Server thread/INFO]: <TrowthePlow> а что, стесняешься голоса, с которым тебе жить?
[10:57:25] [Server thread/INFO]: <TrowthePlow> ломай их киркой
[10:57:30] [Server thread/INFO]: [Archengius: Teleported Archengius to valoda_]
[10:57:41] [Server thread/INFO]: valoda_ was slain by Archengius
[10:57:54] [Server thread/INFO]: <TrowthePlow> пример легкой манипуляции драконом
[10:59:39] [Server thread/WARN]: Archengius moved wrongly!
[11:00:54] [Server thread/INFO]: <TrowthePlow> 100 рублей
[11:01:16] [Server thread/INFO]: <TrowthePlow> володя, хочешь я заговорю?
[11:01:24] [Server thread/INFO]: <TrowthePlow> подари builders wand
[11:01:42] [Server thread/INFO]: <TrowthePlow> даст, но не тем и по голове
[11:01:47] [Server thread/INFO]: <TrowthePlow> просто подарите)
[11:01:58] [Server thread/INFO]: <TrowthePlow> а то в воздухе зависать не могу
[11:02:02] [Server thread/INFO]: <TrowthePlow> печалька
[11:03:32] [Server thread/WARN]: Fetching addPacket for removed entity
[11:04:25] [Server thread/INFO]: RoveRandom_13 has just earned the achievement [Time to Mine!]
[11:04:25] [Server thread/INFO]: RoveRandom_13 has just earned the achievement [Getting an Upgrade]
[11:05:33] [Server thread/INFO]: valoda_ was slain by Archengius
[11:07:45] [Server thread/INFO]: <TrowthePlow> профессиональная смена темы)
[11:09:48] [Server thread/INFO]: <TrowthePlow> один не ломает ульи, другой не читерит...
[11:11:20] [Server thread/INFO]: [Archengius: Teleported Archengius to valoda_]
[11:14:31] [Server thread/INFO]: <Archengius> not zzz
[11:15:27] [Server thread/INFO]: [Archengius: Teleported Archengius to valoda_]
[11:16:09] [Server thread/INFO]: <TrowthePlow> нет
[11:21:35] [Server thread/INFO]: valoda_ was burnt to a crisp whilst fighting Hellhound
[11:22:30] [Server thread/INFO]: <TrowthePlow> он на 1.6.4 играл
[11:22:44] [Server thread/INFO]: <TrowthePlow> там только слепой не спалил
[11:23:05] [Server thread/INFO]: <TrowthePlow> ну, а я всего-то термоядом строил оформление дверей
[11:23:08] [Server thread/INFO]: <TrowthePlow> в нексусе
[11:23:35] [Server thread/INFO]: <TrowthePlow> мне тогда надо было вспомнить гречку четвертую, чего я успешно добился
[11:23:40] [Server thread/INFO]: <TrowthePlow> а дальше пофигу
[11:23:51] [Server thread/INFO]: <TrowthePlow> для ее логики и части рецептов
[11:24:33] [Server thread/WARN]: Archengius moved wrongly!
[11:27:38] [Server thread/INFO]: <TrowthePlow> посчитай сначала раз 5
[11:34:45] [Server thread/INFO]: Archengius was slain by valoda_ using [§fManyullyn Rapier]
[11:35:25] [Server thread/INFO]: valoda_ was slain by Archengius
[11:36:27] [Server thread/INFO]: valoda_ was burnt to a crisp whilst fighting Archengius
[11:41:53] [Server thread/INFO]: <TrowthePlow> zz please
[11:42:00] [Server thread/INFO]: <TrowthePlow> строить мешает
[11:42:09] [Server thread/INFO]: <TrowthePlow> тогда ливни
[11:42:11] [Server thread/INFO]: <TrowthePlow> как мужик
[11:42:32] [Server thread/INFO]: <TrowthePlow> отгораживаться от идиотов
[11:42:49] [Server thread/INFO]: <TrowthePlow> камень
[11:42:52] [Server thread/INFO]: <TrowthePlow> поджечт
[11:43:24] [Server thread/INFO]: <TrowthePlow> чтобы отгораживаться от идиотов, достаточно им дать стену и сидеть спокойно
[11:43:31] [Server thread/INFO]: <TrowthePlow> пока они ей заняты
[11:44:19] [Server thread/INFO]: <TrowthePlow> я ж не читераст
[11:45:10] [Server thread/INFO]: <TrowthePlow> входа ведь по-любому не будет
[11:45:14] [Server thread/INFO]: <TrowthePlow> инфа 100%
[11:45:24] [Server thread/INFO]: <TrowthePlow> УЖАС-ТО КАКОООЙ
[11:47:13] [Server thread/INFO]: <TrowthePlow> у вас талант не палиться
[11:48:01] [Server thread/INFO]: <TrowthePlow> анонимное собрание?
[11:48:06] [Server thread/INFO]: <TrowthePlow> удачи
[11:48:10] [Server thread/INFO]: valoda_ lost connection: TranslatableComponent{key='disconnect.genericReason', args=[Internal Exception: java.io.IOException: Connection reset by peer], siblings=[], style=Style{hasParent=false, color=null, bold=null, italic=null, underlined=null, obfuscated=null, clickEvent=null, hoverEvent=null}}
[11:48:10] [Server thread/INFO]: valoda_ left the game
[11:51:57] [User Authenticator #34/INFO]: UUID of player valoda_ is 9a1b0648-3fa1-42a9-b1f8-ed587e808c21
[11:51:58] [Server thread/INFO]: valoda_[/46.39.54.114:54098] logged in with entity id 2702205 at (-1956.2099645733251, 81.0, 1496.9976884962493)
[11:51:58] [Server thread/INFO]: valoda_ joined the game
[11:52:02] [Server thread/WARN]: RoveRandom_13 moved wrongly!
[11:54:04] [Server thread/INFO]: RoveRandom_13 lost connection: TranslatableComponent{key='disconnect.timeout', args=[], siblings=[], style=Style{hasParent=false, color=null, bold=null, italic=null, underlined=null, obfuscated=null, clickEvent=null, hoverEvent=null}}
[11:54:04] [Server thread/INFO]: RoveRandom_13 left the game
[12:00:13] [User Authenticator #35/INFO]: UUID of player RoveRandom_13 is 49be113a-7aea-4aed-b89b-d1b4c5eae86a
[12:00:16] [Server thread/INFO]: RoveRandom_13[/62.176.13.184:48933] logged in with entity id 2727662 at (-747.098672206434, 61.264906674744076, 1320.2787239496265)
[12:00:16] [Server thread/INFO]: RoveRandom_13 joined the game
[12:00:32] [Server thread/INFO]: RoveRandom_13 was slain by Zombie
[12:08:02] [Server thread/INFO]: RoveRandom_13 lost connection: TextComponent{text='Disconnected', siblings=[], style=Style{hasParent=false, color=null, bold=null, italic=null, underlined=null, obfuscated=null, clickEvent=null, hoverEvent=null}}
[12:08:02] [Server thread/INFO]: RoveRandom_13 left the game
[12:35:51] [Server thread/INFO]: TrowthePlow lost connection: TextComponent{text='Disconnected', siblings=[], style=Style{hasParent=false, color=null, bold=null, italic=null, underlined=null, obfuscated=null, clickEvent=null, hoverEvent=null}}
[12:35:51] [Server thread/INFO]: TrowthePlow left the game
[12:37:10] [Server thread/WARN]: valoda_ moved wrongly!
[12:39:38] [User Authenticator #36/INFO]: UUID of player Marginalines is 22ca738e-cc52-4da1-ae2a-5a0ff70e0e7a
[12:39:38] [Server thread/INFO]: Marginalines[/78.25.170.155:50086] logged in with entity id 2831807 at (-3021.300735735217, 71.0, 756.1963099413239)
[12:39:38] [Server thread/INFO]: Marginalines joined the game
[12:40:19] [Server thread/WARN]: valoda_ moved wrongly!
[12:40:49] [Server thread/INFO]: <Marginalines> 0/
[12:40:52] [Server thread/INFO]: <valoda_> qq
[12:40:54] [Server thread/INFO]: <Archengius> Hi
[12:49:16] [Server thread/WARN]: Archengius moved wrongly!
[12:55:05] [Server thread/INFO]: <Marginalines> Я думаю, буду стримить на Ютуб, а не на Твия
[12:55:25] [Server thread/INFO]: <Archengius> И когда?
[12:55:33] [Server thread/INFO]: <Marginalines> Вечером сегодня
[12:55:46] [Server thread/INFO]: <Archengius> Это через сколько? =/
[12:55:51] [Server thread/INFO]: <Marginalines> Это ХЗ
[13:02:13] [Server thread/INFO]: Marginalines lost connection: TextComponent{text='Disconnected', siblings=[], style=Style{hasParent=false, color=null, bold=null, italic=null, underlined=null, obfuscated=null, clickEvent=null, hoverEvent=null}}
[13:02:13] [Server thread/INFO]: Marginalines left the game
[13:23:36] [User Authenticator #37/INFO]: UUID of player Marginalines is 22ca738e-cc52-4da1-ae2a-5a0ff70e0e7a
[13:23:37] [Server thread/INFO]: Marginalines[/78.25.170.155:50677] logged in with entity id 2962614 at (-3015.5080767068603, 70.0, 758.8859136521073)
[13:23:37] [Server thread/INFO]: Marginalines joined the game
[13:31:40] [Server thread/INFO]: valoda_ was slain by Hellhound
[13:38:02] [Server thread/WARN]: valoda_ moved wrongly!
[13:38:46] [Server thread/WARN]: Archengius moved wrongly!
