    0.067 D <> Log initialized.
    0.067 D MultiMC 5, (c) 2013-2017 MultiMC Contributors
    0.068 D Version                    :  "0.6.1-1177"
    0.068 D Git commit                 :  "595d1571802b7d7ec1128a92a653f2ed7bdabb3c"
    0.068 D Git refspec                :  "refs/heads/stable"
    0.068 D Work dir before adjustment :  "D:/OldRix/OldRix Client v2.3 License"
    0.068 D Work dir after adjustment  :  "D:/OldRix/OldRix Client v2.3 License"
    0.068 D Adjusted by                :  "Fallback to binary path D:/OldRix/OldRix Client v2.3 License"
    0.068 D Binary path                :  "D:/OldRix/OldRix Client v2.3 License"
    0.068 D Application root path      :  "D:/OldRix/OldRix Client v2.3 License"
    0.068 D <> Paths set.
    0.080 D Detected default console font: "Courier" , substitutions: ""
    0.081 D <> Settings loaded.
    0.111 D Loading Application Language File for ru ...
    0.111 D Your language is "ru"
    0.111 D <> Translations loaded.
    0.111 D <> Updater started.
    0.113 D Started watching  "D:/OldRix/OldRix Client v2.3 License/icons"
    0.133 D <> Instance icons intialized.
    0.158 D <> Icon themes initialized.
    0.158 D ""
    0.158 D Loading theme "custom"
    0.164 D <> Widget themes initialized.
    0.164 D Instance path              :  "instances"
    0.166 D Loading Instances...
    0.167 D Found instance ID "НоваяЭра- UltraHardcore"
    0.168 D Found instance ID "НоваяЭра- UltraTech"
    0.174 D Loaded instance  "НоваяЭра: UltraHardcore"  from  "D:/OldRix/OldRix Client v2.3 License/instances/НоваяЭра- UltraHardcore"
    0.179 D Loaded instance  "НоваяЭра: UltraTech"  from  "D:/OldRix/OldRix Client v2.3 License/instances/НоваяЭра- UltraTech"
    0.179 D <> Instances loaded.
    0.179 D Loading accounts...
    0.179 C "Failed to read the account list file (accounts.json)."
    0.179 D <> Accounts loaded.
    0.196 D <> Cache initialized.
    0.196 D Detecting proxy settings...
    0.197 D Using no proxy is an option!
    0.197 D <> Proxy settings done.
    0.197 D Downloading Translations Index...
    0.197 D Task "NetJob(Translations Index)" started
    0.211 D <> Icon theme set.
    0.211 D <> Application theme set.
    0.211 D <> Initialized analytics with tid "UA-87731965-2"
    0.479 W QMetaObject::connectSlotsByName: No matching signal for on_actionInstanceSettings_triggered()
    0.495 D Task "NetJob(Status JSON)" started
    0.513 D Reloading news.
    0.513 D Task "NetJob(News RSS Feed)" started
    0.514 D Checking for updates.
    0.514 D Channel list isn't loaded yet. Loading channel list and deferring update check.
    0.514 D Loading the channel list.
    0.514 D Task "NetJob(Update System Channel List)" started
    0.514 D Task "NetJob(Checking for notifications)" started
    0.614 D Viewport size "838x563"
    0.614 D RAM size is 16329 MB
    0.614 D [Analytics] "ScreenView: Main Window"
    0.614 D <> Main window shown.
    0.615 D Task "NetJob(Translations Index)" succeeded
    0.615 D Got translations index!
    0.616 D Task "NetJob(Translation for ru)" started
    0.616 D Download cache hit  "http://files.multimc.org/translations/index"
    0.617 D Downloading  "http://status.mojang.com/check"
    1.421 D Downloading  "http://multimc.org/rss.xml"
    1.421 D Downloading  "http://files.multimc.org/update/win32/channels.json"
    1.422 D Downloading  "http://files.multimc.org/notifications.json"
    1.454 D Downloading  "http://files.multimc.org/translations/ru.qm"
    2.350 D Download succeeded: "http://files.multimc.org/translations/ru.qm"
    2.351 D Task "NetJob(Translation for ru)" succeeded
    2.351 D Got translation: "ru"
    2.351 D Loading Application Language File for ru ...
    2.384 D Location header: QUrl("https://multimc.org/rss.xml")
    2.384 D Following redirect to  "https://multimc.org/rss.xml"
    2.384 D Downloading  "https://multimc.org/rss.xml"
    2.385 D Download redirected: "https://multimc.org/rss.xml"
    2.416 D Loading the channel list.
    2.416 D Ignoring channel list update request. Already grabbing channel list.
    2.601 D Download succeeded: "http://files.multimc.org/update/win32/channels.json"
    2.601 D Task "NetJob(Update System Channel List)" succeeded
    2.601 D Successfully loaded UpdateChecker channel list.
    2.601 D Checking for updates.
    2.601 D m_repoUrl =  "http://files.multimc.org/update/win32/stable/"
    2.601 D Task "NetJob(GoUpdate Repository Index)" started
    2.601 D Selected index 0 channel id "stable"
    2.602 D Download succeeded: "http://files.multimc.org/notifications.json"
    2.631 D Task "NetJob(Checking for notifications)" succeeded
    2.631 D Download succeeded: "http://status.mojang.com/check"
    2.631 D Task "NetJob(Status JSON)" succeeded
    2.631 D Finished loading status JSON.
    2.631 D Status loading succeeded.
    2.642 D Downloading  "http://files.multimc.org/update/win32/stable/index.json"
    2.718 D Download succeeded: "http://files.multimc.org/update/win32/stable/index.json"
    2.718 D Task "NetJob(GoUpdate Repository Index)" succeeded
    2.718 D Finished downloading repo index. Checking for new versions.
    2.719 D Processing repository version list.
    2.793 D Download succeeded: "https://multimc.org/rss.xml"
    2.793 D Task "NetJob(News RSS Feed)" succeeded
    2.793 D Finished loading RSS feed.
    2.795 D Loaded news entry "MultiMC 0.6.1 released!"
    2.795 D Loaded news entry "MultiMC 0.6.0 released!"
    2.795 D Loaded news entry "Introducing the Archive"
    2.795 D Loaded news entry "MultiMC 0.5.1 - Bugfixes"
    2.795 D Loaded news entry "MultiMC 0.5.0 - Running multiple instances at the same time!"
    2.795 D Loaded news entry "Update to 0.4.11 - OSX 10.7 fix and workaround for Minecraft 1.9 compatibility"
    2.795 D Loaded news entry "Update to 0.4.10 - Another wifi fix"
    2.796 D Loaded news entry "Update to 0.4.9 - the Windows wifi fix"
    2.796 D Loaded news entry "Update to 0.4.8"
    2.796 D Loaded news entry "Update to 0.4.7, what 0.4.6 should have been."
    2.796 D Loaded news entry "Update to 0.4.6, Bug fixes and improvements!"
    2.796 D Loaded news entry "Update to 0.4.5, Translations, Themes, and Technic"
    2.796 D Loaded news entry "Version 0.4 out - Jar mods, UI changes, and more!"
    2.796 D Loaded news entry "Introducing QuickMods - A better way to install mods"
    2.796 D Loaded news entry "Support us on Patreon!"
    2.797 D Loaded news entry "Heartbleed Vulnerability Update (fixed!)"
    2.797 D Loaded news entry "Announcing MultiMC 6"
    2.797 D Loaded news entry "MultiMC 5 - 0.3 update"
    2.797 D Loaded news entry "First official MultiMC 5 release!"
    2.797 D Loaded news entry "MultiMC Status Update"
    2.797 D News loading succeeded.
    4.835 D Paged dialog close requested
    4.836 D Analytics enabled by user.
    4.836 D Paged dialog close approved
    4.836 D Paged dialog geometry saved
    4.862 D Found instance ID "НоваяЭра- UltraHardcore"
    4.862 D Found instance ID "НоваяЭра- UltraTech"
    4.862 D Should keep and soft-reload "НоваяЭра- UltraHardcore"
    4.862 D Should keep and soft-reload "НоваяЭра- UltraTech"
